-- Found ament_cmake: 0.9.9 (/opt/ros/foxy/share/ament_cmake/cmake)
-- Found PythonInterp: /usr/bin/python3 (found suitable version "3.8.10", minimum required is "3") 
-- Using PYTHON_EXECUTABLE: /usr/bin/python3
-- Found rosidl_default_generators: 1.0.1 (/opt/ros/foxy/share/rosidl_default_generators/cmake)
-- Using all available rosidl_typesupport_c: rosidl_typesupport_fastrtps_c;rosidl_typesupport_introspection_c
-- Found rosidl_adapter: 1.2.1 (/opt/ros/foxy/share/rosidl_adapter/cmake)
-- Using all available rosidl_typesupport_cpp: rosidl_typesupport_fastrtps_cpp;rosidl_typesupport_introspection_cpp
-- Found PythonInterp: /usr/bin/python3 (found version "3.8.10") 
-- Found ament_cmake_ros: 0.9.2 (/opt/ros/foxy/share/ament_cmake_ros/cmake)
-- Using all available rosidl_typesupport_c: rosidl_typesupport_fastrtps_c;rosidl_typesupport_introspection_c
-- Using all available rosidl_typesupport_cpp: rosidl_typesupport_fastrtps_cpp;rosidl_typesupport_introspection_cpp
-- Found PythonInterp: /usr/bin/python3 (found suitable version "3.8.10", minimum required is "3.5") 
-- Found python_cmake_module: 0.8.1 (/opt/ros/foxy/share/python_cmake_module/cmake)
-- Using PYTHON_EXECUTABLE: /usr/bin/python3
-- Using PYTHON_INCLUDE_DIRS: /usr/include/python3.8
-- Using PYTHON_LIBRARIES: /usr/lib/x86_64-linux-gnu/libpython3.8.so
-- Configuring done
-- Generating done
-- Build files have been written to: /home/erik/armnode_ws/src/arm_interfaces/build/arm_interfaces
[  2%] [34m[1mGenerating C code for ROS interfaces[0m
[35m[1mScanning dependencies of target arm_interfaces__cpp[0m
[  5%] [34m[1mGenerating C++ code for ROS interfaces[0m
[  5%] Built target arm_interfaces__cpp
[  7%] [34m[1mGenerating C++ type support dispatch for ROS interfaces[0m
[ 10%] [34m[1mGenerating C++ introspection for ROS interfaces[0m
[ 12%] [34m[1mGenerating C++ type support for eProsima Fast-RTPS[0m
[35m[1mScanning dependencies of target arm_interfaces__rosidl_generator_c[0m
[ 17%] [32mBuilding C object CMakeFiles/arm_interfaces__rosidl_generator_c.dir/rosidl_generator_c/arm_interfaces/msg/detail/live_tune__functions.c.o[0m
[ 17%] [32mBuilding C object CMakeFiles/arm_interfaces__rosidl_generator_c.dir/rosidl_generator_c/arm_interfaces/msg/detail/six_floats__functions.c.o[0m
[ 20%] [32m[1mLinking C shared library libarm_interfaces__rosidl_generator_c.so[0m
[ 20%] Built target arm_interfaces__rosidl_generator_c
[ 25%] [34m[1mGenerating C introspection for ROS interfaces[0m
[ 25%] [34m[1mGenerating C type support dispatch for ROS interfaces[0m
[35m[1mScanning dependencies of target arm_interfaces__rosidl_typesupport_cpp[0m
[ 28%] [32mBuilding CXX object CMakeFiles/arm_interfaces__rosidl_typesupport_cpp.dir/rosidl_typesupport_cpp/arm_interfaces/msg/six_floats__type_support.cpp.o[0m
[ 30%] [32mBuilding CXX object CMakeFiles/arm_interfaces__rosidl_typesupport_cpp.dir/rosidl_typesupport_cpp/arm_interfaces/msg/live_tune__type_support.cpp.o[0m
[35m[1mScanning dependencies of target arm_interfaces__rosidl_typesupport_fastrtps_cpp[0m
[ 33%] [32mBuilding CXX object CMakeFiles/arm_interfaces__rosidl_typesupport_fastrtps_cpp.dir/rosidl_typesupport_fastrtps_cpp/arm_interfaces/msg/detail/dds_fastrtps/live_tune__type_support.cpp.o[0m
[ 35%] [32mBuilding CXX object CMakeFiles/arm_interfaces__rosidl_typesupport_fastrtps_cpp.dir/rosidl_typesupport_fastrtps_cpp/arm_interfaces/msg/detail/dds_fastrtps/six_floats__type_support.cpp.o[0m
[35m[1mScanning dependencies of target arm_interfaces__rosidl_typesupport_introspection_cpp[0m
[ 38%] [32mBuilding CXX object CMakeFiles/arm_interfaces__rosidl_typesupport_introspection_cpp.dir/rosidl_typesupport_introspection_cpp/arm_interfaces/msg/detail/live_tune__type_support.cpp.o[0m
[ 41%] [32mBuilding CXX object CMakeFiles/arm_interfaces__rosidl_typesupport_introspection_cpp.dir/rosidl_typesupport_introspection_cpp/arm_interfaces/msg/detail/six_floats__type_support.cpp.o[0m
[35m[1mScanning dependencies of target arm_interfaces__rosidl_typesupport_c[0m
[ 43%] [32mBuilding CXX object CMakeFiles/arm_interfaces__rosidl_typesupport_c.dir/rosidl_typesupport_c/arm_interfaces/msg/six_floats__type_support.cpp.o[0m
[ 46%] [32mBuilding CXX object CMakeFiles/arm_interfaces__rosidl_typesupport_c.dir/rosidl_typesupport_c/arm_interfaces/msg/live_tune__type_support.cpp.o[0m
[35m[1mScanning dependencies of target arm_interfaces__rosidl_typesupport_introspection_c[0m
[ 48%] [32m[1mLinking CXX shared library libarm_interfaces__rosidl_typesupport_c.so[0m
[ 51%] [32mBuilding C object CMakeFiles/arm_interfaces__rosidl_typesupport_introspection_c.dir/rosidl_typesupport_introspection_c/arm_interfaces/msg/detail/six_floats__type_support.c.o[0m
[ 53%] [32mBuilding C object CMakeFiles/arm_interfaces__rosidl_typesupport_introspection_c.dir/rosidl_typesupport_introspection_c/arm_interfaces/msg/detail/live_tune__type_support.c.o[0m
[ 53%] Built target arm_interfaces__rosidl_typesupport_c
[ 58%] [32m[1mLinking C shared library libarm_interfaces__rosidl_typesupport_introspection_c.so[0m
[ 58%] [32m[1mLinking CXX shared library libarm_interfaces__rosidl_typesupport_cpp.so[0m
[ 58%] Built target arm_interfaces__rosidl_typesupport_introspection_c
[ 58%] Built target arm_interfaces__rosidl_typesupport_cpp
[ 61%] [32m[1mLinking CXX shared library libarm_interfaces__rosidl_typesupport_introspection_cpp.so[0m
[ 61%] Built target arm_interfaces__rosidl_typesupport_introspection_cpp
[ 64%] [32m[1mLinking CXX shared library libarm_interfaces__rosidl_typesupport_fastrtps_cpp.so[0m
[ 64%] Built target arm_interfaces__rosidl_typesupport_fastrtps_cpp
[ 66%] [34m[1mGenerating C type support for eProsima Fast-RTPS[0m
[35m[1mScanning dependencies of target arm_interfaces__rosidl_typesupport_fastrtps_c[0m
[ 69%] [32mBuilding CXX object CMakeFiles/arm_interfaces__rosidl_typesupport_fastrtps_c.dir/rosidl_typesupport_fastrtps_c/arm_interfaces/msg/detail/six_floats__type_support_c.cpp.o[0m
[ 71%] [32mBuilding CXX object CMakeFiles/arm_interfaces__rosidl_typesupport_fastrtps_c.dir/rosidl_typesupport_fastrtps_c/arm_interfaces/msg/detail/live_tune__type_support_c.cpp.o[0m
[ 74%] [32m[1mLinking CXX shared library libarm_interfaces__rosidl_typesupport_fastrtps_c.so[0m
[ 74%] Built target arm_interfaces__rosidl_typesupport_fastrtps_c
[ 74%] Built target arm_interfaces
[35m[1mScanning dependencies of target arm_interfaces__py[0m
[ 76%] [34m[1mGenerating Python code for ROS interfaces[0m
[ 76%] Built target arm_interfaces__py
[35m[1mScanning dependencies of target arm_interfaces__python[0m
[ 82%] [32mBuilding C object CMakeFiles/arm_interfaces__python.dir/rosidl_generator_py/arm_interfaces/msg/_six_floats_s.c.o[0m
[ 82%] [32mBuilding C object CMakeFiles/arm_interfaces__python.dir/rosidl_generator_py/arm_interfaces/msg/_live_tune_s.c.o[0m
[ 84%] [32m[1mLinking C shared library rosidl_generator_py/arm_interfaces/libarm_interfaces__python.so[0m
[ 84%] Built target arm_interfaces__python
[35m[1mScanning dependencies of target arm_interfaces__rosidl_typesupport_c__pyext[0m
[35m[1mScanning dependencies of target arm_interfaces__rosidl_typesupport_introspection_c__pyext[0m
[35m[1mScanning dependencies of target arm_interfaces__rosidl_typesupport_fastrtps_c__pyext[0m
[ 87%] [32mBuilding C object CMakeFiles/arm_interfaces__rosidl_typesupport_c__pyext.dir/rosidl_generator_py/arm_interfaces/_arm_interfaces_s.ep.rosidl_typesupport_c.c.o[0m
[ 89%] [32mBuilding C object CMakeFiles/arm_interfaces__rosidl_typesupport_introspection_c__pyext.dir/rosidl_generator_py/arm_interfaces/_arm_interfaces_s.ep.rosidl_typesupport_introspection_c.c.o[0m
[ 92%] [32mBuilding C object CMakeFiles/arm_interfaces__rosidl_typesupport_fastrtps_c__pyext.dir/rosidl_generator_py/arm_interfaces/_arm_interfaces_s.ep.rosidl_typesupport_fastrtps_c.c.o[0m
[ 94%] [32m[1mLinking C shared library rosidl_generator_py/arm_interfaces/arm_interfaces_s__rosidl_typesupport_c.cpython-38-x86_64-linux-gnu.so[0m
[ 97%] [32m[1mLinking C shared library rosidl_generator_py/arm_interfaces/arm_interfaces_s__rosidl_typesupport_introspection_c.cpython-38-x86_64-linux-gnu.so[0m
[100%] [32m[1mLinking CXX shared library rosidl_generator_py/arm_interfaces/arm_interfaces_s__rosidl_typesupport_fastrtps_c.cpython-38-x86_64-linux-gnu.so[0m
[100%] Built target arm_interfaces__rosidl_typesupport_introspection_c__pyext
[100%] Built target arm_interfaces__rosidl_typesupport_c__pyext
[100%] Built target arm_interfaces__rosidl_typesupport_fastrtps_c__pyext
-- Install configuration: ""
-- Installing: /home/erik/armnode_ws/src/arm_interfaces/install/arm_interfaces/share/ament_index/resource_index/rosidl_interfaces/arm_interfaces
-- Up-to-date: /home/erik/armnode_ws/src/arm_interfaces/install/arm_interfaces/include/arm_interfaces
-- Up-to-date: /home/erik/armnode_ws/src/arm_interfaces/install/arm_interfaces/include/arm_interfaces/msg
-- Up-to-date: /home/erik/armnode_ws/src/arm_interfaces/install/arm_interfaces/include/arm_interfaces/msg/detail
-- Installing: /home/erik/armnode_ws/src/arm_interfaces/install/arm_interfaces/include/arm_interfaces/msg/detail/live_tune__functions.c
-- Up-to-date: /home/erik/armnode_ws/src/arm_interfaces/install/arm_interfaces/include/arm_interfaces/msg/detail/arm_voltages__type_support.h
-- Installing: /home/erik/armnode_ws/src/arm_interfaces/install/arm_interfaces/include/arm_interfaces/msg/detail/six_floats__struct.h
-- Installing: /home/erik/armnode_ws/src/arm_interfaces/install/arm_interfaces/include/arm_interfaces/msg/detail/live_tune__functions.h
-- Up-to-date: /home/erik/armnode_ws/src/arm_interfaces/install/arm_interfaces/include/arm_interfaces/msg/detail/arm_voltages__functions.h
-- Installing: /home/erik/armnode_ws/src/arm_interfaces/install/arm_interfaces/include/arm_interfaces/msg/detail/live_tune__struct.h
-- Installing: /home/erik/armnode_ws/src/arm_interfaces/install/arm_interfaces/include/arm_interfaces/msg/detail/six_floats__functions.h
-- Up-to-date: /home/erik/armnode_ws/src/arm_interfaces/install/arm_interfaces/include/arm_interfaces/msg/detail/arm_voltages__functions.c
-- Up-to-date: /home/erik/armnode_ws/src/arm_interfaces/install/arm_interfaces/include/arm_interfaces/msg/detail/arm_voltages__struct.h
-- Installing: /home/erik/armnode_ws/src/arm_interfaces/install/arm_interfaces/include/arm_interfaces/msg/detail/live_tune__type_support.h
-- Installing: /home/erik/armnode_ws/src/arm_interfaces/install/arm_interfaces/include/arm_interfaces/msg/detail/six_floats__type_support.h
-- Installing: /home/erik/armnode_ws/src/arm_interfaces/install/arm_interfaces/include/arm_interfaces/msg/detail/six_floats__functions.c
-- Installing: /home/erik/armnode_ws/src/arm_interfaces/install/arm_interfaces/include/arm_interfaces/msg/live_tune.h
-- Installing: /home/erik/armnode_ws/src/arm_interfaces/install/arm_interfaces/include/arm_interfaces/msg/six_floats.h
-- Up-to-date: /home/erik/armnode_ws/src/arm_interfaces/install/arm_interfaces/include/arm_interfaces/msg/arm_voltages.h
-- Up-to-date: /home/erik/armnode_ws/src/arm_interfaces/install/arm_interfaces/include/arm_interfaces/msg/rosidl_generator_c__visibility_control.h
-- Up-to-date: /home/erik/armnode_ws/src/arm_interfaces/install/arm_interfaces/share/arm_interfaces/environment/library_path.sh
-- Installing: /home/erik/armnode_ws/src/arm_interfaces/install/arm_interfaces/share/arm_interfaces/environment/library_path.dsv
-- Installing: /home/erik/armnode_ws/src/arm_interfaces/install/arm_interfaces/lib/libarm_interfaces__rosidl_generator_c.so
-- Set runtime path of "/home/erik/armnode_ws/src/arm_interfaces/install/arm_interfaces/lib/libarm_interfaces__rosidl_generator_c.so" to ""
-- Up-to-date: /home/erik/armnode_ws/src/arm_interfaces/install/arm_interfaces/include/arm_interfaces
-- Up-to-date: /home/erik/armnode_ws/src/arm_interfaces/install/arm_interfaces/include/arm_interfaces/msg
-- Up-to-date: /home/erik/armnode_ws/src/arm_interfaces/install/arm_interfaces/include/arm_interfaces/msg/detail
-- Up-to-date: /home/erik/armnode_ws/src/arm_interfaces/install/arm_interfaces/include/arm_interfaces/msg/detail/arm_voltages__rosidl_typesupport_fastrtps_c.h
-- Installing: /home/erik/armnode_ws/src/arm_interfaces/install/arm_interfaces/include/arm_interfaces/msg/detail/live_tune__rosidl_typesupport_fastrtps_c.h
-- Installing: /home/erik/armnode_ws/src/arm_interfaces/install/arm_interfaces/include/arm_interfaces/msg/detail/six_floats__rosidl_typesupport_fastrtps_c.h
-- Up-to-date: /home/erik/armnode_ws/src/arm_interfaces/install/arm_interfaces/include/arm_interfaces/msg/rosidl_typesupport_fastrtps_c__visibility_control.h
-- Installing: /home/erik/armnode_ws/src/arm_interfaces/install/arm_interfaces/lib/libarm_interfaces__rosidl_typesupport_fastrtps_c.so
-- Set runtime path of "/home/erik/armnode_ws/src/arm_interfaces/install/arm_interfaces/lib/libarm_interfaces__rosidl_typesupport_fastrtps_c.so" to ""
-- Up-to-date: /home/erik/armnode_ws/src/arm_interfaces/install/arm_interfaces/include/arm_interfaces
-- Up-to-date: /home/erik/armnode_ws/src/arm_interfaces/install/arm_interfaces/include/arm_interfaces/msg
-- Up-to-date: /home/erik/armnode_ws/src/arm_interfaces/install/arm_interfaces/include/arm_interfaces/msg/detail
-- Up-to-date: /home/erik/armnode_ws/src/arm_interfaces/install/arm_interfaces/include/arm_interfaces/msg/detail/dds_fastrtps
-- Installing: /home/erik/armnode_ws/src/arm_interfaces/install/arm_interfaces/include/arm_interfaces/msg/detail/six_floats__rosidl_typesupport_fastrtps_cpp.hpp
-- Up-to-date: /home/erik/armnode_ws/src/arm_interfaces/install/arm_interfaces/include/arm_interfaces/msg/detail/arm_voltages__rosidl_typesupport_fastrtps_cpp.hpp
-- Installing: /home/erik/armnode_ws/src/arm_interfaces/install/arm_interfaces/include/arm_interfaces/msg/detail/live_tune__rosidl_typesupport_fastrtps_cpp.hpp
-- Up-to-date: /home/erik/armnode_ws/src/arm_interfaces/install/arm_interfaces/include/arm_interfaces/msg/rosidl_typesupport_fastrtps_cpp__visibility_control.h
-- Installing: /home/erik/armnode_ws/src/arm_interfaces/install/arm_interfaces/lib/libarm_interfaces__rosidl_typesupport_fastrtps_cpp.so
-- Set runtime path of "/home/erik/armnode_ws/src/arm_interfaces/install/arm_interfaces/lib/libarm_interfaces__rosidl_typesupport_fastrtps_cpp.so" to ""
-- Up-to-date: /home/erik/armnode_ws/src/arm_interfaces/install/arm_interfaces/include/arm_interfaces
-- Up-to-date: /home/erik/armnode_ws/src/arm_interfaces/install/arm_interfaces/include/arm_interfaces/msg
-- Up-to-date: /home/erik/armnode_ws/src/arm_interfaces/install/arm_interfaces/include/arm_interfaces/msg/detail
-- Installing: /home/erik/armnode_ws/src/arm_interfaces/install/arm_interfaces/include/arm_interfaces/msg/detail/six_floats__type_support.c
-- Installing: /home/erik/armnode_ws/src/arm_interfaces/install/arm_interfaces/include/arm_interfaces/msg/detail/live_tune__type_support.c
-- Installing: /home/erik/armnode_ws/src/arm_interfaces/install/arm_interfaces/include/arm_interfaces/msg/detail/live_tune__rosidl_typesupport_introspection_c.h
-- Up-to-date: /home/erik/armnode_ws/src/arm_interfaces/install/arm_interfaces/include/arm_interfaces/msg/detail/arm_voltages__type_support.c
-- Up-to-date: /home/erik/armnode_ws/src/arm_interfaces/install/arm_interfaces/include/arm_interfaces/msg/detail/arm_voltages__rosidl_typesupport_introspection_c.h
-- Installing: /home/erik/armnode_ws/src/arm_interfaces/install/arm_interfaces/include/arm_interfaces/msg/detail/six_floats__rosidl_typesupport_introspection_c.h
-- Up-to-date: /home/erik/armnode_ws/src/arm_interfaces/install/arm_interfaces/include/arm_interfaces/msg/rosidl_typesupport_introspection_c__visibility_control.h
-- Installing: /home/erik/armnode_ws/src/arm_interfaces/install/arm_interfaces/lib/libarm_interfaces__rosidl_typesupport_introspection_c.so
-- Set runtime path of "/home/erik/armnode_ws/src/arm_interfaces/install/arm_interfaces/lib/libarm_interfaces__rosidl_typesupport_introspection_c.so" to ""
-- Installing: /home/erik/armnode_ws/src/arm_interfaces/install/arm_interfaces/lib/libarm_interfaces__rosidl_typesupport_c.so
-- Set runtime path of "/home/erik/armnode_ws/src/arm_interfaces/install/arm_interfaces/lib/libarm_interfaces__rosidl_typesupport_c.so" to ""
-- Up-to-date: /home/erik/armnode_ws/src/arm_interfaces/install/arm_interfaces/include/arm_interfaces
-- Up-to-date: /home/erik/armnode_ws/src/arm_interfaces/install/arm_interfaces/include/arm_interfaces/msg
-- Up-to-date: /home/erik/armnode_ws/src/arm_interfaces/install/arm_interfaces/include/arm_interfaces/msg/detail
-- Up-to-date: /home/erik/armnode_ws/src/arm_interfaces/install/arm_interfaces/include/arm_interfaces/msg/detail/arm_voltages__struct.hpp
-- Up-to-date: /home/erik/armnode_ws/src/arm_interfaces/install/arm_interfaces/include/arm_interfaces/msg/detail/arm_voltages__traits.hpp
-- Installing: /home/erik/armnode_ws/src/arm_interfaces/install/arm_interfaces/include/arm_interfaces/msg/detail/six_floats__traits.hpp
-- Installing: /home/erik/armnode_ws/src/arm_interfaces/install/arm_interfaces/include/arm_interfaces/msg/detail/live_tune__builder.hpp
-- Installing: /home/erik/armnode_ws/src/arm_interfaces/install/arm_interfaces/include/arm_interfaces/msg/detail/six_floats__struct.hpp
-- Installing: /home/erik/armnode_ws/src/arm_interfaces/install/arm_interfaces/include/arm_interfaces/msg/detail/live_tune__struct.hpp
-- Installing: /home/erik/armnode_ws/src/arm_interfaces/install/arm_interfaces/include/arm_interfaces/msg/detail/six_floats__builder.hpp
-- Up-to-date: /home/erik/armnode_ws/src/arm_interfaces/install/arm_interfaces/include/arm_interfaces/msg/detail/arm_voltages__builder.hpp
-- Installing: /home/erik/armnode_ws/src/arm_interfaces/install/arm_interfaces/include/arm_interfaces/msg/detail/live_tune__traits.hpp
-- Installing: /home/erik/armnode_ws/src/arm_interfaces/install/arm_interfaces/include/arm_interfaces/msg/six_floats.hpp
-- Installing: /home/erik/armnode_ws/src/arm_interfaces/install/arm_interfaces/include/arm_interfaces/msg/live_tune.hpp
-- Up-to-date: /home/erik/armnode_ws/src/arm_interfaces/install/arm_interfaces/include/arm_interfaces/msg/arm_voltages.hpp
-- Up-to-date: /home/erik/armnode_ws/src/arm_interfaces/install/arm_interfaces/include/arm_interfaces
-- Up-to-date: /home/erik/armnode_ws/src/arm_interfaces/install/arm_interfaces/include/arm_interfaces/msg
-- Up-to-date: /home/erik/armnode_ws/src/arm_interfaces/install/arm_interfaces/include/arm_interfaces/msg/detail
-- Up-to-date: /home/erik/armnode_ws/src/arm_interfaces/install/arm_interfaces/include/arm_interfaces/msg/detail/arm_voltages__type_support.cpp
-- Installing: /home/erik/armnode_ws/src/arm_interfaces/install/arm_interfaces/include/arm_interfaces/msg/detail/six_floats__rosidl_typesupport_introspection_cpp.hpp
-- Installing: /home/erik/armnode_ws/src/arm_interfaces/install/arm_interfaces/include/arm_interfaces/msg/detail/six_floats__type_support.cpp
-- Up-to-date: /home/erik/armnode_ws/src/arm_interfaces/install/arm_interfaces/include/arm_interfaces/msg/detail/arm_voltages__rosidl_typesupport_introspection_cpp.hpp
-- Installing: /home/erik/armnode_ws/src/arm_interfaces/install/arm_interfaces/include/arm_interfaces/msg/detail/live_tune__rosidl_typesupport_introspection_cpp.hpp
-- Installing: /home/erik/armnode_ws/src/arm_interfaces/install/arm_interfaces/include/arm_interfaces/msg/detail/live_tune__type_support.cpp
-- Installing: /home/erik/armnode_ws/src/arm_interfaces/install/arm_interfaces/lib/libarm_interfaces__rosidl_typesupport_introspection_cpp.so
-- Set runtime path of "/home/erik/armnode_ws/src/arm_interfaces/install/arm_interfaces/lib/libarm_interfaces__rosidl_typesupport_introspection_cpp.so" to ""
-- Installing: /home/erik/armnode_ws/src/arm_interfaces/install/arm_interfaces/lib/libarm_interfaces__rosidl_typesupport_cpp.so
-- Set runtime path of "/home/erik/armnode_ws/src/arm_interfaces/install/arm_interfaces/lib/libarm_interfaces__rosidl_typesupport_cpp.so" to ""
-- Up-to-date: /home/erik/armnode_ws/src/arm_interfaces/install/arm_interfaces/share/arm_interfaces/environment/pythonpath.sh
-- Installing: /home/erik/armnode_ws/src/arm_interfaces/install/arm_interfaces/share/arm_interfaces/environment/pythonpath.dsv
-- Installing: /home/erik/armnode_ws/src/arm_interfaces/install/arm_interfaces/lib/python3.8/site-packages/arm_interfaces/__init__.py
Compiling '/home/erik/armnode_ws/src/arm_interfaces/install/arm_interfaces/lib/python3.8/site-packages/arm_interfaces/__init__.py'...
-- Up-to-date: /home/erik/armnode_ws/src/arm_interfaces/install/arm_interfaces/lib/python3.8/site-packages/arm_interfaces/msg
-- Installing: /home/erik/armnode_ws/src/arm_interfaces/install/arm_interfaces/lib/python3.8/site-packages/arm_interfaces/msg/_six_floats_s.c
-- Up-to-date: /home/erik/armnode_ws/src/arm_interfaces/install/arm_interfaces/lib/python3.8/site-packages/arm_interfaces/msg/_arm_voltages.py
-- Installing: /home/erik/armnode_ws/src/arm_interfaces/install/arm_interfaces/lib/python3.8/site-packages/arm_interfaces/msg/_live_tune.py
-- Installing: /home/erik/armnode_ws/src/arm_interfaces/install/arm_interfaces/lib/python3.8/site-packages/arm_interfaces/msg/__init__.py
-- Installing: /home/erik/armnode_ws/src/arm_interfaces/install/arm_interfaces/lib/python3.8/site-packages/arm_interfaces/msg/_six_floats.py
-- Installing: /home/erik/armnode_ws/src/arm_interfaces/install/arm_interfaces/lib/python3.8/site-packages/arm_interfaces/msg/_live_tune_s.c
-- Up-to-date: /home/erik/armnode_ws/src/arm_interfaces/install/arm_interfaces/lib/python3.8/site-packages/arm_interfaces/msg/_arm_voltages_s.c
-- Installing: /home/erik/armnode_ws/src/arm_interfaces/install/arm_interfaces/lib/python3.8/site-packages/arm_interfaces/arm_interfaces_s__rosidl_typesupport_fastrtps_c.cpython-38-x86_64-linux-gnu.so
-- Set runtime path of "/home/erik/armnode_ws/src/arm_interfaces/install/arm_interfaces/lib/python3.8/site-packages/arm_interfaces/arm_interfaces_s__rosidl_typesupport_fastrtps_c.cpython-38-x86_64-linux-gnu.so" to ""
-- Installing: /home/erik/armnode_ws/src/arm_interfaces/install/arm_interfaces/lib/python3.8/site-packages/arm_interfaces/arm_interfaces_s__rosidl_typesupport_introspection_c.cpython-38-x86_64-linux-gnu.so
-- Set runtime path of "/home/erik/armnode_ws/src/arm_interfaces/install/arm_interfaces/lib/python3.8/site-packages/arm_interfaces/arm_interfaces_s__rosidl_typesupport_introspection_c.cpython-38-x86_64-linux-gnu.so" to ""
-- Installing: /home/erik/armnode_ws/src/arm_interfaces/install/arm_interfaces/lib/python3.8/site-packages/arm_interfaces/arm_interfaces_s__rosidl_typesupport_c.cpython-38-x86_64-linux-gnu.so
-- Set runtime path of "/home/erik/armnode_ws/src/arm_interfaces/install/arm_interfaces/lib/python3.8/site-packages/arm_interfaces/arm_interfaces_s__rosidl_typesupport_c.cpython-38-x86_64-linux-gnu.so" to ""
-- Installing: /home/erik/armnode_ws/src/arm_interfaces/install/arm_interfaces/lib/libarm_interfaces__python.so
-- Set runtime path of "/home/erik/armnode_ws/src/arm_interfaces/install/arm_interfaces/lib/libarm_interfaces__python.so" to ""
-- Installing: /home/erik/armnode_ws/src/arm_interfaces/install/arm_interfaces/share/arm_interfaces/msg/SixFloats.idl
-- Up-to-date: /home/erik/armnode_ws/src/arm_interfaces/install/arm_interfaces/share/arm_interfaces/msg/LiveTune.idl
-- Installing: /home/erik/armnode_ws/src/arm_interfaces/install/arm_interfaces/share/arm_interfaces/msg/SixFloats.msg
-- Up-to-date: /home/erik/armnode_ws/src/arm_interfaces/install/arm_interfaces/share/arm_interfaces/msg/LiveTune.msg
-- Up-to-date: /home/erik/armnode_ws/src/arm_interfaces/install/arm_interfaces/share/ament_index/resource_index/package_run_dependencies/arm_interfaces
-- Up-to-date: /home/erik/armnode_ws/src/arm_interfaces/install/arm_interfaces/share/ament_index/resource_index/parent_prefix_path/arm_interfaces
-- Up-to-date: /home/erik/armnode_ws/src/arm_interfaces/install/arm_interfaces/share/arm_interfaces/environment/ament_prefix_path.sh
-- Installing: /home/erik/armnode_ws/src/arm_interfaces/install/arm_interfaces/share/arm_interfaces/environment/ament_prefix_path.dsv
-- Up-to-date: /home/erik/armnode_ws/src/arm_interfaces/install/arm_interfaces/share/arm_interfaces/environment/path.sh
-- Installing: /home/erik/armnode_ws/src/arm_interfaces/install/arm_interfaces/share/arm_interfaces/environment/path.dsv
-- Up-to-date: /home/erik/armnode_ws/src/arm_interfaces/install/arm_interfaces/share/arm_interfaces/local_setup.bash
-- Up-to-date: /home/erik/armnode_ws/src/arm_interfaces/install/arm_interfaces/share/arm_interfaces/local_setup.sh
-- Up-to-date: /home/erik/armnode_ws/src/arm_interfaces/install/arm_interfaces/share/arm_interfaces/local_setup.zsh
-- Installing: /home/erik/armnode_ws/src/arm_interfaces/install/arm_interfaces/share/arm_interfaces/local_setup.dsv
-- Installing: /home/erik/armnode_ws/src/arm_interfaces/install/arm_interfaces/share/arm_interfaces/package.dsv
-- Up-to-date: /home/erik/armnode_ws/src/arm_interfaces/install/arm_interfaces/share/ament_index/resource_index/packages/arm_interfaces
-- Up-to-date: /home/erik/armnode_ws/src/arm_interfaces/install/arm_interfaces/share/arm_interfaces/cmake/arm_interfaces__rosidl_generator_cExport.cmake
-- Installing: /home/erik/armnode_ws/src/arm_interfaces/install/arm_interfaces/share/arm_interfaces/cmake/arm_interfaces__rosidl_generator_cExport-noconfig.cmake
-- Up-to-date: /home/erik/armnode_ws/src/arm_interfaces/install/arm_interfaces/share/arm_interfaces/cmake/arm_interfaces__rosidl_typesupport_introspection_cExport.cmake
-- Installing: /home/erik/armnode_ws/src/arm_interfaces/install/arm_interfaces/share/arm_interfaces/cmake/arm_interfaces__rosidl_typesupport_introspection_cExport-noconfig.cmake
-- Up-to-date: /home/erik/armnode_ws/src/arm_interfaces/install/arm_interfaces/share/arm_interfaces/cmake/arm_interfaces__rosidl_typesupport_cExport.cmake
-- Installing: /home/erik/armnode_ws/src/arm_interfaces/install/arm_interfaces/share/arm_interfaces/cmake/arm_interfaces__rosidl_typesupport_cExport-noconfig.cmake
-- Up-to-date: /home/erik/armnode_ws/src/arm_interfaces/install/arm_interfaces/share/arm_interfaces/cmake/arm_interfaces__rosidl_generator_cppExport.cmake
-- Up-to-date: /home/erik/armnode_ws/src/arm_interfaces/install/arm_interfaces/share/arm_interfaces/cmake/arm_interfaces__rosidl_typesupport_introspection_cppExport.cmake
-- Installing: /home/erik/armnode_ws/src/arm_interfaces/install/arm_interfaces/share/arm_interfaces/cmake/arm_interfaces__rosidl_typesupport_introspection_cppExport-noconfig.cmake
-- Up-to-date: /home/erik/armnode_ws/src/arm_interfaces/install/arm_interfaces/share/arm_interfaces/cmake/arm_interfaces__rosidl_typesupport_cppExport.cmake
-- Installing: /home/erik/armnode_ws/src/arm_interfaces/install/arm_interfaces/share/arm_interfaces/cmake/arm_interfaces__rosidl_typesupport_cppExport-noconfig.cmake
-- Installing: /home/erik/armnode_ws/src/arm_interfaces/install/arm_interfaces/share/arm_interfaces/cmake/rosidl_cmake-extras.cmake
-- Up-to-date: /home/erik/armnode_ws/src/arm_interfaces/install/arm_interfaces/share/arm_interfaces/cmake/ament_cmake_export_dependencies-extras.cmake
-- Up-to-date: /home/erik/armnode_ws/src/arm_interfaces/install/arm_interfaces/share/arm_interfaces/cmake/ament_cmake_export_libraries-extras.cmake
-- Up-to-date: /home/erik/armnode_ws/src/arm_interfaces/install/arm_interfaces/share/arm_interfaces/cmake/ament_cmake_export_targets-extras.cmake
-- Up-to-date: /home/erik/armnode_ws/src/arm_interfaces/install/arm_interfaces/share/arm_interfaces/cmake/ament_cmake_export_include_directories-extras.cmake
-- Up-to-date: /home/erik/armnode_ws/src/arm_interfaces/install/arm_interfaces/share/arm_interfaces/cmake/rosidl_cmake_export_typesupport_libraries-extras.cmake
-- Up-to-date: /home/erik/armnode_ws/src/arm_interfaces/install/arm_interfaces/share/arm_interfaces/cmake/rosidl_cmake_export_typesupport_targets-extras.cmake
-- Up-to-date: /home/erik/armnode_ws/src/arm_interfaces/install/arm_interfaces/share/arm_interfaces/cmake/arm_interfacesConfig.cmake
-- Up-to-date: /home/erik/armnode_ws/src/arm_interfaces/install/arm_interfaces/share/arm_interfaces/cmake/arm_interfacesConfig-version.cmake
-- Up-to-date: /home/erik/armnode_ws/src/arm_interfaces/install/arm_interfaces/share/arm_interfaces/package.xml
