[  2%] Built target arm_interfaces__cpp
[ 12%] Built target arm_interfaces__rosidl_generator_c
[ 23%] Built target arm_interfaces__rosidl_typesupport_cpp
[ 33%] Built target arm_interfaces__rosidl_typesupport_introspection_cpp
[ 43%] Built target arm_interfaces__rosidl_typesupport_fastrtps_cpp
[ 53%] Built target arm_interfaces__rosidl_typesupport_c
[ 64%] Built target arm_interfaces__rosidl_typesupport_introspection_c
[ 74%] Built target arm_interfaces__rosidl_typesupport_fastrtps_c
[ 74%] Built target arm_interfaces
[ 76%] Built target arm_interfaces__py
[ 84%] Built target arm_interfaces__python
[100%] Built target arm_interfaces__rosidl_typesupport_introspection_c__pyext
[100%] Built target arm_interfaces__rosidl_typesupport_fastrtps_c__pyext
[100%] Built target arm_interfaces__rosidl_typesupport_c__pyext
-- Install configuration: ""
-- Up-to-date: /home/erik/armnode_ws/install/arm_interfaces/share/ament_index/resource_index/rosidl_interfaces/arm_interfaces
-- Up-to-date: /home/erik/armnode_ws/install/arm_interfaces/include/arm_interfaces
-- Up-to-date: /home/erik/armnode_ws/install/arm_interfaces/include/arm_interfaces/msg
-- Up-to-date: /home/erik/armnode_ws/install/arm_interfaces/include/arm_interfaces/msg/detail
-- Up-to-date: /home/erik/armnode_ws/install/arm_interfaces/include/arm_interfaces/msg/detail/live_tune__functions.c
-- Up-to-date: /home/erik/armnode_ws/install/arm_interfaces/include/arm_interfaces/msg/detail/six_floats__struct.h
-- Up-to-date: /home/erik/armnode_ws/install/arm_interfaces/include/arm_interfaces/msg/detail/live_tune__functions.h
-- Up-to-date: /home/erik/armnode_ws/install/arm_interfaces/include/arm_interfaces/msg/detail/live_tune__struct.h
-- Up-to-date: /home/erik/armnode_ws/install/arm_interfaces/include/arm_interfaces/msg/detail/six_floats__functions.h
-- Up-to-date: /home/erik/armnode_ws/install/arm_interfaces/include/arm_interfaces/msg/detail/live_tune__type_support.h
-- Up-to-date: /home/erik/armnode_ws/install/arm_interfaces/include/arm_interfaces/msg/detail/six_floats__type_support.h
-- Up-to-date: /home/erik/armnode_ws/install/arm_interfaces/include/arm_interfaces/msg/detail/six_floats__functions.c
-- Up-to-date: /home/erik/armnode_ws/install/arm_interfaces/include/arm_interfaces/msg/live_tune.h
-- Up-to-date: /home/erik/armnode_ws/install/arm_interfaces/include/arm_interfaces/msg/six_floats.h
-- Up-to-date: /home/erik/armnode_ws/install/arm_interfaces/include/arm_interfaces/msg/rosidl_generator_c__visibility_control.h
-- Up-to-date: /home/erik/armnode_ws/install/arm_interfaces/share/arm_interfaces/environment/library_path.sh
-- Up-to-date: /home/erik/armnode_ws/install/arm_interfaces/share/arm_interfaces/environment/library_path.dsv
-- Up-to-date: /home/erik/armnode_ws/install/arm_interfaces/lib/libarm_interfaces__rosidl_generator_c.so
-- Up-to-date: /home/erik/armnode_ws/install/arm_interfaces/include/arm_interfaces
-- Up-to-date: /home/erik/armnode_ws/install/arm_interfaces/include/arm_interfaces/msg
-- Up-to-date: /home/erik/armnode_ws/install/arm_interfaces/include/arm_interfaces/msg/detail
-- Up-to-date: /home/erik/armnode_ws/install/arm_interfaces/include/arm_interfaces/msg/detail/live_tune__rosidl_typesupport_fastrtps_c.h
-- Up-to-date: /home/erik/armnode_ws/install/arm_interfaces/include/arm_interfaces/msg/detail/six_floats__rosidl_typesupport_fastrtps_c.h
-- Up-to-date: /home/erik/armnode_ws/install/arm_interfaces/include/arm_interfaces/msg/rosidl_typesupport_fastrtps_c__visibility_control.h
-- Up-to-date: /home/erik/armnode_ws/install/arm_interfaces/lib/libarm_interfaces__rosidl_typesupport_fastrtps_c.so
-- Up-to-date: /home/erik/armnode_ws/install/arm_interfaces/include/arm_interfaces
-- Up-to-date: /home/erik/armnode_ws/install/arm_interfaces/include/arm_interfaces/msg
-- Up-to-date: /home/erik/armnode_ws/install/arm_interfaces/include/arm_interfaces/msg/detail
-- Up-to-date: /home/erik/armnode_ws/install/arm_interfaces/include/arm_interfaces/msg/detail/dds_fastrtps
-- Up-to-date: /home/erik/armnode_ws/install/arm_interfaces/include/arm_interfaces/msg/detail/six_floats__rosidl_typesupport_fastrtps_cpp.hpp
-- Up-to-date: /home/erik/armnode_ws/install/arm_interfaces/include/arm_interfaces/msg/detail/live_tune__rosidl_typesupport_fastrtps_cpp.hpp
-- Up-to-date: /home/erik/armnode_ws/install/arm_interfaces/include/arm_interfaces/msg/rosidl_typesupport_fastrtps_cpp__visibility_control.h
-- Up-to-date: /home/erik/armnode_ws/install/arm_interfaces/lib/libarm_interfaces__rosidl_typesupport_fastrtps_cpp.so
-- Up-to-date: /home/erik/armnode_ws/install/arm_interfaces/include/arm_interfaces
-- Up-to-date: /home/erik/armnode_ws/install/arm_interfaces/include/arm_interfaces/msg
-- Up-to-date: /home/erik/armnode_ws/install/arm_interfaces/include/arm_interfaces/msg/detail
-- Up-to-date: /home/erik/armnode_ws/install/arm_interfaces/include/arm_interfaces/msg/detail/six_floats__type_support.c
-- Up-to-date: /home/erik/armnode_ws/install/arm_interfaces/include/arm_interfaces/msg/detail/live_tune__type_support.c
-- Up-to-date: /home/erik/armnode_ws/install/arm_interfaces/include/arm_interfaces/msg/detail/live_tune__rosidl_typesupport_introspection_c.h
-- Up-to-date: /home/erik/armnode_ws/install/arm_interfaces/include/arm_interfaces/msg/detail/six_floats__rosidl_typesupport_introspection_c.h
-- Up-to-date: /home/erik/armnode_ws/install/arm_interfaces/include/arm_interfaces/msg/rosidl_typesupport_introspection_c__visibility_control.h
-- Up-to-date: /home/erik/armnode_ws/install/arm_interfaces/lib/libarm_interfaces__rosidl_typesupport_introspection_c.so
-- Up-to-date: /home/erik/armnode_ws/install/arm_interfaces/lib/libarm_interfaces__rosidl_typesupport_c.so
-- Up-to-date: /home/erik/armnode_ws/install/arm_interfaces/include/arm_interfaces
-- Up-to-date: /home/erik/armnode_ws/install/arm_interfaces/include/arm_interfaces/msg
-- Up-to-date: /home/erik/armnode_ws/install/arm_interfaces/include/arm_interfaces/msg/detail
-- Up-to-date: /home/erik/armnode_ws/install/arm_interfaces/include/arm_interfaces/msg/detail/six_floats__traits.hpp
-- Up-to-date: /home/erik/armnode_ws/install/arm_interfaces/include/arm_interfaces/msg/detail/live_tune__builder.hpp
-- Up-to-date: /home/erik/armnode_ws/install/arm_interfaces/include/arm_interfaces/msg/detail/six_floats__struct.hpp
-- Up-to-date: /home/erik/armnode_ws/install/arm_interfaces/include/arm_interfaces/msg/detail/live_tune__struct.hpp
-- Up-to-date: /home/erik/armnode_ws/install/arm_interfaces/include/arm_interfaces/msg/detail/six_floats__builder.hpp
-- Up-to-date: /home/erik/armnode_ws/install/arm_interfaces/include/arm_interfaces/msg/detail/live_tune__traits.hpp
-- Up-to-date: /home/erik/armnode_ws/install/arm_interfaces/include/arm_interfaces/msg/six_floats.hpp
-- Up-to-date: /home/erik/armnode_ws/install/arm_interfaces/include/arm_interfaces/msg/live_tune.hpp
-- Up-to-date: /home/erik/armnode_ws/install/arm_interfaces/include/arm_interfaces
-- Up-to-date: /home/erik/armnode_ws/install/arm_interfaces/include/arm_interfaces/msg
-- Up-to-date: /home/erik/armnode_ws/install/arm_interfaces/include/arm_interfaces/msg/detail
-- Up-to-date: /home/erik/armnode_ws/install/arm_interfaces/include/arm_interfaces/msg/detail/six_floats__rosidl_typesupport_introspection_cpp.hpp
-- Up-to-date: /home/erik/armnode_ws/install/arm_interfaces/include/arm_interfaces/msg/detail/six_floats__type_support.cpp
-- Up-to-date: /home/erik/armnode_ws/install/arm_interfaces/include/arm_interfaces/msg/detail/live_tune__rosidl_typesupport_introspection_cpp.hpp
-- Up-to-date: /home/erik/armnode_ws/install/arm_interfaces/include/arm_interfaces/msg/detail/live_tune__type_support.cpp
-- Up-to-date: /home/erik/armnode_ws/install/arm_interfaces/lib/libarm_interfaces__rosidl_typesupport_introspection_cpp.so
-- Up-to-date: /home/erik/armnode_ws/install/arm_interfaces/lib/libarm_interfaces__rosidl_typesupport_cpp.so
-- Up-to-date: /home/erik/armnode_ws/install/arm_interfaces/share/arm_interfaces/environment/pythonpath.sh
-- Up-to-date: /home/erik/armnode_ws/install/arm_interfaces/share/arm_interfaces/environment/pythonpath.dsv
-- Up-to-date: /home/erik/armnode_ws/install/arm_interfaces/lib/python3.8/site-packages/arm_interfaces/__init__.py
-- Up-to-date: /home/erik/armnode_ws/install/arm_interfaces/lib/python3.8/site-packages/arm_interfaces/msg
-- Up-to-date: /home/erik/armnode_ws/install/arm_interfaces/lib/python3.8/site-packages/arm_interfaces/msg/_six_floats_s.c
-- Up-to-date: /home/erik/armnode_ws/install/arm_interfaces/lib/python3.8/site-packages/arm_interfaces/msg/_live_tune.py
-- Up-to-date: /home/erik/armnode_ws/install/arm_interfaces/lib/python3.8/site-packages/arm_interfaces/msg/__init__.py
-- Up-to-date: /home/erik/armnode_ws/install/arm_interfaces/lib/python3.8/site-packages/arm_interfaces/msg/_six_floats.py
-- Up-to-date: /home/erik/armnode_ws/install/arm_interfaces/lib/python3.8/site-packages/arm_interfaces/msg/_live_tune_s.c
-- Up-to-date: /home/erik/armnode_ws/install/arm_interfaces/lib/python3.8/site-packages/arm_interfaces/arm_interfaces_s__rosidl_typesupport_fastrtps_c.cpython-38-x86_64-linux-gnu.so
-- Up-to-date: /home/erik/armnode_ws/install/arm_interfaces/lib/python3.8/site-packages/arm_interfaces/arm_interfaces_s__rosidl_typesupport_introspection_c.cpython-38-x86_64-linux-gnu.so
-- Up-to-date: /home/erik/armnode_ws/install/arm_interfaces/lib/python3.8/site-packages/arm_interfaces/arm_interfaces_s__rosidl_typesupport_c.cpython-38-x86_64-linux-gnu.so
-- Up-to-date: /home/erik/armnode_ws/install/arm_interfaces/lib/libarm_interfaces__python.so
-- Up-to-date: /home/erik/armnode_ws/install/arm_interfaces/share/arm_interfaces/msg/SixFloats.idl
-- Up-to-date: /home/erik/armnode_ws/install/arm_interfaces/share/arm_interfaces/msg/LiveTune.idl
-- Up-to-date: /home/erik/armnode_ws/install/arm_interfaces/share/arm_interfaces/msg/SixFloats.msg
-- Up-to-date: /home/erik/armnode_ws/install/arm_interfaces/share/arm_interfaces/msg/LiveTune.msg
-- Up-to-date: /home/erik/armnode_ws/install/arm_interfaces/share/ament_index/resource_index/package_run_dependencies/arm_interfaces
-- Up-to-date: /home/erik/armnode_ws/install/arm_interfaces/share/ament_index/resource_index/parent_prefix_path/arm_interfaces
-- Up-to-date: /home/erik/armnode_ws/install/arm_interfaces/share/arm_interfaces/environment/ament_prefix_path.sh
-- Up-to-date: /home/erik/armnode_ws/install/arm_interfaces/share/arm_interfaces/environment/ament_prefix_path.dsv
-- Up-to-date: /home/erik/armnode_ws/install/arm_interfaces/share/arm_interfaces/environment/path.sh
-- Up-to-date: /home/erik/armnode_ws/install/arm_interfaces/share/arm_interfaces/environment/path.dsv
-- Up-to-date: /home/erik/armnode_ws/install/arm_interfaces/share/arm_interfaces/local_setup.bash
-- Up-to-date: /home/erik/armnode_ws/install/arm_interfaces/share/arm_interfaces/local_setup.sh
-- Up-to-date: /home/erik/armnode_ws/install/arm_interfaces/share/arm_interfaces/local_setup.zsh
-- Up-to-date: /home/erik/armnode_ws/install/arm_interfaces/share/arm_interfaces/local_setup.dsv
-- Installing: /home/erik/armnode_ws/install/arm_interfaces/share/arm_interfaces/package.dsv
-- Up-to-date: /home/erik/armnode_ws/install/arm_interfaces/share/ament_index/resource_index/packages/arm_interfaces
-- Up-to-date: /home/erik/armnode_ws/install/arm_interfaces/share/arm_interfaces/cmake/arm_interfaces__rosidl_generator_cExport.cmake
-- Up-to-date: /home/erik/armnode_ws/install/arm_interfaces/share/arm_interfaces/cmake/arm_interfaces__rosidl_generator_cExport-noconfig.cmake
-- Up-to-date: /home/erik/armnode_ws/install/arm_interfaces/share/arm_interfaces/cmake/arm_interfaces__rosidl_typesupport_introspection_cExport.cmake
-- Up-to-date: /home/erik/armnode_ws/install/arm_interfaces/share/arm_interfaces/cmake/arm_interfaces__rosidl_typesupport_introspection_cExport-noconfig.cmake
-- Up-to-date: /home/erik/armnode_ws/install/arm_interfaces/share/arm_interfaces/cmake/arm_interfaces__rosidl_typesupport_cExport.cmake
-- Up-to-date: /home/erik/armnode_ws/install/arm_interfaces/share/arm_interfaces/cmake/arm_interfaces__rosidl_typesupport_cExport-noconfig.cmake
-- Up-to-date: /home/erik/armnode_ws/install/arm_interfaces/share/arm_interfaces/cmake/arm_interfaces__rosidl_generator_cppExport.cmake
-- Up-to-date: /home/erik/armnode_ws/install/arm_interfaces/share/arm_interfaces/cmake/arm_interfaces__rosidl_typesupport_introspection_cppExport.cmake
-- Up-to-date: /home/erik/armnode_ws/install/arm_interfaces/share/arm_interfaces/cmake/arm_interfaces__rosidl_typesupport_introspection_cppExport-noconfig.cmake
-- Up-to-date: /home/erik/armnode_ws/install/arm_interfaces/share/arm_interfaces/cmake/arm_interfaces__rosidl_typesupport_cppExport.cmake
-- Up-to-date: /home/erik/armnode_ws/install/arm_interfaces/share/arm_interfaces/cmake/arm_interfaces__rosidl_typesupport_cppExport-noconfig.cmake
-- Up-to-date: /home/erik/armnode_ws/install/arm_interfaces/share/arm_interfaces/cmake/rosidl_cmake-extras.cmake
-- Up-to-date: /home/erik/armnode_ws/install/arm_interfaces/share/arm_interfaces/cmake/ament_cmake_export_dependencies-extras.cmake
-- Up-to-date: /home/erik/armnode_ws/install/arm_interfaces/share/arm_interfaces/cmake/ament_cmake_export_libraries-extras.cmake
-- Up-to-date: /home/erik/armnode_ws/install/arm_interfaces/share/arm_interfaces/cmake/ament_cmake_export_targets-extras.cmake
-- Up-to-date: /home/erik/armnode_ws/install/arm_interfaces/share/arm_interfaces/cmake/ament_cmake_export_include_directories-extras.cmake
-- Up-to-date: /home/erik/armnode_ws/install/arm_interfaces/share/arm_interfaces/cmake/rosidl_cmake_export_typesupport_libraries-extras.cmake
-- Up-to-date: /home/erik/armnode_ws/install/arm_interfaces/share/arm_interfaces/cmake/rosidl_cmake_export_typesupport_targets-extras.cmake
-- Up-to-date: /home/erik/armnode_ws/install/arm_interfaces/share/arm_interfaces/cmake/arm_interfacesConfig.cmake
-- Up-to-date: /home/erik/armnode_ws/install/arm_interfaces/share/arm_interfaces/cmake/arm_interfacesConfig-version.cmake
-- Up-to-date: /home/erik/armnode_ws/install/arm_interfaces/share/arm_interfaces/package.xml
