[0.022s] Invoking command in '/home/erik/armnode_ws/build/arm_interfaces': CMAKE_PREFIX_PATH=/home/erik/armnode_ws/install/arm_pkg:/home/erik/ros2_ws/install/my_python_pkg:/opt/ros/foxy:${CMAKE_PREFIX_PATH} /usr/bin/cmake --build /home/erik/armnode_ws/build/arm_interfaces -- -j8 -l8
[0.062s] [  2%] Built target arm_interfaces__cpp
[0.062s] [ 12%] Built target arm_interfaces__rosidl_generator_c
[0.085s] [ 23%] Built target arm_interfaces__rosidl_typesupport_cpp
[0.087s] [ 33%] Built target arm_interfaces__rosidl_typesupport_c
[0.088s] [ 43%] Built target arm_interfaces__rosidl_typesupport_introspection_cpp
[0.090s] [ 53%] Built target arm_interfaces__rosidl_typesupport_fastrtps_cpp
[0.090s] [ 64%] Built target arm_interfaces__rosidl_typesupport_introspection_c
[0.108s] [ 74%] Built target arm_interfaces__rosidl_typesupport_fastrtps_c
[0.124s] [ 74%] Built target arm_interfaces
[0.138s] [ 76%] Built target arm_interfaces__py
[0.156s] [ 84%] Built target arm_interfaces__python
[0.178s] [100%] Built target arm_interfaces__rosidl_typesupport_introspection_c__pyext
[0.179s] [100%] Built target arm_interfaces__rosidl_typesupport_c__pyext
[0.179s] [100%] Built target arm_interfaces__rosidl_typesupport_fastrtps_c__pyext
[0.228s] Invoked command in '/home/erik/armnode_ws/build/arm_interfaces' returned '0': CMAKE_PREFIX_PATH=/home/erik/armnode_ws/install/arm_pkg:/home/erik/ros2_ws/install/my_python_pkg:/opt/ros/foxy:${CMAKE_PREFIX_PATH} /usr/bin/cmake --build /home/erik/armnode_ws/build/arm_interfaces -- -j8 -l8
[0.281s] Invoking command in '/home/erik/armnode_ws/build/arm_interfaces': CMAKE_PREFIX_PATH=/home/erik/armnode_ws/install/arm_pkg:/home/erik/ros2_ws/install/my_python_pkg:/opt/ros/foxy:${CMAKE_PREFIX_PATH} /usr/bin/cmake --install /home/erik/armnode_ws/build/arm_interfaces
[0.288s] -- Install configuration: ""
[0.288s] -- Up-to-date: /home/erik/armnode_ws/install/arm_interfaces/share/ament_index/resource_index/rosidl_interfaces/arm_interfaces
[0.288s] -- Up-to-date: /home/erik/armnode_ws/install/arm_interfaces/include/arm_interfaces
[0.289s] -- Up-to-date: /home/erik/armnode_ws/install/arm_interfaces/include/arm_interfaces/msg
[0.289s] -- Up-to-date: /home/erik/armnode_ws/install/arm_interfaces/include/arm_interfaces/msg/detail
[0.289s] -- Up-to-date: /home/erik/armnode_ws/install/arm_interfaces/include/arm_interfaces/msg/detail/live_tune__functions.c
[0.289s] -- Up-to-date: /home/erik/armnode_ws/install/arm_interfaces/include/arm_interfaces/msg/detail/six_floats__struct.h
[0.289s] -- Up-to-date: /home/erik/armnode_ws/install/arm_interfaces/include/arm_interfaces/msg/detail/live_tune__functions.h
[0.289s] -- Up-to-date: /home/erik/armnode_ws/install/arm_interfaces/include/arm_interfaces/msg/detail/live_tune__struct.h
[0.289s] -- Up-to-date: /home/erik/armnode_ws/install/arm_interfaces/include/arm_interfaces/msg/detail/six_floats__functions.h
[0.289s] -- Up-to-date: /home/erik/armnode_ws/install/arm_interfaces/include/arm_interfaces/msg/detail/live_tune__type_support.h
[0.289s] -- Up-to-date: /home/erik/armnode_ws/install/arm_interfaces/include/arm_interfaces/msg/detail/six_floats__type_support.h
[0.289s] -- Up-to-date: /home/erik/armnode_ws/install/arm_interfaces/include/arm_interfaces/msg/detail/six_floats__functions.c
[0.289s] -- Up-to-date: /home/erik/armnode_ws/install/arm_interfaces/include/arm_interfaces/msg/live_tune.h
[0.289s] -- Up-to-date: /home/erik/armnode_ws/install/arm_interfaces/include/arm_interfaces/msg/six_floats.h
[0.290s] -- Up-to-date: /home/erik/armnode_ws/install/arm_interfaces/include/arm_interfaces/msg/rosidl_generator_c__visibility_control.h
[0.290s] -- Up-to-date: /home/erik/armnode_ws/install/arm_interfaces/share/arm_interfaces/environment/library_path.sh
[0.290s] -- Up-to-date: /home/erik/armnode_ws/install/arm_interfaces/share/arm_interfaces/environment/library_path.dsv
[0.290s] -- Up-to-date: /home/erik/armnode_ws/install/arm_interfaces/lib/libarm_interfaces__rosidl_generator_c.so
[0.290s] -- Up-to-date: /home/erik/armnode_ws/install/arm_interfaces/include/arm_interfaces
[0.290s] -- Up-to-date: /home/erik/armnode_ws/install/arm_interfaces/include/arm_interfaces/msg
[0.290s] -- Up-to-date: /home/erik/armnode_ws/install/arm_interfaces/include/arm_interfaces/msg/detail
[0.290s] -- Up-to-date: /home/erik/armnode_ws/install/arm_interfaces/include/arm_interfaces/msg/detail/live_tune__rosidl_typesupport_fastrtps_c.h
[0.290s] -- Up-to-date: /home/erik/armnode_ws/install/arm_interfaces/include/arm_interfaces/msg/detail/six_floats__rosidl_typesupport_fastrtps_c.h
[0.290s] -- Up-to-date: /home/erik/armnode_ws/install/arm_interfaces/include/arm_interfaces/msg/rosidl_typesupport_fastrtps_c__visibility_control.h
[0.290s] -- Up-to-date: /home/erik/armnode_ws/install/arm_interfaces/lib/libarm_interfaces__rosidl_typesupport_fastrtps_c.so
[0.290s] -- Up-to-date: /home/erik/armnode_ws/install/arm_interfaces/include/arm_interfaces
[0.290s] -- Up-to-date: /home/erik/armnode_ws/install/arm_interfaces/include/arm_interfaces/msg
[0.291s] -- Up-to-date: /home/erik/armnode_ws/install/arm_interfaces/include/arm_interfaces/msg/detail
[0.291s] -- Up-to-date: /home/erik/armnode_ws/install/arm_interfaces/include/arm_interfaces/msg/detail/dds_fastrtps
[0.291s] -- Up-to-date: /home/erik/armnode_ws/install/arm_interfaces/include/arm_interfaces/msg/detail/six_floats__rosidl_typesupport_fastrtps_cpp.hpp
[0.291s] -- Up-to-date: /home/erik/armnode_ws/install/arm_interfaces/include/arm_interfaces/msg/detail/live_tune__rosidl_typesupport_fastrtps_cpp.hpp
[0.291s] -- Up-to-date: /home/erik/armnode_ws/install/arm_interfaces/include/arm_interfaces/msg/rosidl_typesupport_fastrtps_cpp__visibility_control.h
[0.291s] -- Up-to-date: /home/erik/armnode_ws/install/arm_interfaces/lib/libarm_interfaces__rosidl_typesupport_fastrtps_cpp.so
[0.291s] -- Up-to-date: /home/erik/armnode_ws/install/arm_interfaces/include/arm_interfaces
[0.291s] -- Up-to-date: /home/erik/armnode_ws/install/arm_interfaces/include/arm_interfaces/msg
[0.291s] -- Up-to-date: /home/erik/armnode_ws/install/arm_interfaces/include/arm_interfaces/msg/detail
[0.291s] -- Up-to-date: /home/erik/armnode_ws/install/arm_interfaces/include/arm_interfaces/msg/detail/six_floats__type_support.c
[0.291s] -- Up-to-date: /home/erik/armnode_ws/install/arm_interfaces/include/arm_interfaces/msg/detail/live_tune__type_support.c
[0.291s] -- Up-to-date: /home/erik/armnode_ws/install/arm_interfaces/include/arm_interfaces/msg/detail/live_tune__rosidl_typesupport_introspection_c.h
[0.291s] -- Up-to-date: /home/erik/armnode_ws/install/arm_interfaces/include/arm_interfaces/msg/detail/six_floats__rosidl_typesupport_introspection_c.h
[0.292s] -- Up-to-date: /home/erik/armnode_ws/install/arm_interfaces/include/arm_interfaces/msg/rosidl_typesupport_introspection_c__visibility_control.h
[0.292s] -- Up-to-date: /home/erik/armnode_ws/install/arm_interfaces/lib/libarm_interfaces__rosidl_typesupport_introspection_c.so
[0.292s] -- Up-to-date: /home/erik/armnode_ws/install/arm_interfaces/lib/libarm_interfaces__rosidl_typesupport_c.so
[0.292s] -- Up-to-date: /home/erik/armnode_ws/install/arm_interfaces/include/arm_interfaces
[0.292s] -- Up-to-date: /home/erik/armnode_ws/install/arm_interfaces/include/arm_interfaces/msg
[0.292s] -- Up-to-date: /home/erik/armnode_ws/install/arm_interfaces/include/arm_interfaces/msg/detail
[0.292s] -- Up-to-date: /home/erik/armnode_ws/install/arm_interfaces/include/arm_interfaces/msg/detail/six_floats__traits.hpp
[0.292s] -- Up-to-date: /home/erik/armnode_ws/install/arm_interfaces/include/arm_interfaces/msg/detail/live_tune__builder.hpp
[0.292s] -- Up-to-date: /home/erik/armnode_ws/install/arm_interfaces/include/arm_interfaces/msg/detail/six_floats__struct.hpp
[0.292s] -- Up-to-date: /home/erik/armnode_ws/install/arm_interfaces/include/arm_interfaces/msg/detail/live_tune__struct.hpp
[0.292s] -- Up-to-date: /home/erik/armnode_ws/install/arm_interfaces/include/arm_interfaces/msg/detail/six_floats__builder.hpp
[0.292s] -- Up-to-date: /home/erik/armnode_ws/install/arm_interfaces/include/arm_interfaces/msg/detail/live_tune__traits.hpp
[0.292s] -- Up-to-date: /home/erik/armnode_ws/install/arm_interfaces/include/arm_interfaces/msg/six_floats.hpp
[0.292s] -- Up-to-date: /home/erik/armnode_ws/install/arm_interfaces/include/arm_interfaces/msg/live_tune.hpp
[0.292s] -- Up-to-date: /home/erik/armnode_ws/install/arm_interfaces/include/arm_interfaces
[0.292s] -- Up-to-date: /home/erik/armnode_ws/install/arm_interfaces/include/arm_interfaces/msg
[0.292s] -- Up-to-date: /home/erik/armnode_ws/install/arm_interfaces/include/arm_interfaces/msg/detail
[0.292s] -- Up-to-date: /home/erik/armnode_ws/install/arm_interfaces/include/arm_interfaces/msg/detail/six_floats__rosidl_typesupport_introspection_cpp.hpp
[0.293s] -- Up-to-date: /home/erik/armnode_ws/install/arm_interfaces/include/arm_interfaces/msg/detail/six_floats__type_support.cpp
[0.293s] -- Up-to-date: /home/erik/armnode_ws/install/arm_interfaces/include/arm_interfaces/msg/detail/live_tune__rosidl_typesupport_introspection_cpp.hpp
[0.293s] -- Up-to-date: /home/erik/armnode_ws/install/arm_interfaces/include/arm_interfaces/msg/detail/live_tune__type_support.cpp
[0.293s] -- Up-to-date: /home/erik/armnode_ws/install/arm_interfaces/lib/libarm_interfaces__rosidl_typesupport_introspection_cpp.so
[0.293s] -- Up-to-date: /home/erik/armnode_ws/install/arm_interfaces/lib/libarm_interfaces__rosidl_typesupport_cpp.so
[0.293s] -- Up-to-date: /home/erik/armnode_ws/install/arm_interfaces/share/arm_interfaces/environment/pythonpath.sh
[0.293s] -- Up-to-date: /home/erik/armnode_ws/install/arm_interfaces/share/arm_interfaces/environment/pythonpath.dsv
[0.293s] -- Up-to-date: /home/erik/armnode_ws/install/arm_interfaces/lib/python3.8/site-packages/arm_interfaces/__init__.py
[0.318s] -- Up-to-date: /home/erik/armnode_ws/install/arm_interfaces/lib/python3.8/site-packages/arm_interfaces/msg
[0.318s] -- Up-to-date: /home/erik/armnode_ws/install/arm_interfaces/lib/python3.8/site-packages/arm_interfaces/msg/_six_floats_s.c
[0.318s] -- Up-to-date: /home/erik/armnode_ws/install/arm_interfaces/lib/python3.8/site-packages/arm_interfaces/msg/_live_tune.py
[0.318s] -- Up-to-date: /home/erik/armnode_ws/install/arm_interfaces/lib/python3.8/site-packages/arm_interfaces/msg/__init__.py
[0.318s] -- Up-to-date: /home/erik/armnode_ws/install/arm_interfaces/lib/python3.8/site-packages/arm_interfaces/msg/_six_floats.py
[0.318s] -- Up-to-date: /home/erik/armnode_ws/install/arm_interfaces/lib/python3.8/site-packages/arm_interfaces/msg/_live_tune_s.c
[0.318s] -- Up-to-date: /home/erik/armnode_ws/install/arm_interfaces/lib/python3.8/site-packages/arm_interfaces/arm_interfaces_s__rosidl_typesupport_fastrtps_c.cpython-38-x86_64-linux-gnu.so
[0.318s] -- Up-to-date: /home/erik/armnode_ws/install/arm_interfaces/lib/python3.8/site-packages/arm_interfaces/arm_interfaces_s__rosidl_typesupport_introspection_c.cpython-38-x86_64-linux-gnu.so
[0.319s] -- Up-to-date: /home/erik/armnode_ws/install/arm_interfaces/lib/python3.8/site-packages/arm_interfaces/arm_interfaces_s__rosidl_typesupport_c.cpython-38-x86_64-linux-gnu.so
[0.319s] -- Up-to-date: /home/erik/armnode_ws/install/arm_interfaces/lib/libarm_interfaces__python.so
[0.319s] -- Up-to-date: /home/erik/armnode_ws/install/arm_interfaces/share/arm_interfaces/msg/SixFloats.idl
[0.319s] -- Up-to-date: /home/erik/armnode_ws/install/arm_interfaces/share/arm_interfaces/msg/LiveTune.idl
[0.319s] -- Up-to-date: /home/erik/armnode_ws/install/arm_interfaces/share/arm_interfaces/msg/SixFloats.msg
[0.320s] -- Up-to-date: /home/erik/armnode_ws/install/arm_interfaces/share/arm_interfaces/msg/LiveTune.msg
[0.320s] -- Up-to-date: /home/erik/armnode_ws/install/arm_interfaces/share/ament_index/resource_index/package_run_dependencies/arm_interfaces
[0.320s] -- Up-to-date: /home/erik/armnode_ws/install/arm_interfaces/share/ament_index/resource_index/parent_prefix_path/arm_interfaces
[0.320s] -- Up-to-date: /home/erik/armnode_ws/install/arm_interfaces/share/arm_interfaces/environment/ament_prefix_path.sh
[0.320s] -- Up-to-date: /home/erik/armnode_ws/install/arm_interfaces/share/arm_interfaces/environment/ament_prefix_path.dsv
[0.320s] -- Up-to-date: /home/erik/armnode_ws/install/arm_interfaces/share/arm_interfaces/environment/path.sh
[0.320s] -- Up-to-date: /home/erik/armnode_ws/install/arm_interfaces/share/arm_interfaces/environment/path.dsv
[0.320s] -- Up-to-date: /home/erik/armnode_ws/install/arm_interfaces/share/arm_interfaces/local_setup.bash
[0.320s] -- Up-to-date: /home/erik/armnode_ws/install/arm_interfaces/share/arm_interfaces/local_setup.sh
[0.320s] -- Up-to-date: /home/erik/armnode_ws/install/arm_interfaces/share/arm_interfaces/local_setup.zsh
[0.320s] -- Up-to-date: /home/erik/armnode_ws/install/arm_interfaces/share/arm_interfaces/local_setup.dsv
[0.320s] -- Installing: /home/erik/armnode_ws/install/arm_interfaces/share/arm_interfaces/package.dsv
[0.320s] -- Up-to-date: /home/erik/armnode_ws/install/arm_interfaces/share/ament_index/resource_index/packages/arm_interfaces
[0.320s] -- Up-to-date: /home/erik/armnode_ws/install/arm_interfaces/share/arm_interfaces/cmake/arm_interfaces__rosidl_generator_cExport.cmake
[0.321s] -- Up-to-date: /home/erik/armnode_ws/install/arm_interfaces/share/arm_interfaces/cmake/arm_interfaces__rosidl_generator_cExport-noconfig.cmake
[0.321s] -- Up-to-date: /home/erik/armnode_ws/install/arm_interfaces/share/arm_interfaces/cmake/arm_interfaces__rosidl_typesupport_introspection_cExport.cmake
[0.321s] -- Up-to-date: /home/erik/armnode_ws/install/arm_interfaces/share/arm_interfaces/cmake/arm_interfaces__rosidl_typesupport_introspection_cExport-noconfig.cmake
[0.321s] -- Up-to-date: /home/erik/armnode_ws/install/arm_interfaces/share/arm_interfaces/cmake/arm_interfaces__rosidl_typesupport_cExport.cmake
[0.321s] -- Up-to-date: /home/erik/armnode_ws/install/arm_interfaces/share/arm_interfaces/cmake/arm_interfaces__rosidl_typesupport_cExport-noconfig.cmake
[0.321s] -- Up-to-date: /home/erik/armnode_ws/install/arm_interfaces/share/arm_interfaces/cmake/arm_interfaces__rosidl_generator_cppExport.cmake
[0.321s] -- Up-to-date: /home/erik/armnode_ws/install/arm_interfaces/share/arm_interfaces/cmake/arm_interfaces__rosidl_typesupport_introspection_cppExport.cmake
[0.321s] -- Up-to-date: /home/erik/armnode_ws/install/arm_interfaces/share/arm_interfaces/cmake/arm_interfaces__rosidl_typesupport_introspection_cppExport-noconfig.cmake
[0.321s] -- Up-to-date: /home/erik/armnode_ws/install/arm_interfaces/share/arm_interfaces/cmake/arm_interfaces__rosidl_typesupport_cppExport.cmake
[0.321s] -- Up-to-date: /home/erik/armnode_ws/install/arm_interfaces/share/arm_interfaces/cmake/arm_interfaces__rosidl_typesupport_cppExport-noconfig.cmake
[0.321s] -- Up-to-date: /home/erik/armnode_ws/install/arm_interfaces/share/arm_interfaces/cmake/rosidl_cmake-extras.cmake
[0.321s] -- Up-to-date: /home/erik/armnode_ws/install/arm_interfaces/share/arm_interfaces/cmake/ament_cmake_export_dependencies-extras.cmake
[0.322s] -- Up-to-date: /home/erik/armnode_ws/install/arm_interfaces/share/arm_interfaces/cmake/ament_cmake_export_libraries-extras.cmake
[0.322s] -- Up-to-date: /home/erik/armnode_ws/install/arm_interfaces/share/arm_interfaces/cmake/ament_cmake_export_targets-extras.cmake
[0.322s] -- Up-to-date: /home/erik/armnode_ws/install/arm_interfaces/share/arm_interfaces/cmake/ament_cmake_export_include_directories-extras.cmake
[0.322s] -- Up-to-date: /home/erik/armnode_ws/install/arm_interfaces/share/arm_interfaces/cmake/rosidl_cmake_export_typesupport_libraries-extras.cmake
[0.322s] -- Up-to-date: /home/erik/armnode_ws/install/arm_interfaces/share/arm_interfaces/cmake/rosidl_cmake_export_typesupport_targets-extras.cmake
[0.322s] -- Up-to-date: /home/erik/armnode_ws/install/arm_interfaces/share/arm_interfaces/cmake/arm_interfacesConfig.cmake
[0.322s] -- Up-to-date: /home/erik/armnode_ws/install/arm_interfaces/share/arm_interfaces/cmake/arm_interfacesConfig-version.cmake
[0.322s] -- Up-to-date: /home/erik/armnode_ws/install/arm_interfaces/share/arm_interfaces/package.xml
[0.324s] Invoked command in '/home/erik/armnode_ws/build/arm_interfaces' returned '0': CMAKE_PREFIX_PATH=/home/erik/armnode_ws/install/arm_pkg:/home/erik/ros2_ws/install/my_python_pkg:/opt/ros/foxy:${CMAKE_PREFIX_PATH} /usr/bin/cmake --install /home/erik/armnode_ws/build/arm_interfaces
