[0.459s] Invoking command in '/home/erik/armnode_ws/src/arm_pkg': PYTHONPATH=/home/erik/armnode_ws/install/arm_pkg/lib/python3.8/site-packages:${PYTHONPATH} /usr/bin/python3 setup.py egg_info --egg-base ../../build/arm_pkg build --build-base /home/erik/armnode_ws/build/arm_pkg/build install --prefix /home/erik/armnode_ws/install/arm_pkg --record /home/erik/armnode_ws/build/arm_pkg/install.log --single-version-externally-managed
[0.602s] running egg_info
[0.603s] writing ../../build/arm_pkg/arm_pkg.egg-info/PKG-INFO
[0.603s] writing dependency_links to ../../build/arm_pkg/arm_pkg.egg-info/dependency_links.txt
[0.603s] writing entry points to ../../build/arm_pkg/arm_pkg.egg-info/entry_points.txt
[0.604s] writing requirements to ../../build/arm_pkg/arm_pkg.egg-info/requires.txt
[0.604s] writing top-level names to ../../build/arm_pkg/arm_pkg.egg-info/top_level.txt
[0.630s] reading manifest file '../../build/arm_pkg/arm_pkg.egg-info/SOURCES.txt'
[0.631s] writing manifest file '../../build/arm_pkg/arm_pkg.egg-info/SOURCES.txt'
[0.631s] running build
[0.631s] running build_py
[0.631s] copying arm_pkg/GravityCompensation.py -> /home/erik/armnode_ws/build/arm_pkg/build/lib/arm_pkg
[0.631s] copying arm_pkg/ArmKinematics.py -> /home/erik/armnode_ws/build/arm_pkg/build/lib/arm_pkg
[0.631s] copying arm_pkg/roboclaw_driver.py -> /home/erik/armnode_ws/build/arm_pkg/build/lib/arm_pkg
[0.631s] copying arm_pkg/PidController.py -> /home/erik/armnode_ws/build/arm_pkg/build/lib/arm_pkg
[0.631s] copying arm_pkg/arm_node.py -> /home/erik/armnode_ws/build/arm_pkg/build/lib/arm_pkg
[0.631s] running install
[0.632s] running install_lib
[0.632s] copying /home/erik/armnode_ws/build/arm_pkg/build/lib/arm_pkg/GravityCompensation.py -> /home/erik/armnode_ws/install/arm_pkg/lib/python3.8/site-packages/arm_pkg
[0.633s] copying /home/erik/armnode_ws/build/arm_pkg/build/lib/arm_pkg/ArmKinematics.py -> /home/erik/armnode_ws/install/arm_pkg/lib/python3.8/site-packages/arm_pkg
[0.633s] copying /home/erik/armnode_ws/build/arm_pkg/build/lib/arm_pkg/roboclaw_driver.py -> /home/erik/armnode_ws/install/arm_pkg/lib/python3.8/site-packages/arm_pkg
[0.633s] copying /home/erik/armnode_ws/build/arm_pkg/build/lib/arm_pkg/PidController.py -> /home/erik/armnode_ws/install/arm_pkg/lib/python3.8/site-packages/arm_pkg
[0.633s] copying /home/erik/armnode_ws/build/arm_pkg/build/lib/arm_pkg/arm_node.py -> /home/erik/armnode_ws/install/arm_pkg/lib/python3.8/site-packages/arm_pkg
[0.633s] byte-compiling /home/erik/armnode_ws/install/arm_pkg/lib/python3.8/site-packages/arm_pkg/GravityCompensation.py to GravityCompensation.cpython-38.pyc
[0.634s] byte-compiling /home/erik/armnode_ws/install/arm_pkg/lib/python3.8/site-packages/arm_pkg/ArmKinematics.py to ArmKinematics.cpython-38.pyc
[0.635s] byte-compiling /home/erik/armnode_ws/install/arm_pkg/lib/python3.8/site-packages/arm_pkg/roboclaw_driver.py to roboclaw_driver.cpython-38.pyc
[0.642s] byte-compiling /home/erik/armnode_ws/install/arm_pkg/lib/python3.8/site-packages/arm_pkg/PidController.py to PidController.cpython-38.pyc
[0.642s] byte-compiling /home/erik/armnode_ws/install/arm_pkg/lib/python3.8/site-packages/arm_pkg/arm_node.py to arm_node.cpython-38.pyc
[0.645s] running install_data
[0.645s] copying package.xml -> /home/erik/armnode_ws/install/arm_pkg/share/arm_pkg
[0.645s] running install_egg_info
[0.646s] removing '/home/erik/armnode_ws/install/arm_pkg/lib/python3.8/site-packages/arm_pkg-0.0.0-py3.8.egg-info' (and everything under it)
[0.646s] Copying ../../build/arm_pkg/arm_pkg.egg-info to /home/erik/armnode_ws/install/arm_pkg/lib/python3.8/site-packages/arm_pkg-0.0.0-py3.8.egg-info
[0.647s] running install_scripts
[0.660s] Installing arm_node script to /home/erik/armnode_ws/install/arm_pkg/lib/arm_pkg
[0.660s] writing list of installed files to '/home/erik/armnode_ws/build/arm_pkg/install.log'
[0.677s] Invoked command in '/home/erik/armnode_ws/src/arm_pkg' returned '0': PYTHONPATH=/home/erik/armnode_ws/install/arm_pkg/lib/python3.8/site-packages:${PYTHONPATH} /usr/bin/python3 setup.py egg_info --egg-base ../../build/arm_pkg build --build-base /home/erik/armnode_ws/build/arm_pkg/build install --prefix /home/erik/armnode_ws/install/arm_pkg --record /home/erik/armnode_ws/build/arm_pkg/install.log --single-version-externally-managed
