[0.010s] Invoking command in '/home/erik/armnode_ws/src/arm_interfaces/build/arm_interfaces': CMAKE_PREFIX_PATH=/opt/ros/foxy:${CMAKE_PREFIX_PATH} /usr/bin/cmake --build /home/erik/armnode_ws/src/arm_interfaces/build/arm_interfaces -- -j8 -l8
[0.026s] -- Found ament_cmake: 0.9.9 (/opt/ros/foxy/share/ament_cmake/cmake)
[0.040s] -- Found PythonInterp: /usr/bin/python3 (found suitable version "3.8.10", minimum required is "3") 
[0.040s] -- Using PYTHON_EXECUTABLE: /usr/bin/python3
[0.160s] -- Found rosidl_default_generators: 1.0.1 (/opt/ros/foxy/share/rosidl_default_generators/cmake)
[0.161s] -- Using all available rosidl_typesupport_c: rosidl_typesupport_fastrtps_c;rosidl_typesupport_introspection_c
[0.163s] -- Found rosidl_adapter: 1.2.1 (/opt/ros/foxy/share/rosidl_adapter/cmake)
[0.245s] -- Using all available rosidl_typesupport_cpp: rosidl_typesupport_fastrtps_cpp;rosidl_typesupport_introspection_cpp
[0.271s] -- Found PythonInterp: /usr/bin/python3 (found version "3.8.10") 
[0.381s] CMake Error at /opt/ros/foxy/share/rosidl_adapter/cmake/rosidl_adapt_interfaces.cmake:60 (message):
[0.382s]   execute_process(/usr/bin/python3 -m rosidl_adapter --package-name
[0.382s]   arm_interfaces --arguments-file
[0.382s]   /home/erik/armnode_ws/src/arm_interfaces/build/arm_interfaces/rosidl_adapter__arguments__arm_interfaces.json
[0.382s]   --output-dir
[0.382s]   /home/erik/armnode_ws/src/arm_interfaces/build/arm_interfaces/rosidl_adapter/arm_interfaces
[0.382s]   --output-file
[0.382s]   /home/erik/armnode_ws/src/arm_interfaces/build/arm_interfaces/rosidl_adapter/arm_interfaces.idls)
[0.382s]   returned error code 1:
[0.382s] 
[0.382s]   Error processing 'int8 armMotorNumber' of 'arm_interfaces/LiveTune':
[0.382s]   ''armMotorNumber' is an invalid field name.  It should have the pattern
[0.382s]   '^(?!.*__)(?!.*_$)[a-z][a-z0-9_]*$''
[0.382s] 
[0.382s]   Traceback (most recent call last):
[0.382s] 
[0.382s]     File "/usr/lib/python3.8/runpy.py", line 194, in _run_module_as_main
[0.382s]       return _run_code(code, main_globals, None,
[0.382s]     File "/usr/lib/python3.8/runpy.py", line 87, in _run_code
[0.383s]       exec(code, run_globals)
[0.383s]     File "/opt/ros/foxy/lib/python3.8/site-packages/rosidl_adapter/__main__.py", line 19, in <module>
[0.383s]       sys.exit(main())
[0.383s]     File "/opt/ros/foxy/lib/python3.8/site-packages/rosidl_adapter/main.py", line 53, in main
[0.383s]       abs_idl_file = convert_to_idl(
[0.383s]     File "/opt/ros/foxy/lib/python3.8/site-packages/rosidl_adapter/__init__.py", line 19, in convert_to_idl
[0.383s]       return convert_msg_to_idl(
[0.383s]     File "/opt/ros/foxy/lib/python3.8/site-packages/rosidl_adapter/msg/__init__.py", line 28, in convert_msg_to_idl
[0.383s]       msg = parse_message_string(package_name, input_file.stem, content)
[0.383s]     File "/opt/ros/foxy/lib/python3.8/site-packages/rosidl_adapter/parser.py", line 515, in parse_message_string
[0.383s]       fields.append(Field(
[0.383s]     File "/opt/ros/foxy/lib/python3.8/site-packages/rosidl_adapter/parser.py", line 353, in __init__
[0.383s]       raise NameError(
[0.383s] 
[0.383s]   NameError: 'armMotorNumber' is an invalid field name.  It should have the
[0.383s]   pattern '^(?!.*__)(?!.*_$)[a-z][a-z0-9_]*$'
[0.383s] 
[0.383s] Call Stack (most recent call first):
[0.383s]   /opt/ros/foxy/share/rosidl_cmake/cmake/rosidl_generate_interfaces.cmake:130 (rosidl_adapt_interfaces)
[0.384s]   CMakeLists.txt:16 (rosidl_generate_interfaces)
[0.384s] 
[0.384s] 
[0.384s] -- Configuring incomplete, errors occurred!
[0.384s] See also "/home/erik/armnode_ws/src/arm_interfaces/build/arm_interfaces/CMakeFiles/CMakeOutput.log".
[0.386s] make: *** [Makefile:748: cmake_check_build_system] Error 1
[0.387s] Invoked command in '/home/erik/armnode_ws/src/arm_interfaces/build/arm_interfaces' returned '2': CMAKE_PREFIX_PATH=/opt/ros/foxy:${CMAKE_PREFIX_PATH} /usr/bin/cmake --build /home/erik/armnode_ws/src/arm_interfaces/build/arm_interfaces -- -j8 -l8
