[0.104s] DEBUG:colcon:Command line arguments: ['/usr/bin/colcon', 'build']
[0.105s] DEBUG:colcon:Parsed command line arguments: Namespace(allow_overriding=[], ament_cmake_args=None, base_paths=['.'], build_base='build', catkin_cmake_args=None, catkin_skip_building_tests=False, cmake_args=None, cmake_clean_cache=False, cmake_clean_first=False, cmake_force_configure=False, cmake_target=None, cmake_target_skip_unavailable=False, continue_on_error=False, event_handlers=None, executor='parallel', ignore_user_meta=False, install_base='install', log_base=None, log_level=None, main=<bound method BuildVerb.main of <colcon_core.verb.build.BuildVerb object at 0x7f7783f58340>>, merge_install=False, metas=['./colcon.meta'], packages_above=None, packages_above_and_dependencies=None, packages_above_depth=None, packages_end=None, packages_ignore=None, packages_ignore_regex=None, packages_select=None, packages_select_build_failed=False, packages_select_by_dep=None, packages_select_regex=None, packages_select_test_failures=False, packages_skip=None, packages_skip_build_finished=False, packages_skip_by_dep=None, packages_skip_regex=None, packages_skip_test_passed=False, packages_skip_up_to=None, packages_start=None, packages_up_to=None, packages_up_to_regex=None, parallel_workers=8, paths=None, symlink_install=False, test_result_base=None, verb_extension=<colcon_core.verb.build.BuildVerb object at 0x7f7783f58340>, verb_name='build', verb_parser=<colcon_defaults.argument_parser.defaults.DefaultArgumentsDecorator object at 0x7f7783f58880>)
[0.122s] Level 1:colcon.colcon_core.package_discovery:discover_packages(colcon_meta) check parameters
[0.122s] Level 1:colcon.colcon_core.package_discovery:discover_packages(recursive) check parameters
[0.122s] Level 1:colcon.colcon_core.package_discovery:discover_packages(ignore) check parameters
[0.122s] Level 1:colcon.colcon_core.package_discovery:discover_packages(path) check parameters
[0.122s] Level 1:colcon.colcon_core.package_discovery:discover_packages(colcon_meta) discover
[0.122s] Level 1:colcon.colcon_core.package_discovery:discover_packages(recursive) discover
[0.122s] INFO:colcon.colcon_core.package_discovery:Crawling recursively for packages in '/home/erik/armnode_ws'
[0.122s] Level 1:colcon.colcon_core.package_identification:_identify(.) by extensions ['ignore', 'ignore_ament_install']
[0.122s] Level 1:colcon.colcon_core.package_identification:_identify(.) by extension 'ignore'
[0.122s] Level 1:colcon.colcon_core.package_identification:_identify(.) by extension 'ignore_ament_install'
[0.122s] Level 1:colcon.colcon_core.package_identification:_identify(.) by extensions ['colcon_pkg']
[0.122s] Level 1:colcon.colcon_core.package_identification:_identify(.) by extension 'colcon_pkg'
[0.122s] Level 1:colcon.colcon_core.package_identification:_identify(.) by extensions ['colcon_meta']
[0.122s] Level 1:colcon.colcon_core.package_identification:_identify(.) by extension 'colcon_meta'
[0.122s] Level 1:colcon.colcon_core.package_identification:_identify(.) by extensions ['ros']
[0.122s] Level 1:colcon.colcon_core.package_identification:_identify(.) by extension 'ros'
[0.136s] Level 1:colcon.colcon_core.package_identification:_identify(.) by extensions ['cmake', 'python']
[0.136s] Level 1:colcon.colcon_core.package_identification:_identify(.) by extension 'cmake'
[0.136s] Level 1:colcon.colcon_core.package_identification:_identify(.) by extension 'python'
[0.136s] Level 1:colcon.colcon_core.package_identification:_identify(.) by extensions ['python_setup_py']
[0.136s] Level 1:colcon.colcon_core.package_identification:_identify(.) by extension 'python_setup_py'
[0.136s] Level 1:colcon.colcon_core.package_identification:_identify(build) by extensions ['ignore', 'ignore_ament_install']
[0.136s] Level 1:colcon.colcon_core.package_identification:_identify(build) by extension 'ignore'
[0.136s] Level 1:colcon.colcon_core.package_identification:_identify(build) ignored
[0.136s] Level 1:colcon.colcon_core.package_identification:_identify(install) by extensions ['ignore', 'ignore_ament_install']
[0.136s] Level 1:colcon.colcon_core.package_identification:_identify(install) by extension 'ignore'
[0.136s] Level 1:colcon.colcon_core.package_identification:_identify(install) ignored
[0.136s] Level 1:colcon.colcon_core.package_identification:_identify(log) by extensions ['ignore', 'ignore_ament_install']
[0.136s] Level 1:colcon.colcon_core.package_identification:_identify(log) by extension 'ignore'
[0.136s] Level 1:colcon.colcon_core.package_identification:_identify(log) ignored
[0.136s] Level 1:colcon.colcon_core.package_identification:_identify(src) by extensions ['ignore', 'ignore_ament_install']
[0.136s] Level 1:colcon.colcon_core.package_identification:_identify(src) by extension 'ignore'
[0.137s] Level 1:colcon.colcon_core.package_identification:_identify(src) by extension 'ignore_ament_install'
[0.137s] Level 1:colcon.colcon_core.package_identification:_identify(src) by extensions ['colcon_pkg']
[0.137s] Level 1:colcon.colcon_core.package_identification:_identify(src) by extension 'colcon_pkg'
[0.137s] Level 1:colcon.colcon_core.package_identification:_identify(src) by extensions ['colcon_meta']
[0.137s] Level 1:colcon.colcon_core.package_identification:_identify(src) by extension 'colcon_meta'
[0.137s] Level 1:colcon.colcon_core.package_identification:_identify(src) by extensions ['ros']
[0.137s] Level 1:colcon.colcon_core.package_identification:_identify(src) by extension 'ros'
[0.137s] Level 1:colcon.colcon_core.package_identification:_identify(src) by extensions ['cmake', 'python']
[0.137s] Level 1:colcon.colcon_core.package_identification:_identify(src) by extension 'cmake'
[0.137s] Level 1:colcon.colcon_core.package_identification:_identify(src) by extension 'python'
[0.137s] Level 1:colcon.colcon_core.package_identification:_identify(src) by extensions ['python_setup_py']
[0.137s] Level 1:colcon.colcon_core.package_identification:_identify(src) by extension 'python_setup_py'
[0.137s] Level 1:colcon.colcon_core.package_identification:_identify(src/arm_interfaces) by extensions ['ignore', 'ignore_ament_install']
[0.137s] Level 1:colcon.colcon_core.package_identification:_identify(src/arm_interfaces) by extension 'ignore'
[0.137s] Level 1:colcon.colcon_core.package_identification:_identify(src/arm_interfaces) by extension 'ignore_ament_install'
[0.137s] Level 1:colcon.colcon_core.package_identification:_identify(src/arm_interfaces) by extensions ['colcon_pkg']
[0.137s] Level 1:colcon.colcon_core.package_identification:_identify(src/arm_interfaces) by extension 'colcon_pkg'
[0.137s] Level 1:colcon.colcon_core.package_identification:_identify(src/arm_interfaces) by extensions ['colcon_meta']
[0.137s] Level 1:colcon.colcon_core.package_identification:_identify(src/arm_interfaces) by extension 'colcon_meta'
[0.137s] Level 1:colcon.colcon_core.package_identification:_identify(src/arm_interfaces) by extensions ['ros']
[0.137s] Level 1:colcon.colcon_core.package_identification:_identify(src/arm_interfaces) by extension 'ros'
[0.139s] DEBUG:colcon.colcon_core.package_identification:Package 'src/arm_interfaces' with type 'ros.ament_cmake' and name 'arm_interfaces'
[0.139s] Level 1:colcon.colcon_core.package_identification:_identify(src/arm_pkg) by extensions ['ignore', 'ignore_ament_install']
[0.139s] Level 1:colcon.colcon_core.package_identification:_identify(src/arm_pkg) by extension 'ignore'
[0.139s] Level 1:colcon.colcon_core.package_identification:_identify(src/arm_pkg) by extension 'ignore_ament_install'
[0.139s] Level 1:colcon.colcon_core.package_identification:_identify(src/arm_pkg) by extensions ['colcon_pkg']
[0.139s] Level 1:colcon.colcon_core.package_identification:_identify(src/arm_pkg) by extension 'colcon_pkg'
[0.139s] Level 1:colcon.colcon_core.package_identification:_identify(src/arm_pkg) by extensions ['colcon_meta']
[0.139s] Level 1:colcon.colcon_core.package_identification:_identify(src/arm_pkg) by extension 'colcon_meta'
[0.139s] Level 1:colcon.colcon_core.package_identification:_identify(src/arm_pkg) by extensions ['ros']
[0.139s] Level 1:colcon.colcon_core.package_identification:_identify(src/arm_pkg) by extension 'ros'
[0.139s] DEBUG:colcon.colcon_core.package_identification:Package 'src/arm_pkg' with type 'ros.ament_python' and name 'arm_pkg'
[0.140s] Level 1:colcon.colcon_core.package_discovery:discover_packages(recursive) using defaults
[0.140s] Level 1:colcon.colcon_core.package_discovery:discover_packages(ignore) discover
[0.140s] Level 1:colcon.colcon_core.package_discovery:discover_packages(ignore) using defaults
[0.140s] Level 1:colcon.colcon_core.package_discovery:discover_packages(path) discover
[0.140s] Level 1:colcon.colcon_core.package_discovery:discover_packages(path) using defaults
[0.153s] Level 1:colcon.colcon_core.package_discovery:discover_packages(prefix_path) check parameters
[0.153s] Level 1:colcon.colcon_core.package_discovery:discover_packages(prefix_path) discover
[0.156s] DEBUG:colcon.colcon_installed_package_information.package_discovery:Found 1 installed packages in /home/erik/armnode_ws/install
[0.156s] DEBUG:colcon.colcon_installed_package_information.package_discovery:Found 1 installed packages in /home/erik/ros2_ws/install
[0.157s] DEBUG:colcon.colcon_installed_package_information.package_discovery:Found 256 installed packages in /opt/ros/foxy
[0.159s] Level 1:colcon.colcon_core.package_discovery:discover_packages(prefix_path) using defaults
[0.202s] Level 5:colcon.colcon_core.verb:set package 'arm_interfaces' build argument 'cmake_args' from command line to 'None'
[0.202s] Level 5:colcon.colcon_core.verb:set package 'arm_interfaces' build argument 'cmake_target' from command line to 'None'
[0.202s] Level 5:colcon.colcon_core.verb:set package 'arm_interfaces' build argument 'cmake_target_skip_unavailable' from command line to 'False'
[0.202s] Level 5:colcon.colcon_core.verb:set package 'arm_interfaces' build argument 'cmake_clean_cache' from command line to 'False'
[0.202s] Level 5:colcon.colcon_core.verb:set package 'arm_interfaces' build argument 'cmake_clean_first' from command line to 'False'
[0.202s] Level 5:colcon.colcon_core.verb:set package 'arm_interfaces' build argument 'cmake_force_configure' from command line to 'False'
[0.202s] Level 5:colcon.colcon_core.verb:set package 'arm_interfaces' build argument 'ament_cmake_args' from command line to 'None'
[0.202s] Level 5:colcon.colcon_core.verb:set package 'arm_interfaces' build argument 'catkin_cmake_args' from command line to 'None'
[0.202s] Level 5:colcon.colcon_core.verb:set package 'arm_interfaces' build argument 'catkin_skip_building_tests' from command line to 'False'
[0.202s] DEBUG:colcon.colcon_core.verb:Building package 'arm_interfaces' with the following arguments: {'ament_cmake_args': None, 'build_base': '/home/erik/armnode_ws/build/arm_interfaces', 'catkin_cmake_args': None, 'catkin_skip_building_tests': False, 'cmake_args': None, 'cmake_clean_cache': False, 'cmake_clean_first': False, 'cmake_force_configure': False, 'cmake_target': None, 'cmake_target_skip_unavailable': False, 'install_base': '/home/erik/armnode_ws/install/arm_interfaces', 'merge_install': False, 'path': '/home/erik/armnode_ws/src/arm_interfaces', 'symlink_install': False, 'test_result_base': None}
[0.203s] Level 5:colcon.colcon_core.verb:set package 'arm_pkg' build argument 'cmake_args' from command line to 'None'
[0.203s] Level 5:colcon.colcon_core.verb:set package 'arm_pkg' build argument 'cmake_target' from command line to 'None'
[0.203s] Level 5:colcon.colcon_core.verb:set package 'arm_pkg' build argument 'cmake_target_skip_unavailable' from command line to 'False'
[0.203s] Level 5:colcon.colcon_core.verb:set package 'arm_pkg' build argument 'cmake_clean_cache' from command line to 'False'
[0.203s] Level 5:colcon.colcon_core.verb:set package 'arm_pkg' build argument 'cmake_clean_first' from command line to 'False'
[0.203s] Level 5:colcon.colcon_core.verb:set package 'arm_pkg' build argument 'cmake_force_configure' from command line to 'False'
[0.203s] Level 5:colcon.colcon_core.verb:set package 'arm_pkg' build argument 'ament_cmake_args' from command line to 'None'
[0.203s] Level 5:colcon.colcon_core.verb:set package 'arm_pkg' build argument 'catkin_cmake_args' from command line to 'None'
[0.203s] Level 5:colcon.colcon_core.verb:set package 'arm_pkg' build argument 'catkin_skip_building_tests' from command line to 'False'
[0.203s] DEBUG:colcon.colcon_core.verb:Building package 'arm_pkg' with the following arguments: {'ament_cmake_args': None, 'build_base': '/home/erik/armnode_ws/build/arm_pkg', 'catkin_cmake_args': None, 'catkin_skip_building_tests': False, 'cmake_args': None, 'cmake_clean_cache': False, 'cmake_clean_first': False, 'cmake_force_configure': False, 'cmake_target': None, 'cmake_target_skip_unavailable': False, 'install_base': '/home/erik/armnode_ws/install/arm_pkg', 'merge_install': False, 'path': '/home/erik/armnode_ws/src/arm_pkg', 'symlink_install': False, 'test_result_base': None}
[0.204s] INFO:colcon.colcon_core.executor:Executing jobs using 'parallel' executor
[0.207s] DEBUG:colcon.colcon_parallel_executor.executor.parallel:run_until_complete
[0.207s] INFO:colcon.colcon_ros.task.ament_cmake.build:Building ROS package in '/home/erik/armnode_ws/src/arm_interfaces' with build type 'ament_cmake'
[0.207s] INFO:colcon.colcon_cmake.task.cmake.build:Building CMake package in '/home/erik/armnode_ws/src/arm_interfaces'
[0.211s] INFO:colcon.colcon_core.plugin_system:Skipping extension 'colcon_core.shell.bat': Not used on non-Windows systems
[0.211s] INFO:colcon.colcon_core.shell:Skip shell extension 'powershell' for command environment: Not usable outside of PowerShell
[0.211s] DEBUG:colcon.colcon_core.shell:Skip shell extension 'dsv' for command environment
[0.214s] DEBUG:colcon.colcon_core.shell:Ignoring prefix path '/opt/ros/noetic'
[0.217s] INFO:colcon.colcon_ros.task.ament_python.build:Building ROS package in '/home/erik/armnode_ws/src/arm_pkg' with build type 'ament_python'
[0.217s] Level 1:colcon.colcon_core.shell:create_environment_hook('arm_pkg', 'ament_prefix_path')
[0.219s] INFO:colcon.colcon_core.shell:Creating environment hook '/home/erik/armnode_ws/install/arm_pkg/share/arm_pkg/hook/ament_prefix_path.ps1'
[0.220s] INFO:colcon.colcon_core.shell:Creating environment descriptor '/home/erik/armnode_ws/install/arm_pkg/share/arm_pkg/hook/ament_prefix_path.dsv'
[0.221s] INFO:colcon.colcon_core.shell:Creating environment hook '/home/erik/armnode_ws/install/arm_pkg/share/arm_pkg/hook/ament_prefix_path.sh'
[0.223s] INFO:colcon.colcon_core.shell:Skip shell extension 'powershell' for command environment: Not usable outside of PowerShell
[0.223s] DEBUG:colcon.colcon_core.shell:Skip shell extension 'dsv' for command environment
[0.226s] DEBUG:colcon.colcon_core.shell:Ignoring prefix path '/opt/ros/noetic'
[0.230s] DEBUG:colcon.colcon_core.event_handler.log_command:Invoking command in '/home/erik/armnode_ws/build/arm_interfaces': CMAKE_PREFIX_PATH=/home/erik/armnode_ws/install/arm_pkg:/home/erik/ros2_ws/install/my_python_pkg:/opt/ros/foxy:${CMAKE_PREFIX_PATH} /usr/bin/cmake /home/erik/armnode_ws/src/arm_interfaces -DCMAKE_INSTALL_PREFIX=/home/erik/armnode_ws/install/arm_interfaces
[0.407s] INFO:colcon.colcon_core.task.python.build:Building Python package in '/home/erik/armnode_ws/src/arm_pkg'
[0.408s] INFO:colcon.colcon_core.shell:Skip shell extension 'powershell' for command environment: Not usable outside of PowerShell
[0.408s] DEBUG:colcon.colcon_core.shell:Skip shell extension 'dsv' for command environment
[0.412s] DEBUG:colcon.colcon_core.shell:Ignoring prefix path '/opt/ros/noetic'
[0.771s] DEBUG:colcon.colcon_core.event_handler.log_command:Invoking command in '/home/erik/armnode_ws/src/arm_pkg': PYTHONPATH=/home/erik/armnode_ws/install/arm_pkg/lib/python3.8/site-packages:${PYTHONPATH} /usr/bin/python3 setup.py egg_info --egg-base ../../build/arm_pkg build --build-base /home/erik/armnode_ws/build/arm_pkg/build install --prefix /home/erik/armnode_ws/install/arm_pkg --record /home/erik/armnode_ws/build/arm_pkg/install.log --single-version-externally-managed
[1.004s] DEBUG:colcon.colcon_core.event_handler.log_command:Invoked command in '/home/erik/armnode_ws/src/arm_pkg' returned '0': PYTHONPATH=/home/erik/armnode_ws/install/arm_pkg/lib/python3.8/site-packages:${PYTHONPATH} /usr/bin/python3 setup.py egg_info --egg-base ../../build/arm_pkg build --build-base /home/erik/armnode_ws/build/arm_pkg/build install --prefix /home/erik/armnode_ws/install/arm_pkg --record /home/erik/armnode_ws/build/arm_pkg/install.log --single-version-externally-managed
[1.010s] Level 1:colcon.colcon_core.environment:checking '/home/erik/armnode_ws/install/arm_pkg' for CMake module files
[1.010s] Level 1:colcon.colcon_core.environment:checking '/home/erik/armnode_ws/install/arm_pkg' for CMake config files
[1.010s] Level 1:colcon.colcon_core.environment:checking '/home/erik/armnode_ws/install/arm_pkg/lib'
[1.011s] Level 1:colcon.colcon_core.environment:checking '/home/erik/armnode_ws/install/arm_pkg/bin'
[1.011s] Level 1:colcon.colcon_core.environment:checking '/home/erik/armnode_ws/install/arm_pkg/lib/pkgconfig/arm_pkg.pc'
[1.011s] Level 1:colcon.colcon_core.environment:checking '/home/erik/armnode_ws/install/arm_pkg/lib/python3.8/site-packages'
[1.011s] Level 1:colcon.colcon_core.shell:create_environment_hook('arm_pkg', 'pythonpath')
[1.012s] INFO:colcon.colcon_core.shell:Creating environment hook '/home/erik/armnode_ws/install/arm_pkg/share/arm_pkg/hook/pythonpath.ps1'
[1.012s] INFO:colcon.colcon_core.shell:Creating environment descriptor '/home/erik/armnode_ws/install/arm_pkg/share/arm_pkg/hook/pythonpath.dsv'
[1.012s] INFO:colcon.colcon_core.shell:Creating environment hook '/home/erik/armnode_ws/install/arm_pkg/share/arm_pkg/hook/pythonpath.sh'
[1.013s] Level 1:colcon.colcon_core.environment:checking '/home/erik/armnode_ws/install/arm_pkg/bin'
[1.013s] Level 1:colcon.colcon_core.environment:create_environment_scripts_only(arm_pkg)
[1.014s] INFO:colcon.colcon_core.shell:Creating package script '/home/erik/armnode_ws/install/arm_pkg/share/arm_pkg/package.ps1'
[1.015s] INFO:colcon.colcon_core.shell:Creating package descriptor '/home/erik/armnode_ws/install/arm_pkg/share/arm_pkg/package.dsv'
[1.016s] INFO:colcon.colcon_core.shell:Creating package script '/home/erik/armnode_ws/install/arm_pkg/share/arm_pkg/package.sh'
[1.017s] INFO:colcon.colcon_core.shell:Creating package script '/home/erik/armnode_ws/install/arm_pkg/share/arm_pkg/package.bash'
[1.018s] INFO:colcon.colcon_core.shell:Creating package script '/home/erik/armnode_ws/install/arm_pkg/share/arm_pkg/package.zsh'
[1.019s] Level 1:colcon.colcon_core.environment:create_file_with_runtime_dependencies(/home/erik/armnode_ws/install/arm_pkg/share/colcon-core/packages/arm_pkg)
[1.321s] DEBUG:colcon.colcon_core.event_handler.log_command:Invoked command in '/home/erik/armnode_ws/build/arm_interfaces' returned '0': CMAKE_PREFIX_PATH=/home/erik/armnode_ws/install/arm_pkg:/home/erik/ros2_ws/install/my_python_pkg:/opt/ros/foxy:${CMAKE_PREFIX_PATH} /usr/bin/cmake /home/erik/armnode_ws/src/arm_interfaces -DCMAKE_INSTALL_PREFIX=/home/erik/armnode_ws/install/arm_interfaces
[1.324s] DEBUG:colcon.colcon_core.event_handler.log_command:Invoking command in '/home/erik/armnode_ws/build/arm_interfaces': CMAKE_PREFIX_PATH=/home/erik/armnode_ws/install/arm_pkg:/home/erik/ros2_ws/install/my_python_pkg:/opt/ros/foxy:${CMAKE_PREFIX_PATH} /usr/bin/cmake --build /home/erik/armnode_ws/build/arm_interfaces -- -j8 -l8
[4.556s] DEBUG:colcon.colcon_core.event_handler.log_command:Invoked command in '/home/erik/armnode_ws/build/arm_interfaces' returned '0': CMAKE_PREFIX_PATH=/home/erik/armnode_ws/install/arm_pkg:/home/erik/ros2_ws/install/my_python_pkg:/opt/ros/foxy:${CMAKE_PREFIX_PATH} /usr/bin/cmake --build /home/erik/armnode_ws/build/arm_interfaces -- -j8 -l8
[4.610s] DEBUG:colcon.colcon_core.event_handler.log_command:Invoking command in '/home/erik/armnode_ws/build/arm_interfaces': CMAKE_PREFIX_PATH=/home/erik/armnode_ws/install/arm_pkg:/home/erik/ros2_ws/install/my_python_pkg:/opt/ros/foxy:${CMAKE_PREFIX_PATH} /usr/bin/cmake --install /home/erik/armnode_ws/build/arm_interfaces
[4.656s] Level 1:colcon.colcon_core.environment:create_environment_scripts_only(arm_interfaces)
[4.658s] Level 1:colcon.colcon_core.environment:checking '/home/erik/armnode_ws/install/arm_interfaces' for CMake module files
[4.658s] DEBUG:colcon.colcon_core.event_handler.log_command:Invoked command in '/home/erik/armnode_ws/build/arm_interfaces' returned '0': CMAKE_PREFIX_PATH=/home/erik/armnode_ws/install/arm_pkg:/home/erik/ros2_ws/install/my_python_pkg:/opt/ros/foxy:${CMAKE_PREFIX_PATH} /usr/bin/cmake --install /home/erik/armnode_ws/build/arm_interfaces
[4.659s] Level 1:colcon.colcon_core.environment:checking '/home/erik/armnode_ws/install/arm_interfaces' for CMake config files
[4.659s] Level 1:colcon.colcon_core.shell:create_environment_hook('arm_interfaces', 'cmake_prefix_path')
[4.660s] INFO:colcon.colcon_core.shell:Creating environment hook '/home/erik/armnode_ws/install/arm_interfaces/share/arm_interfaces/hook/cmake_prefix_path.ps1'
[4.660s] INFO:colcon.colcon_core.shell:Creating environment descriptor '/home/erik/armnode_ws/install/arm_interfaces/share/arm_interfaces/hook/cmake_prefix_path.dsv'
[4.661s] INFO:colcon.colcon_core.shell:Creating environment hook '/home/erik/armnode_ws/install/arm_interfaces/share/arm_interfaces/hook/cmake_prefix_path.sh'
[4.661s] Level 1:colcon.colcon_core.environment:checking '/home/erik/armnode_ws/install/arm_interfaces/lib'
[4.661s] Level 1:colcon.colcon_core.shell:create_environment_hook('arm_interfaces', 'ld_library_path_lib')
[4.662s] INFO:colcon.colcon_core.shell:Creating environment hook '/home/erik/armnode_ws/install/arm_interfaces/share/arm_interfaces/hook/ld_library_path_lib.ps1'
[4.662s] INFO:colcon.colcon_core.shell:Creating environment descriptor '/home/erik/armnode_ws/install/arm_interfaces/share/arm_interfaces/hook/ld_library_path_lib.dsv'
[4.662s] INFO:colcon.colcon_core.shell:Creating environment hook '/home/erik/armnode_ws/install/arm_interfaces/share/arm_interfaces/hook/ld_library_path_lib.sh'
[4.663s] Level 1:colcon.colcon_core.environment:checking '/home/erik/armnode_ws/install/arm_interfaces/bin'
[4.663s] Level 1:colcon.colcon_core.environment:checking '/home/erik/armnode_ws/install/arm_interfaces/lib/pkgconfig/arm_interfaces.pc'
[4.663s] Level 1:colcon.colcon_core.environment:checking '/home/erik/armnode_ws/install/arm_interfaces/lib/python3.8/site-packages'
[4.663s] Level 1:colcon.colcon_core.shell:create_environment_hook('arm_interfaces', 'pythonpath')
[4.664s] INFO:colcon.colcon_core.shell:Creating environment hook '/home/erik/armnode_ws/install/arm_interfaces/share/arm_interfaces/hook/pythonpath.ps1'
[4.664s] INFO:colcon.colcon_core.shell:Creating environment descriptor '/home/erik/armnode_ws/install/arm_interfaces/share/arm_interfaces/hook/pythonpath.dsv'
[4.664s] INFO:colcon.colcon_core.shell:Creating environment hook '/home/erik/armnode_ws/install/arm_interfaces/share/arm_interfaces/hook/pythonpath.sh'
[4.665s] Level 1:colcon.colcon_core.environment:checking '/home/erik/armnode_ws/install/arm_interfaces/bin'
[4.666s] INFO:colcon.colcon_core.shell:Creating package script '/home/erik/armnode_ws/install/arm_interfaces/share/arm_interfaces/package.ps1'
[4.666s] INFO:colcon.colcon_core.shell:Creating package descriptor '/home/erik/armnode_ws/install/arm_interfaces/share/arm_interfaces/package.dsv'
[4.666s] INFO:colcon.colcon_core.shell:Creating package script '/home/erik/armnode_ws/install/arm_interfaces/share/arm_interfaces/package.sh'
[4.667s] INFO:colcon.colcon_core.shell:Creating package script '/home/erik/armnode_ws/install/arm_interfaces/share/arm_interfaces/package.bash'
[4.667s] INFO:colcon.colcon_core.shell:Creating package script '/home/erik/armnode_ws/install/arm_interfaces/share/arm_interfaces/package.zsh'
[4.667s] Level 1:colcon.colcon_core.environment:create_file_with_runtime_dependencies(/home/erik/armnode_ws/install/arm_interfaces/share/colcon-core/packages/arm_interfaces)
[4.712s] Level 1:colcon.colcon_core.environment:create_environment_scripts_only(arm_interfaces)
[4.714s] Level 1:colcon.colcon_core.environment:checking '/home/erik/armnode_ws/install/arm_interfaces' for CMake module files
[4.714s] Level 1:colcon.colcon_core.environment:checking '/home/erik/armnode_ws/install/arm_interfaces' for CMake config files
[4.714s] Level 1:colcon.colcon_core.shell:create_environment_hook('arm_interfaces', 'cmake_prefix_path')
[4.715s] INFO:colcon.colcon_core.shell:Creating environment hook '/home/erik/armnode_ws/install/arm_interfaces/share/arm_interfaces/hook/cmake_prefix_path.ps1'
[4.716s] INFO:colcon.colcon_core.shell:Creating environment descriptor '/home/erik/armnode_ws/install/arm_interfaces/share/arm_interfaces/hook/cmake_prefix_path.dsv'
[4.716s] INFO:colcon.colcon_core.shell:Creating environment hook '/home/erik/armnode_ws/install/arm_interfaces/share/arm_interfaces/hook/cmake_prefix_path.sh'
[4.716s] Level 1:colcon.colcon_core.environment:checking '/home/erik/armnode_ws/install/arm_interfaces/lib'
[4.717s] Level 1:colcon.colcon_core.shell:create_environment_hook('arm_interfaces', 'ld_library_path_lib')
[4.718s] INFO:colcon.colcon_core.shell:Creating environment hook '/home/erik/armnode_ws/install/arm_interfaces/share/arm_interfaces/hook/ld_library_path_lib.ps1'
[4.718s] INFO:colcon.colcon_core.shell:Creating environment descriptor '/home/erik/armnode_ws/install/arm_interfaces/share/arm_interfaces/hook/ld_library_path_lib.dsv'
[4.718s] INFO:colcon.colcon_core.shell:Creating environment hook '/home/erik/armnode_ws/install/arm_interfaces/share/arm_interfaces/hook/ld_library_path_lib.sh'
[4.718s] Level 1:colcon.colcon_core.environment:checking '/home/erik/armnode_ws/install/arm_interfaces/bin'
[4.718s] Level 1:colcon.colcon_core.environment:checking '/home/erik/armnode_ws/install/arm_interfaces/lib/pkgconfig/arm_interfaces.pc'
[4.719s] Level 1:colcon.colcon_core.environment:checking '/home/erik/armnode_ws/install/arm_interfaces/lib/python3.8/site-packages'
[4.719s] Level 1:colcon.colcon_core.shell:create_environment_hook('arm_interfaces', 'pythonpath')
[4.720s] INFO:colcon.colcon_core.shell:Creating environment hook '/home/erik/armnode_ws/install/arm_interfaces/share/arm_interfaces/hook/pythonpath.ps1'
[4.720s] INFO:colcon.colcon_core.shell:Creating environment descriptor '/home/erik/armnode_ws/install/arm_interfaces/share/arm_interfaces/hook/pythonpath.dsv'
[4.721s] INFO:colcon.colcon_core.shell:Creating environment hook '/home/erik/armnode_ws/install/arm_interfaces/share/arm_interfaces/hook/pythonpath.sh'
[4.721s] Level 1:colcon.colcon_core.environment:checking '/home/erik/armnode_ws/install/arm_interfaces/bin'
[4.722s] INFO:colcon.colcon_core.shell:Creating package script '/home/erik/armnode_ws/install/arm_interfaces/share/arm_interfaces/package.ps1'
[4.723s] INFO:colcon.colcon_core.shell:Creating package descriptor '/home/erik/armnode_ws/install/arm_interfaces/share/arm_interfaces/package.dsv'
[4.723s] INFO:colcon.colcon_core.shell:Creating package script '/home/erik/armnode_ws/install/arm_interfaces/share/arm_interfaces/package.sh'
[4.724s] INFO:colcon.colcon_core.shell:Creating package script '/home/erik/armnode_ws/install/arm_interfaces/share/arm_interfaces/package.bash'
[4.724s] INFO:colcon.colcon_core.shell:Creating package script '/home/erik/armnode_ws/install/arm_interfaces/share/arm_interfaces/package.zsh'
[4.725s] Level 1:colcon.colcon_core.environment:create_file_with_runtime_dependencies(/home/erik/armnode_ws/install/arm_interfaces/share/colcon-core/packages/arm_interfaces)
[4.725s] DEBUG:colcon.colcon_parallel_executor.executor.parallel:closing loop
[4.725s] DEBUG:colcon.colcon_parallel_executor.executor.parallel:loop closed
[4.725s] DEBUG:colcon.colcon_parallel_executor.executor.parallel:run_until_complete finished with '0'
[4.725s] DEBUG:colcon.colcon_core.event_reactor:joining thread
[4.733s] INFO:colcon.colcon_core.plugin_system:Skipping extension 'colcon_notification.desktop_notification.terminal_notifier': Not used on non-Darwin systems
[4.733s] INFO:colcon.colcon_core.plugin_system:Skipping extension 'colcon_notification.desktop_notification.win32': Not used on non-Windows systems
[4.733s] INFO:colcon.colcon_notification.desktop_notification:Sending desktop notification using 'notify2'
[4.747s] DEBUG:colcon.colcon_core.event_reactor:joined thread
[4.749s] INFO:colcon.colcon_core.shell:Creating prefix script '/home/erik/armnode_ws/install/local_setup.ps1'
[4.750s] INFO:colcon.colcon_core.shell:Creating prefix util module '/home/erik/armnode_ws/install/_local_setup_util_ps1.py'
[4.752s] INFO:colcon.colcon_core.shell:Creating prefix chain script '/home/erik/armnode_ws/install/setup.ps1'
[4.754s] INFO:colcon.colcon_core.shell:Creating prefix script '/home/erik/armnode_ws/install/local_setup.sh'
[4.755s] INFO:colcon.colcon_core.shell:Creating prefix util module '/home/erik/armnode_ws/install/_local_setup_util_sh.py'
[4.756s] INFO:colcon.colcon_core.shell:Creating prefix chain script '/home/erik/armnode_ws/install/setup.sh'
[4.758s] INFO:colcon.colcon_core.shell:Creating prefix script '/home/erik/armnode_ws/install/local_setup.bash'
[4.759s] INFO:colcon.colcon_core.shell:Creating prefix chain script '/home/erik/armnode_ws/install/setup.bash'
[4.760s] INFO:colcon.colcon_core.shell:Creating prefix script '/home/erik/armnode_ws/install/local_setup.zsh'
[4.761s] INFO:colcon.colcon_core.shell:Creating prefix chain script '/home/erik/armnode_ws/install/setup.zsh'
