[0.431s] Invoking command in '/home/erik/armnode_ws/src/arm_pkg': PYTHONPATH=/home/erik/armnode_ws/install/arm_pkg/lib/python3.8/site-packages:${PYTHONPATH} /usr/bin/python3 setup.py egg_info --egg-base ../../build/arm_pkg build --build-base /home/erik/armnode_ws/build/arm_pkg/build install --prefix /home/erik/armnode_ws/install/arm_pkg --record /home/erik/armnode_ws/build/arm_pkg/install.log --single-version-externally-managed
[0.574s] running egg_info
[0.574s] writing ../../build/arm_pkg/arm_pkg.egg-info/PKG-INFO
[0.574s] writing dependency_links to ../../build/arm_pkg/arm_pkg.egg-info/dependency_links.txt
[0.574s] writing entry points to ../../build/arm_pkg/arm_pkg.egg-info/entry_points.txt
[0.574s] writing requirements to ../../build/arm_pkg/arm_pkg.egg-info/requires.txt
[0.574s] writing top-level names to ../../build/arm_pkg/arm_pkg.egg-info/top_level.txt
[0.603s] reading manifest file '../../build/arm_pkg/arm_pkg.egg-info/SOURCES.txt'
[0.603s] writing manifest file '../../build/arm_pkg/arm_pkg.egg-info/SOURCES.txt'
[0.603s] running build
[0.603s] running build_py
[0.604s] running install
[0.604s] running install_lib
[0.605s] running install_data
[0.606s] copying package.xml -> /home/erik/armnode_ws/install/arm_pkg/share/arm_pkg
[0.606s] running install_egg_info
[0.607s] removing '/home/erik/armnode_ws/install/arm_pkg/lib/python3.8/site-packages/arm_pkg-0.0.0-py3.8.egg-info' (and everything under it)
[0.607s] Copying ../../build/arm_pkg/arm_pkg.egg-info to /home/erik/armnode_ws/install/arm_pkg/lib/python3.8/site-packages/arm_pkg-0.0.0-py3.8.egg-info
[0.608s] running install_scripts
[0.621s] Installing arm_node script to /home/erik/armnode_ws/install/arm_pkg/lib/arm_pkg
[0.621s] writing list of installed files to '/home/erik/armnode_ws/build/arm_pkg/install.log'
[0.640s] Invoked command in '/home/erik/armnode_ws/src/arm_pkg' returned '0': PYTHONPATH=/home/erik/armnode_ws/install/arm_pkg/lib/python3.8/site-packages:${PYTHONPATH} /usr/bin/python3 setup.py egg_info --egg-base ../../build/arm_pkg build --build-base /home/erik/armnode_ws/build/arm_pkg/build install --prefix /home/erik/armnode_ws/install/arm_pkg --record /home/erik/armnode_ws/build/arm_pkg/install.log --single-version-externally-managed
