[0.023s] Invoking command in '/home/erik/armnode_ws/build/arm_interfaces': CMAKE_PREFIX_PATH=/home/erik/armnode_ws/install/arm_pkg:/home/erik/ros2_ws/install/my_python_pkg:/opt/ros/foxy:${CMAKE_PREFIX_PATH} /usr/bin/cmake /home/erik/armnode_ws/src/arm_interfaces -DCMAKE_INSTALL_PREFIX=/home/erik/armnode_ws/install/arm_interfaces
[0.105s] -- The C compiler identification is GNU 9.4.0
[0.160s] -- The CXX compiler identification is GNU 9.4.0
[0.166s] -- Check for working C compiler: /usr/bin/cc
[0.218s] -- Check for working C compiler: /usr/bin/cc -- works
[0.220s] -- Detecting C compiler ABI info
[0.271s] -- Detecting C compiler ABI info - done
[0.281s] -- Detecting C compile features
[0.282s] -- Detecting C compile features - done
[0.284s] -- Check for working CXX compiler: /usr/bin/c++
[0.342s] -- Check for working CXX compiler: /usr/bin/c++ -- works
[0.343s] -- Detecting CXX compiler ABI info
[0.401s] -- Detecting CXX compiler ABI info - done
[0.409s] -- Detecting CXX compile features
[0.410s] -- Detecting CXX compile features - done
[0.411s] -- Found ament_cmake: 0.9.11 (/opt/ros/foxy/share/ament_cmake/cmake)
[0.431s] -- Found PythonInterp: /usr/bin/python3 (found suitable version "3.8.10", minimum required is "3") 
[0.431s] -- Using PYTHON_EXECUTABLE: /usr/bin/python3
[0.606s] -- Found rosidl_default_generators: 1.0.1 (/opt/ros/foxy/share/rosidl_default_generators/cmake)
[0.608s] -- Using all available rosidl_typesupport_c: rosidl_typesupport_fastrtps_c;rosidl_typesupport_introspection_c
[0.613s] -- Found rosidl_adapter: 1.3.0 (/opt/ros/foxy/share/rosidl_adapter/cmake)
[0.692s] -- Found OpenSSL: /usr/lib/x86_64-linux-gnu/libcrypto.so (found version "1.1.1f")  
[0.715s] -- Found FastRTPS: /opt/ros/foxy/include  
[0.779s] -- Using all available rosidl_typesupport_cpp: rosidl_typesupport_fastrtps_cpp;rosidl_typesupport_introspection_cpp
[0.815s] -- Found PythonInterp: /usr/bin/python3 (found version "3.8.10") 
[0.894s] -- Found ament_cmake_ros: 0.9.2 (/opt/ros/foxy/share/ament_cmake_ros/cmake)
[0.966s] -- Using all available rosidl_typesupport_c: rosidl_typesupport_fastrtps_c;rosidl_typesupport_introspection_c
[0.976s] -- Using all available rosidl_typesupport_cpp: rosidl_typesupport_fastrtps_cpp;rosidl_typesupport_introspection_cpp
[1.001s] -- Found PythonInterp: /usr/bin/python3 (found suitable version "3.8.10", minimum required is "3.5") 
[1.002s] -- Found python_cmake_module: 0.8.1 (/opt/ros/foxy/share/python_cmake_module/cmake)
[1.027s] -- Found PythonLibs: /usr/lib/x86_64-linux-gnu/libpython3.8.so (found suitable version "3.8.10", minimum required is "3.5") 
[1.027s] -- Using PYTHON_EXECUTABLE: /usr/bin/python3
[1.027s] -- Using PYTHON_INCLUDE_DIRS: /usr/include/python3.8
[1.027s] -- Using PYTHON_LIBRARIES: /usr/lib/x86_64-linux-gnu/libpython3.8.so
[1.045s] -- Found PythonExtra: .so  
[1.081s] -- Configuring done
[1.105s] -- Generating done
[1.107s] -- Build files have been written to: /home/erik/armnode_ws/build/arm_interfaces
[1.114s] Invoked command in '/home/erik/armnode_ws/build/arm_interfaces' returned '0': CMAKE_PREFIX_PATH=/home/erik/armnode_ws/install/arm_pkg:/home/erik/ros2_ws/install/my_python_pkg:/opt/ros/foxy:${CMAKE_PREFIX_PATH} /usr/bin/cmake /home/erik/armnode_ws/src/arm_interfaces -DCMAKE_INSTALL_PREFIX=/home/erik/armnode_ws/install/arm_interfaces
[1.116s] Invoking command in '/home/erik/armnode_ws/build/arm_interfaces': CMAKE_PREFIX_PATH=/home/erik/armnode_ws/install/arm_pkg:/home/erik/ros2_ws/install/my_python_pkg:/opt/ros/foxy:${CMAKE_PREFIX_PATH} /usr/bin/cmake --build /home/erik/armnode_ws/build/arm_interfaces -- -j8 -l8
[1.152s] [  2%] [34m[1mGenerating C code for ROS interfaces[0m
[1.152s] [35m[1mScanning dependencies of target arm_interfaces__cpp[0m
[1.163s] [  5%] [34m[1mGenerating C++ code for ROS interfaces[0m
[1.498s] [35m[1mScanning dependencies of target arm_interfaces__rosidl_generator_c[0m
[1.516s] [  5%] Built target arm_interfaces__cpp
[1.516s] [ 10%] [32mBuilding C object CMakeFiles/arm_interfaces__rosidl_generator_c.dir/rosidl_generator_c/arm_interfaces/msg/detail/live_tune__functions.c.o[0m
[1.516s] [ 10%] [32mBuilding C object CMakeFiles/arm_interfaces__rosidl_generator_c.dir/rosidl_generator_c/arm_interfaces/msg/detail/six_floats__functions.c.o[0m
[1.529s] [ 12%] [34m[1mGenerating C++ type support for eProsima Fast-RTPS[0m
[1.530s] [ 15%] [34m[1mGenerating C++ introspection for ROS interfaces[0m
[1.534s] [ 17%] [34m[1mGenerating C++ type support dispatch for ROS interfaces[0m
[1.596s] [ 20%] [32m[1mLinking C shared library libarm_interfaces__rosidl_generator_c.so[0m
[1.647s] [ 20%] Built target arm_interfaces__rosidl_generator_c
[1.662s] [ 23%] [34m[1mGenerating C introspection for ROS interfaces[0m
[1.662s] [ 25%] [34m[1mGenerating C type support dispatch for ROS interfaces[0m
[1.915s] [35m[1mScanning dependencies of target arm_interfaces__rosidl_typesupport_cpp[0m
[1.933s] [ 28%] [32mBuilding CXX object CMakeFiles/arm_interfaces__rosidl_typesupport_cpp.dir/rosidl_typesupport_cpp/arm_interfaces/msg/six_floats__type_support.cpp.o[0m
[1.938s] [ 30%] [32mBuilding CXX object CMakeFiles/arm_interfaces__rosidl_typesupport_cpp.dir/rosidl_typesupport_cpp/arm_interfaces/msg/live_tune__type_support.cpp.o[0m
[1.978s] [35m[1mScanning dependencies of target arm_interfaces__rosidl_typesupport_introspection_cpp[0m
[1.986s] [35m[1mScanning dependencies of target arm_interfaces__rosidl_typesupport_fastrtps_cpp[0m
[1.997s] [ 33%] [32mBuilding CXX object CMakeFiles/arm_interfaces__rosidl_typesupport_introspection_cpp.dir/rosidl_typesupport_introspection_cpp/arm_interfaces/msg/detail/live_tune__type_support.cpp.o[0m
[1.998s] [ 35%] [32mBuilding CXX object CMakeFiles/arm_interfaces__rosidl_typesupport_introspection_cpp.dir/rosidl_typesupport_introspection_cpp/arm_interfaces/msg/detail/six_floats__type_support.cpp.o[0m
[2.011s] [ 38%] [32mBuilding CXX object CMakeFiles/arm_interfaces__rosidl_typesupport_fastrtps_cpp.dir/rosidl_typesupport_fastrtps_cpp/arm_interfaces/msg/detail/dds_fastrtps/six_floats__type_support.cpp.o[0m
[2.018s] [ 41%] [32mBuilding CXX object CMakeFiles/arm_interfaces__rosidl_typesupport_fastrtps_cpp.dir/rosidl_typesupport_fastrtps_cpp/arm_interfaces/msg/detail/dds_fastrtps/live_tune__type_support.cpp.o[0m
[2.120s] [35m[1mScanning dependencies of target arm_interfaces__rosidl_typesupport_c[0m
[2.150s] [ 43%] [32mBuilding CXX object CMakeFiles/arm_interfaces__rosidl_typesupport_c.dir/rosidl_typesupport_c/arm_interfaces/msg/six_floats__type_support.cpp.o[0m
[2.182s] [35m[1mScanning dependencies of target arm_interfaces__rosidl_typesupport_introspection_c[0m
[2.228s] [ 46%] [32mBuilding C object CMakeFiles/arm_interfaces__rosidl_typesupport_introspection_c.dir/rosidl_typesupport_introspection_c/arm_interfaces/msg/detail/six_floats__type_support.c.o[0m
[2.270s] [ 48%] [32mBuilding CXX object CMakeFiles/arm_interfaces__rosidl_typesupport_c.dir/rosidl_typesupport_c/arm_interfaces/msg/live_tune__type_support.cpp.o[0m
[2.288s] [ 51%] [32mBuilding C object CMakeFiles/arm_interfaces__rosidl_typesupport_introspection_c.dir/rosidl_typesupport_introspection_c/arm_interfaces/msg/detail/live_tune__type_support.c.o[0m
[2.354s] [ 53%] [32m[1mLinking C shared library libarm_interfaces__rosidl_typesupport_introspection_c.so[0m
[2.366s] [ 56%] [32m[1mLinking CXX shared library libarm_interfaces__rosidl_typesupport_c.so[0m
[2.447s] [ 56%] Built target arm_interfaces__rosidl_typesupport_introspection_c
[2.458s] [ 56%] Built target arm_interfaces__rosidl_typesupport_c
[2.621s] [ 58%] [32m[1mLinking CXX shared library libarm_interfaces__rosidl_typesupport_cpp.so[0m
[2.656s] [ 61%] [32m[1mLinking CXX shared library libarm_interfaces__rosidl_typesupport_introspection_cpp.so[0m
[2.670s] [ 61%] Built target arm_interfaces__rosidl_typesupport_cpp
[2.727s] [ 64%] [32m[1mLinking CXX shared library libarm_interfaces__rosidl_typesupport_fastrtps_cpp.so[0m
[2.729s] [ 64%] Built target arm_interfaces__rosidl_typesupport_introspection_cpp
[2.805s] [ 64%] Built target arm_interfaces__rosidl_typesupport_fastrtps_cpp
[2.813s] [ 66%] [34m[1mGenerating C type support for eProsima Fast-RTPS[0m
[3.140s] [35m[1mScanning dependencies of target arm_interfaces__rosidl_typesupport_fastrtps_c[0m
[3.156s] [ 71%] [32mBuilding CXX object CMakeFiles/arm_interfaces__rosidl_typesupport_fastrtps_c.dir/rosidl_typesupport_fastrtps_c/arm_interfaces/msg/detail/six_floats__type_support_c.cpp.o[0m
[3.156s] [ 71%] [32mBuilding CXX object CMakeFiles/arm_interfaces__rosidl_typesupport_fastrtps_c.dir/rosidl_typesupport_fastrtps_c/arm_interfaces/msg/detail/live_tune__type_support_c.cpp.o[0m
[3.547s] [ 74%] [32m[1mLinking CXX shared library libarm_interfaces__rosidl_typesupport_fastrtps_c.so[0m
[3.608s] [ 74%] Built target arm_interfaces__rosidl_typesupport_fastrtps_c
[3.615s] [35m[1mScanning dependencies of target arm_interfaces[0m
[3.623s] [ 74%] Built target arm_interfaces
[3.630s] [35m[1mScanning dependencies of target arm_interfaces__py[0m
[3.638s] [ 76%] [34m[1mGenerating Python code for ROS interfaces[0m
[4.015s] [ 76%] Built target arm_interfaces__py
[4.022s] [35m[1mScanning dependencies of target arm_interfaces__python[0m
[4.048s] [ 82%] [32mBuilding C object CMakeFiles/arm_interfaces__python.dir/rosidl_generator_py/arm_interfaces/msg/_live_tune_s.c.o[0m
[4.049s] [ 82%] [32mBuilding C object CMakeFiles/arm_interfaces__python.dir/rosidl_generator_py/arm_interfaces/msg/_six_floats_s.c.o[0m
[4.154s] [ 84%] [32m[1mLinking C shared library rosidl_generator_py/arm_interfaces/libarm_interfaces__python.so[0m
[4.184s] [ 84%] Built target arm_interfaces__python
[4.193s] [35m[1mScanning dependencies of target arm_interfaces__rosidl_typesupport_c__pyext[0m
[4.193s] [35m[1mScanning dependencies of target arm_interfaces__rosidl_typesupport_introspection_c__pyext[0m
[4.193s] [35m[1mScanning dependencies of target arm_interfaces__rosidl_typesupport_fastrtps_c__pyext[0m
[4.211s] [ 92%] [32mBuilding C object CMakeFiles/arm_interfaces__rosidl_typesupport_introspection_c__pyext.dir/rosidl_generator_py/arm_interfaces/_arm_interfaces_s.ep.rosidl_typesupport_introspection_c.c.o[0m
[4.211s] [ 92%] [32mBuilding C object CMakeFiles/arm_interfaces__rosidl_typesupport_c__pyext.dir/rosidl_generator_py/arm_interfaces/_arm_interfaces_s.ep.rosidl_typesupport_c.c.o[0m
[4.211s] [ 92%] [32mBuilding C object CMakeFiles/arm_interfaces__rosidl_typesupport_fastrtps_c__pyext.dir/rosidl_generator_py/arm_interfaces/_arm_interfaces_s.ep.rosidl_typesupport_fastrtps_c.c.o[0m
[4.288s] [100%] [32m[1mLinking C shared library rosidl_generator_py/arm_interfaces/arm_interfaces_s__rosidl_typesupport_c.cpython-38-x86_64-linux-gnu.so[0m
[4.288s] [100%] [32m[1mLinking C shared library rosidl_generator_py/arm_interfaces/arm_interfaces_s__rosidl_typesupport_introspection_c.cpython-38-x86_64-linux-gnu.so[0m
[4.288s] [100%] [32m[1mLinking CXX shared library rosidl_generator_py/arm_interfaces/arm_interfaces_s__rosidl_typesupport_fastrtps_c.cpython-38-x86_64-linux-gnu.so[0m
[4.319s] [100%] Built target arm_interfaces__rosidl_typesupport_introspection_c__pyext
[4.322s] [100%] Built target arm_interfaces__rosidl_typesupport_c__pyext
[4.341s] [100%] Built target arm_interfaces__rosidl_typesupport_fastrtps_c__pyext
[4.349s] Invoked command in '/home/erik/armnode_ws/build/arm_interfaces' returned '0': CMAKE_PREFIX_PATH=/home/erik/armnode_ws/install/arm_pkg:/home/erik/ros2_ws/install/my_python_pkg:/opt/ros/foxy:${CMAKE_PREFIX_PATH} /usr/bin/cmake --build /home/erik/armnode_ws/build/arm_interfaces -- -j8 -l8
[4.402s] Invoking command in '/home/erik/armnode_ws/build/arm_interfaces': CMAKE_PREFIX_PATH=/home/erik/armnode_ws/install/arm_pkg:/home/erik/ros2_ws/install/my_python_pkg:/opt/ros/foxy:${CMAKE_PREFIX_PATH} /usr/bin/cmake --install /home/erik/armnode_ws/build/arm_interfaces
[4.409s] -- Install configuration: ""
[4.409s] -- Installing: /home/erik/armnode_ws/install/arm_interfaces/share/ament_index/resource_index/rosidl_interfaces/arm_interfaces
[4.409s] -- Installing: /home/erik/armnode_ws/install/arm_interfaces/include/arm_interfaces
[4.409s] -- Installing: /home/erik/armnode_ws/install/arm_interfaces/include/arm_interfaces/msg
[4.409s] -- Installing: /home/erik/armnode_ws/install/arm_interfaces/include/arm_interfaces/msg/detail
[4.410s] -- Installing: /home/erik/armnode_ws/install/arm_interfaces/include/arm_interfaces/msg/detail/live_tune__functions.c
[4.410s] -- Installing: /home/erik/armnode_ws/install/arm_interfaces/include/arm_interfaces/msg/detail/six_floats__struct.h
[4.410s] -- Installing: /home/erik/armnode_ws/install/arm_interfaces/include/arm_interfaces/msg/detail/live_tune__functions.h
[4.410s] -- Installing: /home/erik/armnode_ws/install/arm_interfaces/include/arm_interfaces/msg/detail/live_tune__struct.h
[4.410s] -- Installing: /home/erik/armnode_ws/install/arm_interfaces/include/arm_interfaces/msg/detail/six_floats__functions.h
[4.410s] -- Installing: /home/erik/armnode_ws/install/arm_interfaces/include/arm_interfaces/msg/detail/live_tune__type_support.h
[4.410s] -- Installing: /home/erik/armnode_ws/install/arm_interfaces/include/arm_interfaces/msg/detail/six_floats__type_support.h
[4.410s] -- Installing: /home/erik/armnode_ws/install/arm_interfaces/include/arm_interfaces/msg/detail/six_floats__functions.c
[4.410s] -- Installing: /home/erik/armnode_ws/install/arm_interfaces/include/arm_interfaces/msg/live_tune.h
[4.410s] -- Installing: /home/erik/armnode_ws/install/arm_interfaces/include/arm_interfaces/msg/six_floats.h
[4.411s] -- Installing: /home/erik/armnode_ws/install/arm_interfaces/include/arm_interfaces/msg/rosidl_generator_c__visibility_control.h
[4.411s] -- Installing: /home/erik/armnode_ws/install/arm_interfaces/share/arm_interfaces/environment/library_path.sh
[4.411s] -- Installing: /home/erik/armnode_ws/install/arm_interfaces/share/arm_interfaces/environment/library_path.dsv
[4.411s] -- Installing: /home/erik/armnode_ws/install/arm_interfaces/lib/libarm_interfaces__rosidl_generator_c.so
[4.411s] -- Set runtime path of "/home/erik/armnode_ws/install/arm_interfaces/lib/libarm_interfaces__rosidl_generator_c.so" to ""
[4.411s] -- Up-to-date: /home/erik/armnode_ws/install/arm_interfaces/include/arm_interfaces
[4.411s] -- Up-to-date: /home/erik/armnode_ws/install/arm_interfaces/include/arm_interfaces/msg
[4.411s] -- Up-to-date: /home/erik/armnode_ws/install/arm_interfaces/include/arm_interfaces/msg/detail
[4.412s] -- Installing: /home/erik/armnode_ws/install/arm_interfaces/include/arm_interfaces/msg/detail/live_tune__rosidl_typesupport_fastrtps_c.h
[4.412s] -- Installing: /home/erik/armnode_ws/install/arm_interfaces/include/arm_interfaces/msg/detail/six_floats__rosidl_typesupport_fastrtps_c.h
[4.412s] -- Installing: /home/erik/armnode_ws/install/arm_interfaces/include/arm_interfaces/msg/rosidl_typesupport_fastrtps_c__visibility_control.h
[4.412s] -- Installing: /home/erik/armnode_ws/install/arm_interfaces/lib/libarm_interfaces__rosidl_typesupport_fastrtps_c.so
[4.412s] -- Set runtime path of "/home/erik/armnode_ws/install/arm_interfaces/lib/libarm_interfaces__rosidl_typesupport_fastrtps_c.so" to ""
[4.412s] -- Up-to-date: /home/erik/armnode_ws/install/arm_interfaces/include/arm_interfaces
[4.412s] -- Up-to-date: /home/erik/armnode_ws/install/arm_interfaces/include/arm_interfaces/msg
[4.412s] -- Up-to-date: /home/erik/armnode_ws/install/arm_interfaces/include/arm_interfaces/msg/detail
[4.412s] -- Installing: /home/erik/armnode_ws/install/arm_interfaces/include/arm_interfaces/msg/detail/dds_fastrtps
[4.412s] -- Installing: /home/erik/armnode_ws/install/arm_interfaces/include/arm_interfaces/msg/detail/six_floats__rosidl_typesupport_fastrtps_cpp.hpp
[4.412s] -- Installing: /home/erik/armnode_ws/install/arm_interfaces/include/arm_interfaces/msg/detail/live_tune__rosidl_typesupport_fastrtps_cpp.hpp
[4.412s] -- Installing: /home/erik/armnode_ws/install/arm_interfaces/include/arm_interfaces/msg/rosidl_typesupport_fastrtps_cpp__visibility_control.h
[4.413s] -- Installing: /home/erik/armnode_ws/install/arm_interfaces/lib/libarm_interfaces__rosidl_typesupport_fastrtps_cpp.so
[4.413s] -- Set runtime path of "/home/erik/armnode_ws/install/arm_interfaces/lib/libarm_interfaces__rosidl_typesupport_fastrtps_cpp.so" to ""
[4.413s] -- Up-to-date: /home/erik/armnode_ws/install/arm_interfaces/include/arm_interfaces
[4.413s] -- Up-to-date: /home/erik/armnode_ws/install/arm_interfaces/include/arm_interfaces/msg
[4.413s] -- Up-to-date: /home/erik/armnode_ws/install/arm_interfaces/include/arm_interfaces/msg/detail
[4.413s] -- Installing: /home/erik/armnode_ws/install/arm_interfaces/include/arm_interfaces/msg/detail/six_floats__type_support.c
[4.413s] -- Installing: /home/erik/armnode_ws/install/arm_interfaces/include/arm_interfaces/msg/detail/live_tune__type_support.c
[4.413s] -- Installing: /home/erik/armnode_ws/install/arm_interfaces/include/arm_interfaces/msg/detail/live_tune__rosidl_typesupport_introspection_c.h
[4.413s] -- Installing: /home/erik/armnode_ws/install/arm_interfaces/include/arm_interfaces/msg/detail/six_floats__rosidl_typesupport_introspection_c.h
[4.413s] -- Installing: /home/erik/armnode_ws/install/arm_interfaces/include/arm_interfaces/msg/rosidl_typesupport_introspection_c__visibility_control.h
[4.413s] -- Installing: /home/erik/armnode_ws/install/arm_interfaces/lib/libarm_interfaces__rosidl_typesupport_introspection_c.so
[4.413s] -- Set runtime path of "/home/erik/armnode_ws/install/arm_interfaces/lib/libarm_interfaces__rosidl_typesupport_introspection_c.so" to ""
[4.413s] -- Installing: /home/erik/armnode_ws/install/arm_interfaces/lib/libarm_interfaces__rosidl_typesupport_c.so
[4.413s] -- Set runtime path of "/home/erik/armnode_ws/install/arm_interfaces/lib/libarm_interfaces__rosidl_typesupport_c.so" to ""
[4.414s] -- Up-to-date: /home/erik/armnode_ws/install/arm_interfaces/include/arm_interfaces
[4.414s] -- Up-to-date: /home/erik/armnode_ws/install/arm_interfaces/include/arm_interfaces/msg
[4.414s] -- Up-to-date: /home/erik/armnode_ws/install/arm_interfaces/include/arm_interfaces/msg/detail
[4.414s] -- Installing: /home/erik/armnode_ws/install/arm_interfaces/include/arm_interfaces/msg/detail/six_floats__traits.hpp
[4.414s] -- Installing: /home/erik/armnode_ws/install/arm_interfaces/include/arm_interfaces/msg/detail/live_tune__builder.hpp
[4.414s] -- Installing: /home/erik/armnode_ws/install/arm_interfaces/include/arm_interfaces/msg/detail/six_floats__struct.hpp
[4.414s] -- Installing: /home/erik/armnode_ws/install/arm_interfaces/include/arm_interfaces/msg/detail/live_tune__struct.hpp
[4.414s] -- Installing: /home/erik/armnode_ws/install/arm_interfaces/include/arm_interfaces/msg/detail/six_floats__builder.hpp
[4.415s] -- Installing: /home/erik/armnode_ws/install/arm_interfaces/include/arm_interfaces/msg/detail/live_tune__traits.hpp
[4.415s] -- Installing: /home/erik/armnode_ws/install/arm_interfaces/include/arm_interfaces/msg/six_floats.hpp
[4.415s] -- Installing: /home/erik/armnode_ws/install/arm_interfaces/include/arm_interfaces/msg/live_tune.hpp
[4.415s] -- Up-to-date: /home/erik/armnode_ws/install/arm_interfaces/include/arm_interfaces
[4.415s] -- Up-to-date: /home/erik/armnode_ws/install/arm_interfaces/include/arm_interfaces/msg
[4.415s] -- Up-to-date: /home/erik/armnode_ws/install/arm_interfaces/include/arm_interfaces/msg/detail
[4.415s] -- Installing: /home/erik/armnode_ws/install/arm_interfaces/include/arm_interfaces/msg/detail/six_floats__rosidl_typesupport_introspection_cpp.hpp
[4.415s] -- Installing: /home/erik/armnode_ws/install/arm_interfaces/include/arm_interfaces/msg/detail/six_floats__type_support.cpp
[4.415s] -- Installing: /home/erik/armnode_ws/install/arm_interfaces/include/arm_interfaces/msg/detail/live_tune__rosidl_typesupport_introspection_cpp.hpp
[4.415s] -- Installing: /home/erik/armnode_ws/install/arm_interfaces/include/arm_interfaces/msg/detail/live_tune__type_support.cpp
[4.416s] -- Installing: /home/erik/armnode_ws/install/arm_interfaces/lib/libarm_interfaces__rosidl_typesupport_introspection_cpp.so
[4.416s] -- Set runtime path of "/home/erik/armnode_ws/install/arm_interfaces/lib/libarm_interfaces__rosidl_typesupport_introspection_cpp.so" to ""
[4.416s] -- Installing: /home/erik/armnode_ws/install/arm_interfaces/lib/libarm_interfaces__rosidl_typesupport_cpp.so
[4.416s] -- Set runtime path of "/home/erik/armnode_ws/install/arm_interfaces/lib/libarm_interfaces__rosidl_typesupport_cpp.so" to ""
[4.416s] -- Installing: /home/erik/armnode_ws/install/arm_interfaces/share/arm_interfaces/environment/pythonpath.sh
[4.416s] -- Installing: /home/erik/armnode_ws/install/arm_interfaces/share/arm_interfaces/environment/pythonpath.dsv
[4.416s] -- Installing: /home/erik/armnode_ws/install/arm_interfaces/lib/python3.8/site-packages/arm_interfaces/__init__.py
[4.439s] Compiling '/home/erik/armnode_ws/install/arm_interfaces/lib/python3.8/site-packages/arm_interfaces/__init__.py'...
[4.442s] -- Installing: /home/erik/armnode_ws/install/arm_interfaces/lib/python3.8/site-packages/arm_interfaces/msg
[4.442s] -- Installing: /home/erik/armnode_ws/install/arm_interfaces/lib/python3.8/site-packages/arm_interfaces/msg/_six_floats_s.c
[4.442s] -- Installing: /home/erik/armnode_ws/install/arm_interfaces/lib/python3.8/site-packages/arm_interfaces/msg/_live_tune.py
[4.442s] -- Installing: /home/erik/armnode_ws/install/arm_interfaces/lib/python3.8/site-packages/arm_interfaces/msg/__init__.py
[4.442s] -- Installing: /home/erik/armnode_ws/install/arm_interfaces/lib/python3.8/site-packages/arm_interfaces/msg/_six_floats.py
[4.442s] -- Installing: /home/erik/armnode_ws/install/arm_interfaces/lib/python3.8/site-packages/arm_interfaces/msg/_live_tune_s.c
[4.442s] -- Installing: /home/erik/armnode_ws/install/arm_interfaces/lib/python3.8/site-packages/arm_interfaces/arm_interfaces_s__rosidl_typesupport_fastrtps_c.cpython-38-x86_64-linux-gnu.so
[4.442s] -- Set runtime path of "/home/erik/armnode_ws/install/arm_interfaces/lib/python3.8/site-packages/arm_interfaces/arm_interfaces_s__rosidl_typesupport_fastrtps_c.cpython-38-x86_64-linux-gnu.so" to ""
[4.443s] -- Installing: /home/erik/armnode_ws/install/arm_interfaces/lib/python3.8/site-packages/arm_interfaces/arm_interfaces_s__rosidl_typesupport_introspection_c.cpython-38-x86_64-linux-gnu.so
[4.443s] -- Set runtime path of "/home/erik/armnode_ws/install/arm_interfaces/lib/python3.8/site-packages/arm_interfaces/arm_interfaces_s__rosidl_typesupport_introspection_c.cpython-38-x86_64-linux-gnu.so" to ""
[4.443s] -- Installing: /home/erik/armnode_ws/install/arm_interfaces/lib/python3.8/site-packages/arm_interfaces/arm_interfaces_s__rosidl_typesupport_c.cpython-38-x86_64-linux-gnu.so
[4.444s] -- Set runtime path of "/home/erik/armnode_ws/install/arm_interfaces/lib/python3.8/site-packages/arm_interfaces/arm_interfaces_s__rosidl_typesupport_c.cpython-38-x86_64-linux-gnu.so" to ""
[4.444s] -- Installing: /home/erik/armnode_ws/install/arm_interfaces/lib/libarm_interfaces__python.so
[4.444s] -- Set runtime path of "/home/erik/armnode_ws/install/arm_interfaces/lib/libarm_interfaces__python.so" to ""
[4.444s] -- Installing: /home/erik/armnode_ws/install/arm_interfaces/share/arm_interfaces/msg/SixFloats.idl
[4.444s] -- Installing: /home/erik/armnode_ws/install/arm_interfaces/share/arm_interfaces/msg/LiveTune.idl
[4.444s] -- Installing: /home/erik/armnode_ws/install/arm_interfaces/share/arm_interfaces/msg/SixFloats.msg
[4.444s] -- Installing: /home/erik/armnode_ws/install/arm_interfaces/share/arm_interfaces/msg/LiveTune.msg
[4.444s] -- Installing: /home/erik/armnode_ws/install/arm_interfaces/share/ament_index/resource_index/package_run_dependencies/arm_interfaces
[4.444s] -- Installing: /home/erik/armnode_ws/install/arm_interfaces/share/ament_index/resource_index/parent_prefix_path/arm_interfaces
[4.444s] -- Installing: /home/erik/armnode_ws/install/arm_interfaces/share/arm_interfaces/environment/ament_prefix_path.sh
[4.445s] -- Installing: /home/erik/armnode_ws/install/arm_interfaces/share/arm_interfaces/environment/ament_prefix_path.dsv
[4.445s] -- Installing: /home/erik/armnode_ws/install/arm_interfaces/share/arm_interfaces/environment/path.sh
[4.445s] -- Installing: /home/erik/armnode_ws/install/arm_interfaces/share/arm_interfaces/environment/path.dsv
[4.445s] -- Installing: /home/erik/armnode_ws/install/arm_interfaces/share/arm_interfaces/local_setup.bash
[4.445s] -- Installing: /home/erik/armnode_ws/install/arm_interfaces/share/arm_interfaces/local_setup.sh
[4.445s] -- Installing: /home/erik/armnode_ws/install/arm_interfaces/share/arm_interfaces/local_setup.zsh
[4.445s] -- Installing: /home/erik/armnode_ws/install/arm_interfaces/share/arm_interfaces/local_setup.dsv
[4.445s] -- Installing: /home/erik/armnode_ws/install/arm_interfaces/share/arm_interfaces/package.dsv
[4.445s] -- Installing: /home/erik/armnode_ws/install/arm_interfaces/share/ament_index/resource_index/packages/arm_interfaces
[4.445s] -- Installing: /home/erik/armnode_ws/install/arm_interfaces/share/arm_interfaces/cmake/arm_interfaces__rosidl_generator_cExport.cmake
[4.446s] -- Installing: /home/erik/armnode_ws/install/arm_interfaces/share/arm_interfaces/cmake/arm_interfaces__rosidl_generator_cExport-noconfig.cmake
[4.446s] -- Installing: /home/erik/armnode_ws/install/arm_interfaces/share/arm_interfaces/cmake/arm_interfaces__rosidl_typesupport_introspection_cExport.cmake
[4.446s] -- Installing: /home/erik/armnode_ws/install/arm_interfaces/share/arm_interfaces/cmake/arm_interfaces__rosidl_typesupport_introspection_cExport-noconfig.cmake
[4.446s] -- Installing: /home/erik/armnode_ws/install/arm_interfaces/share/arm_interfaces/cmake/arm_interfaces__rosidl_typesupport_cExport.cmake
[4.446s] -- Installing: /home/erik/armnode_ws/install/arm_interfaces/share/arm_interfaces/cmake/arm_interfaces__rosidl_typesupport_cExport-noconfig.cmake
[4.446s] -- Installing: /home/erik/armnode_ws/install/arm_interfaces/share/arm_interfaces/cmake/arm_interfaces__rosidl_generator_cppExport.cmake
[4.446s] -- Installing: /home/erik/armnode_ws/install/arm_interfaces/share/arm_interfaces/cmake/arm_interfaces__rosidl_typesupport_introspection_cppExport.cmake
[4.447s] -- Installing: /home/erik/armnode_ws/install/arm_interfaces/share/arm_interfaces/cmake/arm_interfaces__rosidl_typesupport_introspection_cppExport-noconfig.cmake
[4.447s] -- Installing: /home/erik/armnode_ws/install/arm_interfaces/share/arm_interfaces/cmake/arm_interfaces__rosidl_typesupport_cppExport.cmake
[4.447s] -- Installing: /home/erik/armnode_ws/install/arm_interfaces/share/arm_interfaces/cmake/arm_interfaces__rosidl_typesupport_cppExport-noconfig.cmake
[4.447s] -- Installing: /home/erik/armnode_ws/install/arm_interfaces/share/arm_interfaces/cmake/rosidl_cmake-extras.cmake
[4.447s] -- Installing: /home/erik/armnode_ws/install/arm_interfaces/share/arm_interfaces/cmake/ament_cmake_export_dependencies-extras.cmake
[4.447s] -- Installing: /home/erik/armnode_ws/install/arm_interfaces/share/arm_interfaces/cmake/ament_cmake_export_libraries-extras.cmake
[4.447s] -- Installing: /home/erik/armnode_ws/install/arm_interfaces/share/arm_interfaces/cmake/ament_cmake_export_targets-extras.cmake
[4.447s] -- Installing: /home/erik/armnode_ws/install/arm_interfaces/share/arm_interfaces/cmake/ament_cmake_export_include_directories-extras.cmake
[4.447s] -- Installing: /home/erik/armnode_ws/install/arm_interfaces/share/arm_interfaces/cmake/rosidl_cmake_export_typesupport_libraries-extras.cmake
[4.447s] -- Installing: /home/erik/armnode_ws/install/arm_interfaces/share/arm_interfaces/cmake/rosidl_cmake_export_typesupport_targets-extras.cmake
[4.448s] -- Installing: /home/erik/armnode_ws/install/arm_interfaces/share/arm_interfaces/cmake/arm_interfacesConfig.cmake
[4.448s] -- Installing: /home/erik/armnode_ws/install/arm_interfaces/share/arm_interfaces/cmake/arm_interfacesConfig-version.cmake
[4.448s] -- Installing: /home/erik/armnode_ws/install/arm_interfaces/share/arm_interfaces/package.xml
[4.451s] Invoked command in '/home/erik/armnode_ws/build/arm_interfaces' returned '0': CMAKE_PREFIX_PATH=/home/erik/armnode_ws/install/arm_pkg:/home/erik/ros2_ws/install/my_python_pkg:/opt/ros/foxy:${CMAKE_PREFIX_PATH} /usr/bin/cmake --install /home/erik/armnode_ws/build/arm_interfaces
