[0.094s] DEBUG:colcon:Command line arguments: ['/usr/bin/colcon', 'build']
[0.094s] DEBUG:colcon:Parsed command line arguments: Namespace(allow_overriding=[], ament_cmake_args=None, base_paths=['.'], build_base='build', catkin_cmake_args=None, catkin_skip_building_tests=False, cmake_args=None, cmake_clean_cache=False, cmake_clean_first=False, cmake_force_configure=False, cmake_target=None, cmake_target_skip_unavailable=False, continue_on_error=False, event_handlers=None, executor='parallel', ignore_user_meta=False, install_base='install', log_base=None, log_level=None, main=<bound method BuildVerb.main of <colcon_core.verb.build.BuildVerb object at 0x7f2178db0c70>>, merge_install=False, metas=['./colcon.meta'], packages_above=None, packages_above_and_dependencies=None, packages_above_depth=None, packages_end=None, packages_ignore=None, packages_ignore_regex=None, packages_select=None, packages_select_build_failed=False, packages_select_by_dep=None, packages_select_regex=None, packages_select_test_failures=False, packages_skip=None, packages_skip_build_finished=False, packages_skip_by_dep=None, packages_skip_regex=None, packages_skip_test_passed=False, packages_skip_up_to=None, packages_start=None, packages_up_to=None, packages_up_to_regex=None, parallel_workers=8, paths=None, symlink_install=False, test_result_base=None, verb_extension=<colcon_core.verb.build.BuildVerb object at 0x7f2178db0c70>, verb_name='build', verb_parser=<colcon_defaults.argument_parser.defaults.DefaultArgumentsDecorator object at 0x7f2178dbb220>)
[0.110s] Level 1:colcon.colcon_core.package_discovery:discover_packages(colcon_meta) check parameters
[0.110s] Level 1:colcon.colcon_core.package_discovery:discover_packages(recursive) check parameters
[0.110s] Level 1:colcon.colcon_core.package_discovery:discover_packages(ignore) check parameters
[0.110s] Level 1:colcon.colcon_core.package_discovery:discover_packages(path) check parameters
[0.110s] Level 1:colcon.colcon_core.package_discovery:discover_packages(colcon_meta) discover
[0.110s] Level 1:colcon.colcon_core.package_discovery:discover_packages(recursive) discover
[0.110s] INFO:colcon.colcon_core.package_discovery:Crawling recursively for packages in '/home/erik/armnode_ws/src/arm_pkg'
[0.110s] Level 1:colcon.colcon_core.package_identification:_identify(.) by extensions ['ignore', 'ignore_ament_install']
[0.110s] Level 1:colcon.colcon_core.package_identification:_identify(.) by extension 'ignore'
[0.110s] Level 1:colcon.colcon_core.package_identification:_identify(.) by extension 'ignore_ament_install'
[0.110s] Level 1:colcon.colcon_core.package_identification:_identify(.) by extensions ['colcon_pkg']
[0.110s] Level 1:colcon.colcon_core.package_identification:_identify(.) by extension 'colcon_pkg'
[0.110s] Level 1:colcon.colcon_core.package_identification:_identify(.) by extensions ['colcon_meta']
[0.110s] Level 1:colcon.colcon_core.package_identification:_identify(.) by extension 'colcon_meta'
[0.110s] Level 1:colcon.colcon_core.package_identification:_identify(.) by extensions ['ros']
[0.110s] Level 1:colcon.colcon_core.package_identification:_identify(.) by extension 'ros'
[0.125s] DEBUG:colcon.colcon_core.package_identification:Package '.' with type 'ros.ament_python' and name 'arm_pkg'
[0.125s] Level 1:colcon.colcon_core.package_discovery:discover_packages(recursive) using defaults
[0.125s] Level 1:colcon.colcon_core.package_discovery:discover_packages(ignore) discover
[0.125s] Level 1:colcon.colcon_core.package_discovery:discover_packages(ignore) using defaults
[0.125s] Level 1:colcon.colcon_core.package_discovery:discover_packages(path) discover
[0.125s] Level 1:colcon.colcon_core.package_discovery:discover_packages(path) using defaults
[0.137s] Level 1:colcon.colcon_core.package_discovery:discover_packages(prefix_path) check parameters
[0.137s] Level 1:colcon.colcon_core.package_discovery:discover_packages(prefix_path) discover
[0.139s] DEBUG:colcon.colcon_installed_package_information.package_discovery:Found 1 installed packages in /home/erik/armnode_ws/install
[0.140s] DEBUG:colcon.colcon_installed_package_information.package_discovery:Found 1 installed packages in /home/erik/ros2_ws/install
[0.140s] DEBUG:colcon.colcon_installed_package_information.package_discovery:Found 1 installed packages in /home/erik/armnode_ws/src/arm_interfaces/install
[0.141s] DEBUG:colcon.colcon_installed_package_information.package_discovery:Found 256 installed packages in /opt/ros/foxy
[0.143s] Level 1:colcon.colcon_core.package_discovery:discover_packages(prefix_path) using defaults
[0.183s] Level 5:colcon.colcon_core.verb:set package 'arm_pkg' build argument 'cmake_args' from command line to 'None'
[0.183s] Level 5:colcon.colcon_core.verb:set package 'arm_pkg' build argument 'cmake_target' from command line to 'None'
[0.183s] Level 5:colcon.colcon_core.verb:set package 'arm_pkg' build argument 'cmake_target_skip_unavailable' from command line to 'False'
[0.183s] Level 5:colcon.colcon_core.verb:set package 'arm_pkg' build argument 'cmake_clean_cache' from command line to 'False'
[0.183s] Level 5:colcon.colcon_core.verb:set package 'arm_pkg' build argument 'cmake_clean_first' from command line to 'False'
[0.183s] Level 5:colcon.colcon_core.verb:set package 'arm_pkg' build argument 'cmake_force_configure' from command line to 'False'
[0.183s] Level 5:colcon.colcon_core.verb:set package 'arm_pkg' build argument 'ament_cmake_args' from command line to 'None'
[0.183s] Level 5:colcon.colcon_core.verb:set package 'arm_pkg' build argument 'catkin_cmake_args' from command line to 'None'
[0.183s] Level 5:colcon.colcon_core.verb:set package 'arm_pkg' build argument 'catkin_skip_building_tests' from command line to 'False'
[0.183s] DEBUG:colcon.colcon_core.verb:Building package 'arm_pkg' with the following arguments: {'ament_cmake_args': None, 'build_base': '/home/erik/armnode_ws/src/arm_pkg/build/arm_pkg', 'catkin_cmake_args': None, 'catkin_skip_building_tests': False, 'cmake_args': None, 'cmake_clean_cache': False, 'cmake_clean_first': False, 'cmake_force_configure': False, 'cmake_target': None, 'cmake_target_skip_unavailable': False, 'install_base': '/home/erik/armnode_ws/src/arm_pkg/install/arm_pkg', 'merge_install': False, 'path': '/home/erik/armnode_ws/src/arm_pkg', 'symlink_install': False, 'test_result_base': None}
[0.184s] INFO:colcon.colcon_core.executor:Executing jobs using 'parallel' executor
[0.187s] DEBUG:colcon.colcon_parallel_executor.executor.parallel:run_until_complete
[0.187s] INFO:colcon.colcon_ros.task.ament_python.build:Building ROS package in '/home/erik/armnode_ws/src/arm_pkg' with build type 'ament_python'
[0.187s] Level 1:colcon.colcon_core.shell:create_environment_hook('arm_pkg', 'ament_prefix_path')
[0.189s] INFO:colcon.colcon_core.plugin_system:Skipping extension 'colcon_core.shell.bat': Not used on non-Windows systems
[0.190s] INFO:colcon.colcon_core.shell:Creating environment hook '/home/erik/armnode_ws/src/arm_pkg/install/arm_pkg/share/arm_pkg/hook/ament_prefix_path.ps1'
[0.190s] INFO:colcon.colcon_core.shell:Creating environment descriptor '/home/erik/armnode_ws/src/arm_pkg/install/arm_pkg/share/arm_pkg/hook/ament_prefix_path.dsv'
[0.190s] INFO:colcon.colcon_core.shell:Creating environment hook '/home/erik/armnode_ws/src/arm_pkg/install/arm_pkg/share/arm_pkg/hook/ament_prefix_path.sh'
[0.191s] INFO:colcon.colcon_core.shell:Skip shell extension 'powershell' for command environment: Not usable outside of PowerShell
[0.191s] DEBUG:colcon.colcon_core.shell:Skip shell extension 'dsv' for command environment
[0.195s] DEBUG:colcon.colcon_core.shell:Ignoring prefix path '/opt/ros/noetic'
[0.341s] INFO:colcon.colcon_core.task.python.build:Building Python package in '/home/erik/armnode_ws/src/arm_pkg'
[0.342s] INFO:colcon.colcon_core.shell:Skip shell extension 'powershell' for command environment: Not usable outside of PowerShell
[0.342s] DEBUG:colcon.colcon_core.shell:Skip shell extension 'dsv' for command environment
[0.346s] DEBUG:colcon.colcon_core.shell:Ignoring prefix path '/opt/ros/noetic'
[0.645s] DEBUG:colcon.colcon_core.event_handler.log_command:Invoking command in '/home/erik/armnode_ws/src/arm_pkg': PYTHONPATH=/home/erik/armnode_ws/src/arm_pkg/install/arm_pkg/lib/python3.8/site-packages:${PYTHONPATH} /usr/bin/python3 setup.py egg_info --egg-base build/arm_pkg build --build-base /home/erik/armnode_ws/src/arm_pkg/build/arm_pkg/build install --prefix /home/erik/armnode_ws/src/arm_pkg/install/arm_pkg --record /home/erik/armnode_ws/src/arm_pkg/build/arm_pkg/install.log --single-version-externally-managed
[0.987s] DEBUG:colcon.colcon_core.event_handler.log_command:Invoked command in '/home/erik/armnode_ws/src/arm_pkg' returned '0': PYTHONPATH=/home/erik/armnode_ws/src/arm_pkg/install/arm_pkg/lib/python3.8/site-packages:${PYTHONPATH} /usr/bin/python3 setup.py egg_info --egg-base build/arm_pkg build --build-base /home/erik/armnode_ws/src/arm_pkg/build/arm_pkg/build install --prefix /home/erik/armnode_ws/src/arm_pkg/install/arm_pkg --record /home/erik/armnode_ws/src/arm_pkg/build/arm_pkg/install.log --single-version-externally-managed
[0.994s] Level 1:colcon.colcon_core.environment:checking '/home/erik/armnode_ws/src/arm_pkg/install/arm_pkg' for CMake module files
[0.994s] Level 1:colcon.colcon_core.environment:checking '/home/erik/armnode_ws/src/arm_pkg/install/arm_pkg' for CMake config files
[0.995s] Level 1:colcon.colcon_core.environment:checking '/home/erik/armnode_ws/src/arm_pkg/install/arm_pkg/lib'
[0.995s] Level 1:colcon.colcon_core.environment:checking '/home/erik/armnode_ws/src/arm_pkg/install/arm_pkg/bin'
[0.995s] Level 1:colcon.colcon_core.environment:checking '/home/erik/armnode_ws/src/arm_pkg/install/arm_pkg/lib/pkgconfig/arm_pkg.pc'
[0.995s] Level 1:colcon.colcon_core.environment:checking '/home/erik/armnode_ws/src/arm_pkg/install/arm_pkg/lib/python3.8/site-packages'
[0.995s] Level 1:colcon.colcon_core.shell:create_environment_hook('arm_pkg', 'pythonpath')
[0.996s] INFO:colcon.colcon_core.shell:Creating environment hook '/home/erik/armnode_ws/src/arm_pkg/install/arm_pkg/share/arm_pkg/hook/pythonpath.ps1'
[0.997s] INFO:colcon.colcon_core.shell:Creating environment descriptor '/home/erik/armnode_ws/src/arm_pkg/install/arm_pkg/share/arm_pkg/hook/pythonpath.dsv'
[0.997s] INFO:colcon.colcon_core.shell:Creating environment hook '/home/erik/armnode_ws/src/arm_pkg/install/arm_pkg/share/arm_pkg/hook/pythonpath.sh'
[0.997s] Level 1:colcon.colcon_core.environment:checking '/home/erik/armnode_ws/src/arm_pkg/install/arm_pkg/bin'
[0.997s] Level 1:colcon.colcon_core.environment:create_environment_scripts_only(arm_pkg)
[0.998s] INFO:colcon.colcon_core.shell:Creating package script '/home/erik/armnode_ws/src/arm_pkg/install/arm_pkg/share/arm_pkg/package.ps1'
[0.999s] INFO:colcon.colcon_core.shell:Creating package descriptor '/home/erik/armnode_ws/src/arm_pkg/install/arm_pkg/share/arm_pkg/package.dsv'
[0.999s] INFO:colcon.colcon_core.shell:Creating package script '/home/erik/armnode_ws/src/arm_pkg/install/arm_pkg/share/arm_pkg/package.sh'
[1.000s] INFO:colcon.colcon_core.shell:Creating package script '/home/erik/armnode_ws/src/arm_pkg/install/arm_pkg/share/arm_pkg/package.bash'
[1.000s] INFO:colcon.colcon_core.shell:Creating package script '/home/erik/armnode_ws/src/arm_pkg/install/arm_pkg/share/arm_pkg/package.zsh'
[1.001s] Level 1:colcon.colcon_core.environment:create_file_with_runtime_dependencies(/home/erik/armnode_ws/src/arm_pkg/install/arm_pkg/share/colcon-core/packages/arm_pkg)
[1.001s] DEBUG:colcon.colcon_parallel_executor.executor.parallel:closing loop
[1.001s] DEBUG:colcon.colcon_parallel_executor.executor.parallel:loop closed
[1.001s] DEBUG:colcon.colcon_parallel_executor.executor.parallel:run_until_complete finished with '0'
[1.001s] DEBUG:colcon.colcon_core.event_reactor:joining thread
[1.007s] INFO:colcon.colcon_core.plugin_system:Skipping extension 'colcon_notification.desktop_notification.terminal_notifier': Not used on non-Darwin systems
[1.007s] INFO:colcon.colcon_core.plugin_system:Skipping extension 'colcon_notification.desktop_notification.win32': Not used on non-Windows systems
[1.008s] INFO:colcon.colcon_notification.desktop_notification:Sending desktop notification using 'notify2'
[1.021s] DEBUG:colcon.colcon_core.event_reactor:joined thread
[1.023s] INFO:colcon.colcon_core.shell:Creating prefix script '/home/erik/armnode_ws/src/arm_pkg/install/local_setup.ps1'
[1.024s] INFO:colcon.colcon_core.shell:Creating prefix util module '/home/erik/armnode_ws/src/arm_pkg/install/_local_setup_util_ps1.py'
[1.026s] INFO:colcon.colcon_core.shell:Creating prefix chain script '/home/erik/armnode_ws/src/arm_pkg/install/setup.ps1'
[1.028s] INFO:colcon.colcon_core.shell:Creating prefix script '/home/erik/armnode_ws/src/arm_pkg/install/local_setup.sh'
[1.028s] INFO:colcon.colcon_core.shell:Creating prefix util module '/home/erik/armnode_ws/src/arm_pkg/install/_local_setup_util_sh.py'
[1.028s] INFO:colcon.colcon_core.shell:Creating prefix chain script '/home/erik/armnode_ws/src/arm_pkg/install/setup.sh'
[1.029s] INFO:colcon.colcon_core.shell:Creating prefix script '/home/erik/armnode_ws/src/arm_pkg/install/local_setup.bash'
[1.030s] INFO:colcon.colcon_core.shell:Creating prefix chain script '/home/erik/armnode_ws/src/arm_pkg/install/setup.bash'
[1.031s] INFO:colcon.colcon_core.shell:Creating prefix script '/home/erik/armnode_ws/src/arm_pkg/install/local_setup.zsh'
[1.031s] INFO:colcon.colcon_core.shell:Creating prefix chain script '/home/erik/armnode_ws/src/arm_pkg/install/setup.zsh'
