/home/ubuntu/Ros2-Arm-2022/install/arm_pkg/lib/python3.10/site-packages/arm_pkg/ArmKinematics.py
/home/ubuntu/Ros2-Arm-2022/install/arm_pkg/lib/python3.10/site-packages/arm_pkg/GravityCompensation.py
/home/ubuntu/Ros2-Arm-2022/install/arm_pkg/lib/python3.10/site-packages/arm_pkg/roboclaw_driver.py
/home/ubuntu/Ros2-Arm-2022/install/arm_pkg/lib/python3.10/site-packages/arm_pkg/arm_testing_driverstation.py
/home/ubuntu/Ros2-Arm-2022/install/arm_pkg/lib/python3.10/site-packages/arm_pkg/__init__.py
/home/ubuntu/Ros2-Arm-2022/install/arm_pkg/lib/python3.10/site-packages/arm_pkg/arm_testing_listener.py
/home/ubuntu/Ros2-Arm-2022/install/arm_pkg/lib/python3.10/site-packages/arm_pkg/arm_node.py
/home/ubuntu/Ros2-Arm-2022/install/arm_pkg/lib/python3.10/site-packages/arm_pkg/PidController.py
/home/ubuntu/Ros2-Arm-2022/install/arm_pkg/lib/python3.10/site-packages/arm_pkg/__pycache__/ArmKinematics.cpython-310.pyc
/home/ubuntu/Ros2-Arm-2022/install/arm_pkg/lib/python3.10/site-packages/arm_pkg/__pycache__/GravityCompensation.cpython-310.pyc
/home/ubuntu/Ros2-Arm-2022/install/arm_pkg/lib/python3.10/site-packages/arm_pkg/__pycache__/roboclaw_driver.cpython-310.pyc
/home/ubuntu/Ros2-Arm-2022/install/arm_pkg/lib/python3.10/site-packages/arm_pkg/__pycache__/arm_testing_driverstation.cpython-310.pyc
/home/ubuntu/Ros2-Arm-2022/install/arm_pkg/lib/python3.10/site-packages/arm_pkg/__pycache__/__init__.cpython-310.pyc
/home/ubuntu/Ros2-Arm-2022/install/arm_pkg/lib/python3.10/site-packages/arm_pkg/__pycache__/arm_testing_listener.cpython-310.pyc
/home/ubuntu/Ros2-Arm-2022/install/arm_pkg/lib/python3.10/site-packages/arm_pkg/__pycache__/arm_node.cpython-310.pyc
/home/ubuntu/Ros2-Arm-2022/install/arm_pkg/lib/python3.10/site-packages/arm_pkg/__pycache__/PidController.cpython-310.pyc
/home/ubuntu/Ros2-Arm-2022/install/arm_pkg/share/ament_index/resource_index/packages/arm_pkg
/home/ubuntu/Ros2-Arm-2022/install/arm_pkg/share/arm_pkg/package.xml
/home/ubuntu/Ros2-Arm-2022/install/arm_pkg/share/arm_pkg/launch/arm.launch.py
/home/ubuntu/Ros2-Arm-2022/install/arm_pkg/lib/python3.10/site-packages/arm_pkg-0.0.0-py3.10.egg-info/top_level.txt
/home/ubuntu/Ros2-Arm-2022/install/arm_pkg/lib/python3.10/site-packages/arm_pkg-0.0.0-py3.10.egg-info/dependency_links.txt
/home/ubuntu/Ros2-Arm-2022/install/arm_pkg/lib/python3.10/site-packages/arm_pkg-0.0.0-py3.10.egg-info/entry_points.txt
/home/ubuntu/Ros2-Arm-2022/install/arm_pkg/lib/python3.10/site-packages/arm_pkg-0.0.0-py3.10.egg-info/PKG-INFO
/home/ubuntu/Ros2-Arm-2022/install/arm_pkg/lib/python3.10/site-packages/arm_pkg-0.0.0-py3.10.egg-info/requires.txt
/home/ubuntu/Ros2-Arm-2022/install/arm_pkg/lib/python3.10/site-packages/arm_pkg-0.0.0-py3.10.egg-info/SOURCES.txt
/home/ubuntu/Ros2-Arm-2022/install/arm_pkg/lib/python3.10/site-packages/arm_pkg-0.0.0-py3.10.egg-info/zip-safe
/home/ubuntu/Ros2-Arm-2022/install/arm_pkg/lib/arm_pkg/arm_node
/home/ubuntu/Ros2-Arm-2022/install/arm_pkg/lib/arm_pkg/arm_testing_driverstation
/home/ubuntu/Ros2-Arm-2022/install/arm_pkg/lib/arm_pkg/arm_testing_listener
