[0.784s] Invoking command in '/home/erik/armnode_ws/src/arm_pkg': PYTHONPATH=/home/erik/armnode_ws/install/arm_pkg/lib/python3.8/site-packages:${PYTHONPATH} /usr/bin/python3 setup.py egg_info --egg-base ../../build/arm_pkg build --build-base /home/erik/armnode_ws/build/arm_pkg/build install --prefix /home/erik/armnode_ws/install/arm_pkg --record /home/erik/armnode_ws/build/arm_pkg/install.log --single-version-externally-managed
[0.976s] running egg_info
[0.977s] writing ../../build/arm_pkg/arm_pkg.egg-info/PKG-INFO
[0.977s] writing dependency_links to ../../build/arm_pkg/arm_pkg.egg-info/dependency_links.txt
[0.977s] writing entry points to ../../build/arm_pkg/arm_pkg.egg-info/entry_points.txt
[0.977s] writing requirements to ../../build/arm_pkg/arm_pkg.egg-info/requires.txt
[0.977s] writing top-level names to ../../build/arm_pkg/arm_pkg.egg-info/top_level.txt
[1.008s] reading manifest file '../../build/arm_pkg/arm_pkg.egg-info/SOURCES.txt'
[1.009s] writing manifest file '../../build/arm_pkg/arm_pkg.egg-info/SOURCES.txt'
[1.009s] running build
[1.009s] running build_py
[1.010s] running install
[1.010s] running install_lib
[1.012s] running install_data
[1.012s] copying launch/arm.launch.py -> /home/erik/armnode_ws/install/arm_pkg/share/arm_pkg/launch
[1.012s] running install_egg_info
[1.013s] removing '/home/erik/armnode_ws/install/arm_pkg/lib/python3.8/site-packages/arm_pkg-0.0.0-py3.8.egg-info' (and everything under it)
[1.013s] Copying ../../build/arm_pkg/arm_pkg.egg-info to /home/erik/armnode_ws/install/arm_pkg/lib/python3.8/site-packages/arm_pkg-0.0.0-py3.8.egg-info
[1.015s] running install_scripts
[1.029s] Installing arm_node script to /home/erik/armnode_ws/install/arm_pkg/lib/arm_pkg
[1.030s] writing list of installed files to '/home/erik/armnode_ws/build/arm_pkg/install.log'
[1.048s] Invoked command in '/home/erik/armnode_ws/src/arm_pkg' returned '0': PYTHONPATH=/home/erik/armnode_ws/install/arm_pkg/lib/python3.8/site-packages:${PYTHONPATH} /usr/bin/python3 setup.py egg_info --egg-base ../../build/arm_pkg build --build-base /home/erik/armnode_ws/build/arm_pkg/build install --prefix /home/erik/armnode_ws/install/arm_pkg --record /home/erik/armnode_ws/build/arm_pkg/install.log --single-version-externally-managed
