[0.010s] Invoking command in '/home/erik/armnode_ws/src/arm_interfaces/build/arm_interfaces': CMAKE_PREFIX_PATH=/opt/ros/foxy:${CMAKE_PREFIX_PATH} /usr/bin/cmake --build /home/erik/armnode_ws/src/arm_interfaces/build/arm_interfaces -- -j8 -l8
[0.026s] -- Found ament_cmake: 0.9.9 (/opt/ros/foxy/share/ament_cmake/cmake)
[0.042s] -- Found PythonInterp: /usr/bin/python3 (found suitable version "3.8.10", minimum required is "3") 
[0.042s] -- Using PYTHON_EXECUTABLE: /usr/bin/python3
[0.163s] -- Found rosidl_default_generators: 1.0.1 (/opt/ros/foxy/share/rosidl_default_generators/cmake)
[0.164s] -- Using all available rosidl_typesupport_c: rosidl_typesupport_fastrtps_c;rosidl_typesupport_introspection_c
[0.166s] -- Found rosidl_adapter: 1.2.1 (/opt/ros/foxy/share/rosidl_adapter/cmake)
[0.247s] -- Using all available rosidl_typesupport_cpp: rosidl_typesupport_fastrtps_cpp;rosidl_typesupport_introspection_cpp
[0.273s] -- Found PythonInterp: /usr/bin/python3 (found version "3.8.10") 
[0.345s] -- Found ament_cmake_ros: 0.9.2 (/opt/ros/foxy/share/ament_cmake_ros/cmake)
[0.402s] -- Using all available rosidl_typesupport_c: rosidl_typesupport_fastrtps_c;rosidl_typesupport_introspection_c
[0.406s] -- Using all available rosidl_typesupport_cpp: rosidl_typesupport_fastrtps_cpp;rosidl_typesupport_introspection_cpp
[0.420s] -- Found PythonInterp: /usr/bin/python3 (found suitable version "3.8.10", minimum required is "3.5") 
[0.420s] -- Found python_cmake_module: 0.8.1 (/opt/ros/foxy/share/python_cmake_module/cmake)
[0.437s] -- Using PYTHON_EXECUTABLE: /usr/bin/python3
[0.437s] -- Using PYTHON_INCLUDE_DIRS: /usr/include/python3.8
[0.438s] -- Using PYTHON_LIBRARIES: /usr/lib/x86_64-linux-gnu/libpython3.8.so
[0.458s] -- Configuring done
[0.492s] -- Generating done
[0.494s] -- Build files have been written to: /home/erik/armnode_ws/src/arm_interfaces/build/arm_interfaces
[0.513s] [  2%] [34m[1mGenerating C code for ROS interfaces[0m
[0.513s] [35m[1mScanning dependencies of target arm_interfaces__cpp[0m
[0.521s] [  5%] [34m[1mGenerating C++ code for ROS interfaces[0m
[0.810s] [35m[1mScanning dependencies of target arm_interfaces__rosidl_generator_c[0m
[0.824s] [  7%] [32mBuilding C object CMakeFiles/arm_interfaces__rosidl_generator_c.dir/rosidl_generator_c/arm_interfaces/msg/detail/arm_voltages__functions.c.o[0m
[0.831s] [ 10%] [32mBuilding C object CMakeFiles/arm_interfaces__rosidl_generator_c.dir/rosidl_generator_c/arm_interfaces/msg/detail/live_tune__functions.c.o[0m
[0.840s] [ 10%] Built target arm_interfaces__cpp
[0.851s] [ 12%] [34m[1mGenerating C++ type support for eProsima Fast-RTPS[0m
[0.851s] [ 15%] [34m[1mGenerating C++ type support dispatch for ROS interfaces[0m
[0.853s] [ 17%] [34m[1mGenerating C++ introspection for ROS interfaces[0m
[0.879s] [ 20%] [32m[1mLinking C shared library libarm_interfaces__rosidl_generator_c.so[0m
[0.917s] [ 20%] Built target arm_interfaces__rosidl_generator_c
[0.933s] [ 23%] [34m[1mGenerating C type support dispatch for ROS interfaces[0m
[0.935s] [ 25%] [34m[1mGenerating C introspection for ROS interfaces[0m
[1.178s] [35m[1mScanning dependencies of target arm_interfaces__rosidl_typesupport_introspection_cpp[0m
[1.193s] [ 30%] [32mBuilding CXX object CMakeFiles/arm_interfaces__rosidl_typesupport_introspection_cpp.dir/rosidl_typesupport_introspection_cpp/arm_interfaces/msg/detail/live_tune__type_support.cpp.o[0m
[1.193s] [ 30%] [32mBuilding CXX object CMakeFiles/arm_interfaces__rosidl_typesupport_introspection_cpp.dir/rosidl_typesupport_introspection_cpp/arm_interfaces/msg/detail/arm_voltages__type_support.cpp.o[0m
[1.253s] [35m[1mScanning dependencies of target arm_interfaces__rosidl_typesupport_cpp[0m
[1.271s] [ 33%] [32mBuilding CXX object CMakeFiles/arm_interfaces__rosidl_typesupport_cpp.dir/rosidl_typesupport_cpp/arm_interfaces/msg/arm_voltages__type_support.cpp.o[0m
[1.312s] [ 35%] [32mBuilding CXX object CMakeFiles/arm_interfaces__rosidl_typesupport_cpp.dir/rosidl_typesupport_cpp/arm_interfaces/msg/live_tune__type_support.cpp.o[0m
[1.350s] [35m[1mScanning dependencies of target arm_interfaces__rosidl_typesupport_c[0m
[1.356s] [35m[1mScanning dependencies of target arm_interfaces__rosidl_typesupport_fastrtps_cpp[0m
[1.367s] [ 38%] [32mBuilding CXX object CMakeFiles/arm_interfaces__rosidl_typesupport_c.dir/rosidl_typesupport_c/arm_interfaces/msg/arm_voltages__type_support.cpp.o[0m
[1.401s] [ 41%] [32mBuilding CXX object CMakeFiles/arm_interfaces__rosidl_typesupport_c.dir/rosidl_typesupport_c/arm_interfaces/msg/live_tune__type_support.cpp.o[0m
[1.404s] [ 43%] [32mBuilding CXX object CMakeFiles/arm_interfaces__rosidl_typesupport_fastrtps_cpp.dir/rosidl_typesupport_fastrtps_cpp/arm_interfaces/msg/detail/dds_fastrtps/arm_voltages__type_support.cpp.o[0m
[1.430s] [35m[1mScanning dependencies of target arm_interfaces__rosidl_typesupport_introspection_c[0m
[1.463s] [ 46%] [32mBuilding C object CMakeFiles/arm_interfaces__rosidl_typesupport_introspection_c.dir/rosidl_typesupport_introspection_c/arm_interfaces/msg/detail/arm_voltages__type_support.c.o[0m
[1.481s] [ 48%] [32mBuilding C object CMakeFiles/arm_interfaces__rosidl_typesupport_introspection_c.dir/rosidl_typesupport_introspection_c/arm_interfaces/msg/detail/live_tune__type_support.c.o[0m
[1.520s] [ 51%] [32m[1mLinking CXX shared library libarm_interfaces__rosidl_typesupport_c.so[0m
[1.570s] [ 53%] [32m[1mLinking C shared library libarm_interfaces__rosidl_typesupport_introspection_c.so[0m
[1.573s] [ 56%] [32mBuilding CXX object CMakeFiles/arm_interfaces__rosidl_typesupport_fastrtps_cpp.dir/rosidl_typesupport_fastrtps_cpp/arm_interfaces/msg/detail/dds_fastrtps/live_tune__type_support.cpp.o[0m
[1.641s] [ 56%] Built target arm_interfaces__rosidl_typesupport_c
[1.653s] [ 56%] Built target arm_interfaces__rosidl_typesupport_introspection_c
[1.665s] [ 58%] [32m[1mLinking CXX shared library libarm_interfaces__rosidl_typesupport_introspection_cpp.so[0m
[1.751s] [ 58%] Built target arm_interfaces__rosidl_typesupport_introspection_cpp
[1.783s] [ 61%] [32m[1mLinking CXX shared library libarm_interfaces__rosidl_typesupport_cpp.so[0m
[1.837s] [ 61%] Built target arm_interfaces__rosidl_typesupport_cpp
[2.073s] [ 64%] [32m[1mLinking CXX shared library libarm_interfaces__rosidl_typesupport_fastrtps_cpp.so[0m
[2.148s] [ 64%] Built target arm_interfaces__rosidl_typesupport_fastrtps_cpp
[2.157s] [ 66%] [34m[1mGenerating C type support for eProsima Fast-RTPS[0m
[2.386s] [35m[1mScanning dependencies of target arm_interfaces__rosidl_typesupport_fastrtps_c[0m
[2.396s] [ 69%] [32mBuilding CXX object CMakeFiles/arm_interfaces__rosidl_typesupport_fastrtps_c.dir/rosidl_typesupport_fastrtps_c/arm_interfaces/msg/detail/arm_voltages__type_support_c.cpp.o[0m
[2.396s] [ 71%] [32mBuilding CXX object CMakeFiles/arm_interfaces__rosidl_typesupport_fastrtps_c.dir/rosidl_typesupport_fastrtps_c/arm_interfaces/msg/detail/live_tune__type_support_c.cpp.o[0m
[2.662s] [ 74%] [32m[1mLinking CXX shared library libarm_interfaces__rosidl_typesupport_fastrtps_c.so[0m
[2.721s] [ 74%] Built target arm_interfaces__rosidl_typesupport_fastrtps_c
[2.735s] [ 74%] Built target arm_interfaces
[2.742s] [35m[1mScanning dependencies of target arm_interfaces__py[0m
[2.749s] [ 76%] [34m[1mGenerating Python code for ROS interfaces[0m
[3.093s] [ 76%] Built target arm_interfaces__py
[3.100s] [35m[1mScanning dependencies of target arm_interfaces__python[0m
[3.113s] [ 79%] [32mBuilding C object CMakeFiles/arm_interfaces__python.dir/rosidl_generator_py/arm_interfaces/msg/_arm_voltages_s.c.o[0m
[3.113s] [ 82%] [32mBuilding C object CMakeFiles/arm_interfaces__python.dir/rosidl_generator_py/arm_interfaces/msg/_live_tune_s.c.o[0m
[3.189s] [ 84%] [32m[1mLinking C shared library rosidl_generator_py/arm_interfaces/libarm_interfaces__python.so[0m
[3.217s] [ 84%] Built target arm_interfaces__python
[3.226s] [35m[1mScanning dependencies of target arm_interfaces__rosidl_typesupport_fastrtps_c__pyext[0m
[3.226s] [35m[1mScanning dependencies of target arm_interfaces__rosidl_typesupport_c__pyext[0m
[3.226s] [35m[1mScanning dependencies of target arm_interfaces__rosidl_typesupport_introspection_c__pyext[0m
[3.241s] [ 89%] [32mBuilding C object CMakeFiles/arm_interfaces__rosidl_typesupport_c__pyext.dir/rosidl_generator_py/arm_interfaces/_arm_interfaces_s.ep.rosidl_typesupport_c.c.o[0m
[3.241s] [ 89%] [32mBuilding C object CMakeFiles/arm_interfaces__rosidl_typesupport_introspection_c__pyext.dir/rosidl_generator_py/arm_interfaces/_arm_interfaces_s.ep.rosidl_typesupport_introspection_c.c.o[0m
[3.241s] [ 92%] [32mBuilding C object CMakeFiles/arm_interfaces__rosidl_typesupport_fastrtps_c__pyext.dir/rosidl_generator_py/arm_interfaces/_arm_interfaces_s.ep.rosidl_typesupport_fastrtps_c.c.o[0m
[3.318s] [ 94%] [32m[1mLinking C shared library rosidl_generator_py/arm_interfaces/arm_interfaces_s__rosidl_typesupport_c.cpython-38-x86_64-linux-gnu.so[0m
[3.318s] [ 97%] [32m[1mLinking CXX shared library rosidl_generator_py/arm_interfaces/arm_interfaces_s__rosidl_typesupport_fastrtps_c.cpython-38-x86_64-linux-gnu.so[0m
[3.318s] [100%] [32m[1mLinking C shared library rosidl_generator_py/arm_interfaces/arm_interfaces_s__rosidl_typesupport_introspection_c.cpython-38-x86_64-linux-gnu.so[0m
[3.347s] [100%] Built target arm_interfaces__rosidl_typesupport_introspection_c__pyext
[3.347s] [100%] Built target arm_interfaces__rosidl_typesupport_c__pyext
[3.368s] [100%] Built target arm_interfaces__rosidl_typesupport_fastrtps_c__pyext
[3.376s] Invoked command in '/home/erik/armnode_ws/src/arm_interfaces/build/arm_interfaces' returned '0': CMAKE_PREFIX_PATH=/opt/ros/foxy:${CMAKE_PREFIX_PATH} /usr/bin/cmake --build /home/erik/armnode_ws/src/arm_interfaces/build/arm_interfaces -- -j8 -l8
[3.428s] Invoking command in '/home/erik/armnode_ws/src/arm_interfaces/build/arm_interfaces': CMAKE_PREFIX_PATH=/opt/ros/foxy:${CMAKE_PREFIX_PATH} /usr/bin/cmake --install /home/erik/armnode_ws/src/arm_interfaces/build/arm_interfaces
[3.434s] -- Install configuration: ""
[3.434s] -- Installing: /home/erik/armnode_ws/src/arm_interfaces/install/arm_interfaces/share/ament_index/resource_index/rosidl_interfaces/arm_interfaces
[3.434s] -- Up-to-date: /home/erik/armnode_ws/src/arm_interfaces/install/arm_interfaces/include/arm_interfaces
[3.434s] -- Up-to-date: /home/erik/armnode_ws/src/arm_interfaces/install/arm_interfaces/include/arm_interfaces/msg
[3.434s] -- Up-to-date: /home/erik/armnode_ws/src/arm_interfaces/install/arm_interfaces/include/arm_interfaces/msg/detail
[3.434s] -- Installing: /home/erik/armnode_ws/src/arm_interfaces/install/arm_interfaces/include/arm_interfaces/msg/detail/live_tune__functions.c
[3.434s] -- Installing: /home/erik/armnode_ws/src/arm_interfaces/install/arm_interfaces/include/arm_interfaces/msg/detail/arm_voltages__type_support.h
[3.435s] -- Installing: /home/erik/armnode_ws/src/arm_interfaces/install/arm_interfaces/include/arm_interfaces/msg/detail/live_tune__functions.h
[3.435s] -- Installing: /home/erik/armnode_ws/src/arm_interfaces/install/arm_interfaces/include/arm_interfaces/msg/detail/arm_voltages__functions.h
[3.435s] -- Installing: /home/erik/armnode_ws/src/arm_interfaces/install/arm_interfaces/include/arm_interfaces/msg/detail/live_tune__struct.h
[3.435s] -- Installing: /home/erik/armnode_ws/src/arm_interfaces/install/arm_interfaces/include/arm_interfaces/msg/detail/arm_voltages__functions.c
[3.435s] -- Installing: /home/erik/armnode_ws/src/arm_interfaces/install/arm_interfaces/include/arm_interfaces/msg/detail/arm_voltages__struct.h
[3.435s] -- Installing: /home/erik/armnode_ws/src/arm_interfaces/install/arm_interfaces/include/arm_interfaces/msg/detail/live_tune__type_support.h
[3.435s] -- Installing: /home/erik/armnode_ws/src/arm_interfaces/install/arm_interfaces/include/arm_interfaces/msg/live_tune.h
[3.435s] -- Installing: /home/erik/armnode_ws/src/arm_interfaces/install/arm_interfaces/include/arm_interfaces/msg/arm_voltages.h
[3.435s] -- Up-to-date: /home/erik/armnode_ws/src/arm_interfaces/install/arm_interfaces/include/arm_interfaces/msg/rosidl_generator_c__visibility_control.h
[3.435s] -- Up-to-date: /home/erik/armnode_ws/src/arm_interfaces/install/arm_interfaces/share/arm_interfaces/environment/library_path.sh
[3.435s] -- Installing: /home/erik/armnode_ws/src/arm_interfaces/install/arm_interfaces/share/arm_interfaces/environment/library_path.dsv
[3.435s] -- Installing: /home/erik/armnode_ws/src/arm_interfaces/install/arm_interfaces/lib/libarm_interfaces__rosidl_generator_c.so
[3.435s] -- Set runtime path of "/home/erik/armnode_ws/src/arm_interfaces/install/arm_interfaces/lib/libarm_interfaces__rosidl_generator_c.so" to ""
[3.435s] -- Up-to-date: /home/erik/armnode_ws/src/arm_interfaces/install/arm_interfaces/include/arm_interfaces
[3.436s] -- Up-to-date: /home/erik/armnode_ws/src/arm_interfaces/install/arm_interfaces/include/arm_interfaces/msg
[3.436s] -- Up-to-date: /home/erik/armnode_ws/src/arm_interfaces/install/arm_interfaces/include/arm_interfaces/msg/detail
[3.436s] -- Installing: /home/erik/armnode_ws/src/arm_interfaces/install/arm_interfaces/include/arm_interfaces/msg/detail/arm_voltages__rosidl_typesupport_fastrtps_c.h
[3.436s] -- Installing: /home/erik/armnode_ws/src/arm_interfaces/install/arm_interfaces/include/arm_interfaces/msg/detail/live_tune__rosidl_typesupport_fastrtps_c.h
[3.436s] -- Up-to-date: /home/erik/armnode_ws/src/arm_interfaces/install/arm_interfaces/include/arm_interfaces/msg/rosidl_typesupport_fastrtps_c__visibility_control.h
[3.436s] -- Installing: /home/erik/armnode_ws/src/arm_interfaces/install/arm_interfaces/lib/libarm_interfaces__rosidl_typesupport_fastrtps_c.so
[3.436s] -- Set runtime path of "/home/erik/armnode_ws/src/arm_interfaces/install/arm_interfaces/lib/libarm_interfaces__rosidl_typesupport_fastrtps_c.so" to ""
[3.436s] -- Up-to-date: /home/erik/armnode_ws/src/arm_interfaces/install/arm_interfaces/include/arm_interfaces
[3.436s] -- Up-to-date: /home/erik/armnode_ws/src/arm_interfaces/install/arm_interfaces/include/arm_interfaces/msg
[3.436s] -- Up-to-date: /home/erik/armnode_ws/src/arm_interfaces/install/arm_interfaces/include/arm_interfaces/msg/detail
[3.436s] -- Up-to-date: /home/erik/armnode_ws/src/arm_interfaces/install/arm_interfaces/include/arm_interfaces/msg/detail/dds_fastrtps
[3.436s] -- Installing: /home/erik/armnode_ws/src/arm_interfaces/install/arm_interfaces/include/arm_interfaces/msg/detail/arm_voltages__rosidl_typesupport_fastrtps_cpp.hpp
[3.436s] -- Installing: /home/erik/armnode_ws/src/arm_interfaces/install/arm_interfaces/include/arm_interfaces/msg/detail/live_tune__rosidl_typesupport_fastrtps_cpp.hpp
[3.437s] -- Up-to-date: /home/erik/armnode_ws/src/arm_interfaces/install/arm_interfaces/include/arm_interfaces/msg/rosidl_typesupport_fastrtps_cpp__visibility_control.h
[3.437s] -- Installing: /home/erik/armnode_ws/src/arm_interfaces/install/arm_interfaces/lib/libarm_interfaces__rosidl_typesupport_fastrtps_cpp.so
[3.437s] -- Set runtime path of "/home/erik/armnode_ws/src/arm_interfaces/install/arm_interfaces/lib/libarm_interfaces__rosidl_typesupport_fastrtps_cpp.so" to ""
[3.437s] -- Up-to-date: /home/erik/armnode_ws/src/arm_interfaces/install/arm_interfaces/include/arm_interfaces
[3.437s] -- Up-to-date: /home/erik/armnode_ws/src/arm_interfaces/install/arm_interfaces/include/arm_interfaces/msg
[3.437s] -- Up-to-date: /home/erik/armnode_ws/src/arm_interfaces/install/arm_interfaces/include/arm_interfaces/msg/detail
[3.437s] -- Installing: /home/erik/armnode_ws/src/arm_interfaces/install/arm_interfaces/include/arm_interfaces/msg/detail/live_tune__type_support.c
[3.437s] -- Installing: /home/erik/armnode_ws/src/arm_interfaces/install/arm_interfaces/include/arm_interfaces/msg/detail/live_tune__rosidl_typesupport_introspection_c.h
[3.437s] -- Installing: /home/erik/armnode_ws/src/arm_interfaces/install/arm_interfaces/include/arm_interfaces/msg/detail/arm_voltages__type_support.c
[3.437s] -- Installing: /home/erik/armnode_ws/src/arm_interfaces/install/arm_interfaces/include/arm_interfaces/msg/detail/arm_voltages__rosidl_typesupport_introspection_c.h
[3.438s] -- Up-to-date: /home/erik/armnode_ws/src/arm_interfaces/install/arm_interfaces/include/arm_interfaces/msg/rosidl_typesupport_introspection_c__visibility_control.h
[3.438s] -- Installing: /home/erik/armnode_ws/src/arm_interfaces/install/arm_interfaces/lib/libarm_interfaces__rosidl_typesupport_introspection_c.so
[3.438s] -- Set runtime path of "/home/erik/armnode_ws/src/arm_interfaces/install/arm_interfaces/lib/libarm_interfaces__rosidl_typesupport_introspection_c.so" to ""
[3.438s] -- Installing: /home/erik/armnode_ws/src/arm_interfaces/install/arm_interfaces/lib/libarm_interfaces__rosidl_typesupport_c.so
[3.438s] -- Set runtime path of "/home/erik/armnode_ws/src/arm_interfaces/install/arm_interfaces/lib/libarm_interfaces__rosidl_typesupport_c.so" to ""
[3.438s] -- Up-to-date: /home/erik/armnode_ws/src/arm_interfaces/install/arm_interfaces/include/arm_interfaces
[3.438s] -- Up-to-date: /home/erik/armnode_ws/src/arm_interfaces/install/arm_interfaces/include/arm_interfaces/msg
[3.438s] -- Up-to-date: /home/erik/armnode_ws/src/arm_interfaces/install/arm_interfaces/include/arm_interfaces/msg/detail
[3.439s] -- Installing: /home/erik/armnode_ws/src/arm_interfaces/install/arm_interfaces/include/arm_interfaces/msg/detail/arm_voltages__struct.hpp
[3.439s] -- Installing: /home/erik/armnode_ws/src/arm_interfaces/install/arm_interfaces/include/arm_interfaces/msg/detail/arm_voltages__traits.hpp
[3.439s] -- Installing: /home/erik/armnode_ws/src/arm_interfaces/install/arm_interfaces/include/arm_interfaces/msg/detail/live_tune__builder.hpp
[3.439s] -- Installing: /home/erik/armnode_ws/src/arm_interfaces/install/arm_interfaces/include/arm_interfaces/msg/detail/live_tune__struct.hpp
[3.439s] -- Installing: /home/erik/armnode_ws/src/arm_interfaces/install/arm_interfaces/include/arm_interfaces/msg/detail/arm_voltages__builder.hpp
[3.439s] -- Installing: /home/erik/armnode_ws/src/arm_interfaces/install/arm_interfaces/include/arm_interfaces/msg/detail/live_tune__traits.hpp
[3.439s] -- Installing: /home/erik/armnode_ws/src/arm_interfaces/install/arm_interfaces/include/arm_interfaces/msg/live_tune.hpp
[3.439s] -- Installing: /home/erik/armnode_ws/src/arm_interfaces/install/arm_interfaces/include/arm_interfaces/msg/arm_voltages.hpp
[3.439s] -- Up-to-date: /home/erik/armnode_ws/src/arm_interfaces/install/arm_interfaces/include/arm_interfaces
[3.439s] -- Up-to-date: /home/erik/armnode_ws/src/arm_interfaces/install/arm_interfaces/include/arm_interfaces/msg
[3.439s] -- Up-to-date: /home/erik/armnode_ws/src/arm_interfaces/install/arm_interfaces/include/arm_interfaces/msg/detail
[3.439s] -- Installing: /home/erik/armnode_ws/src/arm_interfaces/install/arm_interfaces/include/arm_interfaces/msg/detail/arm_voltages__type_support.cpp
[3.439s] -- Installing: /home/erik/armnode_ws/src/arm_interfaces/install/arm_interfaces/include/arm_interfaces/msg/detail/arm_voltages__rosidl_typesupport_introspection_cpp.hpp
[3.439s] -- Installing: /home/erik/armnode_ws/src/arm_interfaces/install/arm_interfaces/include/arm_interfaces/msg/detail/live_tune__rosidl_typesupport_introspection_cpp.hpp
[3.439s] -- Installing: /home/erik/armnode_ws/src/arm_interfaces/install/arm_interfaces/include/arm_interfaces/msg/detail/live_tune__type_support.cpp
[3.439s] -- Installing: /home/erik/armnode_ws/src/arm_interfaces/install/arm_interfaces/lib/libarm_interfaces__rosidl_typesupport_introspection_cpp.so
[3.440s] -- Set runtime path of "/home/erik/armnode_ws/src/arm_interfaces/install/arm_interfaces/lib/libarm_interfaces__rosidl_typesupport_introspection_cpp.so" to ""
[3.440s] -- Installing: /home/erik/armnode_ws/src/arm_interfaces/install/arm_interfaces/lib/libarm_interfaces__rosidl_typesupport_cpp.so
[3.440s] -- Set runtime path of "/home/erik/armnode_ws/src/arm_interfaces/install/arm_interfaces/lib/libarm_interfaces__rosidl_typesupport_cpp.so" to ""
[3.440s] -- Up-to-date: /home/erik/armnode_ws/src/arm_interfaces/install/arm_interfaces/share/arm_interfaces/environment/pythonpath.sh
[3.440s] -- Installing: /home/erik/armnode_ws/src/arm_interfaces/install/arm_interfaces/share/arm_interfaces/environment/pythonpath.dsv
[3.440s] -- Installing: /home/erik/armnode_ws/src/arm_interfaces/install/arm_interfaces/lib/python3.8/site-packages/arm_interfaces/__init__.py
[3.462s] Compiling '/home/erik/armnode_ws/src/arm_interfaces/install/arm_interfaces/lib/python3.8/site-packages/arm_interfaces/__init__.py'...
[3.465s] -- Up-to-date: /home/erik/armnode_ws/src/arm_interfaces/install/arm_interfaces/lib/python3.8/site-packages/arm_interfaces/msg
[3.465s] -- Installing: /home/erik/armnode_ws/src/arm_interfaces/install/arm_interfaces/lib/python3.8/site-packages/arm_interfaces/msg/_arm_voltages.py
[3.465s] -- Installing: /home/erik/armnode_ws/src/arm_interfaces/install/arm_interfaces/lib/python3.8/site-packages/arm_interfaces/msg/_live_tune.py
[3.465s] -- Installing: /home/erik/armnode_ws/src/arm_interfaces/install/arm_interfaces/lib/python3.8/site-packages/arm_interfaces/msg/__init__.py
[3.465s] -- Installing: /home/erik/armnode_ws/src/arm_interfaces/install/arm_interfaces/lib/python3.8/site-packages/arm_interfaces/msg/_live_tune_s.c
[3.466s] -- Installing: /home/erik/armnode_ws/src/arm_interfaces/install/arm_interfaces/lib/python3.8/site-packages/arm_interfaces/msg/_arm_voltages_s.c
[3.466s] -- Installing: /home/erik/armnode_ws/src/arm_interfaces/install/arm_interfaces/lib/python3.8/site-packages/arm_interfaces/arm_interfaces_s__rosidl_typesupport_fastrtps_c.cpython-38-x86_64-linux-gnu.so
[3.466s] -- Set runtime path of "/home/erik/armnode_ws/src/arm_interfaces/install/arm_interfaces/lib/python3.8/site-packages/arm_interfaces/arm_interfaces_s__rosidl_typesupport_fastrtps_c.cpython-38-x86_64-linux-gnu.so" to ""
[3.466s] -- Installing: /home/erik/armnode_ws/src/arm_interfaces/install/arm_interfaces/lib/python3.8/site-packages/arm_interfaces/arm_interfaces_s__rosidl_typesupport_introspection_c.cpython-38-x86_64-linux-gnu.so
[3.467s] -- Set runtime path of "/home/erik/armnode_ws/src/arm_interfaces/install/arm_interfaces/lib/python3.8/site-packages/arm_interfaces/arm_interfaces_s__rosidl_typesupport_introspection_c.cpython-38-x86_64-linux-gnu.so" to ""
[3.467s] -- Installing: /home/erik/armnode_ws/src/arm_interfaces/install/arm_interfaces/lib/python3.8/site-packages/arm_interfaces/arm_interfaces_s__rosidl_typesupport_c.cpython-38-x86_64-linux-gnu.so
[3.468s] -- Set runtime path of "/home/erik/armnode_ws/src/arm_interfaces/install/arm_interfaces/lib/python3.8/site-packages/arm_interfaces/arm_interfaces_s__rosidl_typesupport_c.cpython-38-x86_64-linux-gnu.so" to ""
[3.468s] -- Installing: /home/erik/armnode_ws/src/arm_interfaces/install/arm_interfaces/lib/libarm_interfaces__python.so
[3.468s] -- Set runtime path of "/home/erik/armnode_ws/src/arm_interfaces/install/arm_interfaces/lib/libarm_interfaces__python.so" to ""
[3.468s] -- Up-to-date: /home/erik/armnode_ws/src/arm_interfaces/install/arm_interfaces/share/arm_interfaces/msg/ArmVoltages.idl
[3.468s] -- Installing: /home/erik/armnode_ws/src/arm_interfaces/install/arm_interfaces/share/arm_interfaces/msg/LiveTune.idl
[3.468s] -- Up-to-date: /home/erik/armnode_ws/src/arm_interfaces/install/arm_interfaces/share/arm_interfaces/msg/ArmVoltages.msg
[3.468s] -- Installing: /home/erik/armnode_ws/src/arm_interfaces/install/arm_interfaces/share/arm_interfaces/msg/LiveTune.msg
[3.468s] -- Up-to-date: /home/erik/armnode_ws/src/arm_interfaces/install/arm_interfaces/share/ament_index/resource_index/package_run_dependencies/arm_interfaces
[3.468s] -- Up-to-date: /home/erik/armnode_ws/src/arm_interfaces/install/arm_interfaces/share/ament_index/resource_index/parent_prefix_path/arm_interfaces
[3.468s] -- Up-to-date: /home/erik/armnode_ws/src/arm_interfaces/install/arm_interfaces/share/arm_interfaces/environment/ament_prefix_path.sh
[3.468s] -- Installing: /home/erik/armnode_ws/src/arm_interfaces/install/arm_interfaces/share/arm_interfaces/environment/ament_prefix_path.dsv
[3.468s] -- Up-to-date: /home/erik/armnode_ws/src/arm_interfaces/install/arm_interfaces/share/arm_interfaces/environment/path.sh
[3.468s] -- Installing: /home/erik/armnode_ws/src/arm_interfaces/install/arm_interfaces/share/arm_interfaces/environment/path.dsv
[3.469s] -- Up-to-date: /home/erik/armnode_ws/src/arm_interfaces/install/arm_interfaces/share/arm_interfaces/local_setup.bash
[3.469s] -- Up-to-date: /home/erik/armnode_ws/src/arm_interfaces/install/arm_interfaces/share/arm_interfaces/local_setup.sh
[3.469s] -- Up-to-date: /home/erik/armnode_ws/src/arm_interfaces/install/arm_interfaces/share/arm_interfaces/local_setup.zsh
[3.469s] -- Installing: /home/erik/armnode_ws/src/arm_interfaces/install/arm_interfaces/share/arm_interfaces/local_setup.dsv
[3.469s] -- Installing: /home/erik/armnode_ws/src/arm_interfaces/install/arm_interfaces/share/arm_interfaces/package.dsv
[3.469s] -- Up-to-date: /home/erik/armnode_ws/src/arm_interfaces/install/arm_interfaces/share/ament_index/resource_index/packages/arm_interfaces
[3.469s] -- Up-to-date: /home/erik/armnode_ws/src/arm_interfaces/install/arm_interfaces/share/arm_interfaces/cmake/arm_interfaces__rosidl_generator_cExport.cmake
[3.469s] -- Installing: /home/erik/armnode_ws/src/arm_interfaces/install/arm_interfaces/share/arm_interfaces/cmake/arm_interfaces__rosidl_generator_cExport-noconfig.cmake
[3.469s] -- Up-to-date: /home/erik/armnode_ws/src/arm_interfaces/install/arm_interfaces/share/arm_interfaces/cmake/arm_interfaces__rosidl_typesupport_introspection_cExport.cmake
[3.469s] -- Installing: /home/erik/armnode_ws/src/arm_interfaces/install/arm_interfaces/share/arm_interfaces/cmake/arm_interfaces__rosidl_typesupport_introspection_cExport-noconfig.cmake
[3.469s] -- Up-to-date: /home/erik/armnode_ws/src/arm_interfaces/install/arm_interfaces/share/arm_interfaces/cmake/arm_interfaces__rosidl_typesupport_cExport.cmake
[3.469s] -- Installing: /home/erik/armnode_ws/src/arm_interfaces/install/arm_interfaces/share/arm_interfaces/cmake/arm_interfaces__rosidl_typesupport_cExport-noconfig.cmake
[3.470s] -- Up-to-date: /home/erik/armnode_ws/src/arm_interfaces/install/arm_interfaces/share/arm_interfaces/cmake/arm_interfaces__rosidl_generator_cppExport.cmake
[3.470s] -- Up-to-date: /home/erik/armnode_ws/src/arm_interfaces/install/arm_interfaces/share/arm_interfaces/cmake/arm_interfaces__rosidl_typesupport_introspection_cppExport.cmake
[3.470s] -- Installing: /home/erik/armnode_ws/src/arm_interfaces/install/arm_interfaces/share/arm_interfaces/cmake/arm_interfaces__rosidl_typesupport_introspection_cppExport-noconfig.cmake
[3.470s] -- Up-to-date: /home/erik/armnode_ws/src/arm_interfaces/install/arm_interfaces/share/arm_interfaces/cmake/arm_interfaces__rosidl_typesupport_cppExport.cmake
[3.470s] -- Installing: /home/erik/armnode_ws/src/arm_interfaces/install/arm_interfaces/share/arm_interfaces/cmake/arm_interfaces__rosidl_typesupport_cppExport-noconfig.cmake
[3.470s] -- Installing: /home/erik/armnode_ws/src/arm_interfaces/install/arm_interfaces/share/arm_interfaces/cmake/rosidl_cmake-extras.cmake
[3.470s] -- Up-to-date: /home/erik/armnode_ws/src/arm_interfaces/install/arm_interfaces/share/arm_interfaces/cmake/ament_cmake_export_dependencies-extras.cmake
[3.470s] -- Up-to-date: /home/erik/armnode_ws/src/arm_interfaces/install/arm_interfaces/share/arm_interfaces/cmake/ament_cmake_export_libraries-extras.cmake
[3.471s] -- Up-to-date: /home/erik/armnode_ws/src/arm_interfaces/install/arm_interfaces/share/arm_interfaces/cmake/ament_cmake_export_targets-extras.cmake
[3.471s] -- Up-to-date: /home/erik/armnode_ws/src/arm_interfaces/install/arm_interfaces/share/arm_interfaces/cmake/ament_cmake_export_include_directories-extras.cmake
[3.471s] -- Up-to-date: /home/erik/armnode_ws/src/arm_interfaces/install/arm_interfaces/share/arm_interfaces/cmake/rosidl_cmake_export_typesupport_libraries-extras.cmake
[3.471s] -- Up-to-date: /home/erik/armnode_ws/src/arm_interfaces/install/arm_interfaces/share/arm_interfaces/cmake/rosidl_cmake_export_typesupport_targets-extras.cmake
[3.471s] -- Up-to-date: /home/erik/armnode_ws/src/arm_interfaces/install/arm_interfaces/share/arm_interfaces/cmake/arm_interfacesConfig.cmake
[3.471s] -- Up-to-date: /home/erik/armnode_ws/src/arm_interfaces/install/arm_interfaces/share/arm_interfaces/cmake/arm_interfacesConfig-version.cmake
[3.471s] -- Up-to-date: /home/erik/armnode_ws/src/arm_interfaces/install/arm_interfaces/share/arm_interfaces/package.xml
[3.473s] Invoked command in '/home/erik/armnode_ws/src/arm_interfaces/build/arm_interfaces' returned '0': CMAKE_PREFIX_PATH=/opt/ros/foxy:${CMAKE_PREFIX_PATH} /usr/bin/cmake --install /home/erik/armnode_ws/src/arm_interfaces/build/arm_interfaces
