running egg_info
writing ../../build/arm_pkg/arm_pkg.egg-info/PKG-INFO
writing dependency_links to ../../build/arm_pkg/arm_pkg.egg-info/dependency_links.txt
writing entry points to ../../build/arm_pkg/arm_pkg.egg-info/entry_points.txt
writing requirements to ../../build/arm_pkg/arm_pkg.egg-info/requires.txt
writing top-level names to ../../build/arm_pkg/arm_pkg.egg-info/top_level.txt
reading manifest file '../../build/arm_pkg/arm_pkg.egg-info/SOURCES.txt'
writing manifest file '../../build/arm_pkg/arm_pkg.egg-info/SOURCES.txt'
running build
running build_py
copying arm_pkg/GravityCompensation.py -> /home/erik/armnode_ws/build/arm_pkg/build/lib/arm_pkg
copying arm_pkg/arm_node.py -> /home/erik/armnode_ws/build/arm_pkg/build/lib/arm_pkg
running install
running install_lib
copying /home/erik/armnode_ws/build/arm_pkg/build/lib/arm_pkg/GravityCompensation.py -> /home/erik/armnode_ws/install/arm_pkg/lib/python3.8/site-packages/arm_pkg
copying /home/erik/armnode_ws/build/arm_pkg/build/lib/arm_pkg/arm_node.py -> /home/erik/armnode_ws/install/arm_pkg/lib/python3.8/site-packages/arm_pkg
byte-compiling /home/erik/armnode_ws/install/arm_pkg/lib/python3.8/site-packages/arm_pkg/GravityCompensation.py to GravityCompensation.cpython-38.pyc
byte-compiling /home/erik/armnode_ws/install/arm_pkg/lib/python3.8/site-packages/arm_pkg/arm_node.py to arm_node.cpython-38.pyc
running install_data
running install_egg_info
removing '/home/erik/armnode_ws/install/arm_pkg/lib/python3.8/site-packages/arm_pkg-0.0.0-py3.8.egg-info' (and everything under it)
Copying ../../build/arm_pkg/arm_pkg.egg-info to /home/erik/armnode_ws/install/arm_pkg/lib/python3.8/site-packages/arm_pkg-0.0.0-py3.8.egg-info
running install_scripts
Installing arm_node script to /home/erik/armnode_ws/install/arm_pkg/lib/arm_pkg
writing list of installed files to '/home/erik/armnode_ws/build/arm_pkg/install.log'
