[0.094s] DEBUG:colcon:Command line arguments: ['/usr/bin/colcon', 'build']
[0.094s] DEBUG:colcon:Parsed command line arguments: Namespace(allow_overriding=[], ament_cmake_args=None, base_paths=['.'], build_base='build', catkin_cmake_args=None, catkin_skip_building_tests=False, cmake_args=None, cmake_clean_cache=False, cmake_clean_first=False, cmake_force_configure=False, cmake_target=None, cmake_target_skip_unavailable=False, continue_on_error=False, event_handlers=None, executor='parallel', ignore_user_meta=False, install_base='install', log_base=None, log_level=None, main=<bound method BuildVerb.main of <colcon_core.verb.build.BuildVerb object at 0x7f90f1b5ac10>>, merge_install=False, metas=['./colcon.meta'], packages_above=None, packages_above_and_dependencies=None, packages_above_depth=None, packages_end=None, packages_ignore=None, packages_ignore_regex=None, packages_select=None, packages_select_build_failed=False, packages_select_by_dep=None, packages_select_regex=None, packages_select_test_failures=False, packages_skip=None, packages_skip_build_finished=False, packages_skip_by_dep=None, packages_skip_regex=None, packages_skip_test_passed=False, packages_skip_up_to=None, packages_start=None, packages_up_to=None, packages_up_to_regex=None, parallel_workers=8, paths=None, symlink_install=False, test_result_base=None, verb_extension=<colcon_core.verb.build.BuildVerb object at 0x7f90f1b5ac10>, verb_name='build', verb_parser=<colcon_defaults.argument_parser.defaults.DefaultArgumentsDecorator object at 0x7f90f1b621c0>)
[0.109s] Level 1:colcon.colcon_core.package_discovery:discover_packages(colcon_meta) check parameters
[0.109s] Level 1:colcon.colcon_core.package_discovery:discover_packages(recursive) check parameters
[0.109s] Level 1:colcon.colcon_core.package_discovery:discover_packages(ignore) check parameters
[0.109s] Level 1:colcon.colcon_core.package_discovery:discover_packages(path) check parameters
[0.109s] Level 1:colcon.colcon_core.package_discovery:discover_packages(colcon_meta) discover
[0.110s] Level 1:colcon.colcon_core.package_discovery:discover_packages(recursive) discover
[0.110s] INFO:colcon.colcon_core.package_discovery:Crawling recursively for packages in '/home/erik/armnode_ws'
[0.110s] Level 1:colcon.colcon_core.package_identification:_identify(.) by extensions ['ignore', 'ignore_ament_install']
[0.110s] Level 1:colcon.colcon_core.package_identification:_identify(.) by extension 'ignore'
[0.110s] Level 1:colcon.colcon_core.package_identification:_identify(.) by extension 'ignore_ament_install'
[0.110s] Level 1:colcon.colcon_core.package_identification:_identify(.) by extensions ['colcon_pkg']
[0.110s] Level 1:colcon.colcon_core.package_identification:_identify(.) by extension 'colcon_pkg'
[0.110s] Level 1:colcon.colcon_core.package_identification:_identify(.) by extensions ['colcon_meta']
[0.110s] Level 1:colcon.colcon_core.package_identification:_identify(.) by extension 'colcon_meta'
[0.110s] Level 1:colcon.colcon_core.package_identification:_identify(.) by extensions ['ros']
[0.110s] Level 1:colcon.colcon_core.package_identification:_identify(.) by extension 'ros'
[0.117s] Level 1:colcon.colcon_core.package_identification:_identify(.) by extensions ['cmake', 'python']
[0.117s] Level 1:colcon.colcon_core.package_identification:_identify(.) by extension 'cmake'
[0.117s] Level 1:colcon.colcon_core.package_identification:_identify(.) by extension 'python'
[0.117s] Level 1:colcon.colcon_core.package_identification:_identify(.) by extensions ['python_setup_py']
[0.117s] Level 1:colcon.colcon_core.package_identification:_identify(.) by extension 'python_setup_py'
[0.117s] Level 1:colcon.colcon_core.package_identification:_identify(build) by extensions ['ignore', 'ignore_ament_install']
[0.117s] Level 1:colcon.colcon_core.package_identification:_identify(build) by extension 'ignore'
[0.117s] Level 1:colcon.colcon_core.package_identification:_identify(build) ignored
[0.117s] Level 1:colcon.colcon_core.package_identification:_identify(install) by extensions ['ignore', 'ignore_ament_install']
[0.118s] Level 1:colcon.colcon_core.package_identification:_identify(install) by extension 'ignore'
[0.118s] Level 1:colcon.colcon_core.package_identification:_identify(install) ignored
[0.118s] Level 1:colcon.colcon_core.package_identification:_identify(log) by extensions ['ignore', 'ignore_ament_install']
[0.118s] Level 1:colcon.colcon_core.package_identification:_identify(log) by extension 'ignore'
[0.118s] Level 1:colcon.colcon_core.package_identification:_identify(log) ignored
[0.118s] Level 1:colcon.colcon_core.package_identification:_identify(src) by extensions ['ignore', 'ignore_ament_install']
[0.118s] Level 1:colcon.colcon_core.package_identification:_identify(src) by extension 'ignore'
[0.118s] Level 1:colcon.colcon_core.package_identification:_identify(src) by extension 'ignore_ament_install'
[0.118s] Level 1:colcon.colcon_core.package_identification:_identify(src) by extensions ['colcon_pkg']
[0.118s] Level 1:colcon.colcon_core.package_identification:_identify(src) by extension 'colcon_pkg'
[0.118s] Level 1:colcon.colcon_core.package_identification:_identify(src) by extensions ['colcon_meta']
[0.118s] Level 1:colcon.colcon_core.package_identification:_identify(src) by extension 'colcon_meta'
[0.118s] Level 1:colcon.colcon_core.package_identification:_identify(src) by extensions ['ros']
[0.118s] Level 1:colcon.colcon_core.package_identification:_identify(src) by extension 'ros'
[0.118s] Level 1:colcon.colcon_core.package_identification:_identify(src) by extensions ['cmake', 'python']
[0.118s] Level 1:colcon.colcon_core.package_identification:_identify(src) by extension 'cmake'
[0.118s] Level 1:colcon.colcon_core.package_identification:_identify(src) by extension 'python'
[0.118s] Level 1:colcon.colcon_core.package_identification:_identify(src) by extensions ['python_setup_py']
[0.118s] Level 1:colcon.colcon_core.package_identification:_identify(src) by extension 'python_setup_py'
[0.118s] Level 1:colcon.colcon_core.package_identification:_identify(src/arm_pkg) by extensions ['ignore', 'ignore_ament_install']
[0.118s] Level 1:colcon.colcon_core.package_identification:_identify(src/arm_pkg) by extension 'ignore'
[0.118s] Level 1:colcon.colcon_core.package_identification:_identify(src/arm_pkg) by extension 'ignore_ament_install'
[0.118s] Level 1:colcon.colcon_core.package_identification:_identify(src/arm_pkg) by extensions ['colcon_pkg']
[0.118s] Level 1:colcon.colcon_core.package_identification:_identify(src/arm_pkg) by extension 'colcon_pkg'
[0.118s] Level 1:colcon.colcon_core.package_identification:_identify(src/arm_pkg) by extensions ['colcon_meta']
[0.118s] Level 1:colcon.colcon_core.package_identification:_identify(src/arm_pkg) by extension 'colcon_meta'
[0.118s] Level 1:colcon.colcon_core.package_identification:_identify(src/arm_pkg) by extensions ['ros']
[0.118s] Level 1:colcon.colcon_core.package_identification:_identify(src/arm_pkg) by extension 'ros'
[0.126s] DEBUG:colcon.colcon_core.package_identification:Package 'src/arm_pkg' with type 'ros.ament_python' and name 'arm_pkg'
[0.126s] Level 1:colcon.colcon_core.package_discovery:discover_packages(recursive) using defaults
[0.126s] Level 1:colcon.colcon_core.package_discovery:discover_packages(ignore) discover
[0.126s] Level 1:colcon.colcon_core.package_discovery:discover_packages(ignore) using defaults
[0.126s] Level 1:colcon.colcon_core.package_discovery:discover_packages(path) discover
[0.126s] Level 1:colcon.colcon_core.package_discovery:discover_packages(path) using defaults
[0.138s] Level 1:colcon.colcon_core.package_discovery:discover_packages(prefix_path) check parameters
[0.138s] Level 1:colcon.colcon_core.package_discovery:discover_packages(prefix_path) discover
[0.140s] DEBUG:colcon.colcon_installed_package_information.package_discovery:Found 1 installed packages in /home/erik/armnode_ws/install
[0.141s] DEBUG:colcon.colcon_installed_package_information.package_discovery:Found 1 installed packages in /home/erik/ros2_ws/install
[0.142s] DEBUG:colcon.colcon_installed_package_information.package_discovery:Found 256 installed packages in /opt/ros/foxy
[0.143s] Level 1:colcon.colcon_core.package_discovery:discover_packages(prefix_path) using defaults
[0.183s] Level 5:colcon.colcon_core.verb:set package 'arm_pkg' build argument 'cmake_args' from command line to 'None'
[0.183s] Level 5:colcon.colcon_core.verb:set package 'arm_pkg' build argument 'cmake_target' from command line to 'None'
[0.183s] Level 5:colcon.colcon_core.verb:set package 'arm_pkg' build argument 'cmake_target_skip_unavailable' from command line to 'False'
[0.183s] Level 5:colcon.colcon_core.verb:set package 'arm_pkg' build argument 'cmake_clean_cache' from command line to 'False'
[0.184s] Level 5:colcon.colcon_core.verb:set package 'arm_pkg' build argument 'cmake_clean_first' from command line to 'False'
[0.184s] Level 5:colcon.colcon_core.verb:set package 'arm_pkg' build argument 'cmake_force_configure' from command line to 'False'
[0.184s] Level 5:colcon.colcon_core.verb:set package 'arm_pkg' build argument 'ament_cmake_args' from command line to 'None'
[0.184s] Level 5:colcon.colcon_core.verb:set package 'arm_pkg' build argument 'catkin_cmake_args' from command line to 'None'
[0.184s] Level 5:colcon.colcon_core.verb:set package 'arm_pkg' build argument 'catkin_skip_building_tests' from command line to 'False'
[0.184s] DEBUG:colcon.colcon_core.verb:Building package 'arm_pkg' with the following arguments: {'ament_cmake_args': None, 'build_base': '/home/erik/armnode_ws/build/arm_pkg', 'catkin_cmake_args': None, 'catkin_skip_building_tests': False, 'cmake_args': None, 'cmake_clean_cache': False, 'cmake_clean_first': False, 'cmake_force_configure': False, 'cmake_target': None, 'cmake_target_skip_unavailable': False, 'install_base': '/home/erik/armnode_ws/install/arm_pkg', 'merge_install': False, 'path': '/home/erik/armnode_ws/src/arm_pkg', 'symlink_install': False, 'test_result_base': None}
[0.184s] INFO:colcon.colcon_core.executor:Executing jobs using 'parallel' executor
[0.187s] DEBUG:colcon.colcon_parallel_executor.executor.parallel:run_until_complete
[0.187s] INFO:colcon.colcon_ros.task.ament_python.build:Building ROS package in '/home/erik/armnode_ws/src/arm_pkg' with build type 'ament_python'
[0.187s] Level 1:colcon.colcon_core.shell:create_environment_hook('arm_pkg', 'ament_prefix_path')
[0.190s] INFO:colcon.colcon_core.plugin_system:Skipping extension 'colcon_core.shell.bat': Not used on non-Windows systems
[0.190s] INFO:colcon.colcon_core.shell:Creating environment hook '/home/erik/armnode_ws/install/arm_pkg/share/arm_pkg/hook/ament_prefix_path.ps1'
[0.190s] INFO:colcon.colcon_core.shell:Creating environment descriptor '/home/erik/armnode_ws/install/arm_pkg/share/arm_pkg/hook/ament_prefix_path.dsv'
[0.190s] INFO:colcon.colcon_core.shell:Creating environment hook '/home/erik/armnode_ws/install/arm_pkg/share/arm_pkg/hook/ament_prefix_path.sh'
[0.192s] INFO:colcon.colcon_core.shell:Skip shell extension 'powershell' for command environment: Not usable outside of PowerShell
[0.192s] DEBUG:colcon.colcon_core.shell:Skip shell extension 'dsv' for command environment
[0.194s] DEBUG:colcon.colcon_core.shell:Ignoring prefix path '/opt/ros/noetic'
[0.346s] INFO:colcon.colcon_core.task.python.build:Building Python package in '/home/erik/armnode_ws/src/arm_pkg'
[0.348s] INFO:colcon.colcon_core.shell:Skip shell extension 'powershell' for command environment: Not usable outside of PowerShell
[0.348s] DEBUG:colcon.colcon_core.shell:Skip shell extension 'dsv' for command environment
[0.350s] DEBUG:colcon.colcon_core.shell:Ignoring prefix path '/opt/ros/noetic'
[0.614s] DEBUG:colcon.colcon_core.event_handler.log_command:Invoking command in '/home/erik/armnode_ws/src/arm_pkg': PYTHONPATH=/home/erik/armnode_ws/install/arm_pkg/lib/python3.8/site-packages:${PYTHONPATH} /usr/bin/python3 setup.py egg_info --egg-base ../../build/arm_pkg build --build-base /home/erik/armnode_ws/build/arm_pkg/build install --prefix /home/erik/armnode_ws/install/arm_pkg --record /home/erik/armnode_ws/build/arm_pkg/install.log --single-version-externally-managed
[0.831s] DEBUG:colcon.colcon_core.event_handler.log_command:Invoked command in '/home/erik/armnode_ws/src/arm_pkg' returned '0': PYTHONPATH=/home/erik/armnode_ws/install/arm_pkg/lib/python3.8/site-packages:${PYTHONPATH} /usr/bin/python3 setup.py egg_info --egg-base ../../build/arm_pkg build --build-base /home/erik/armnode_ws/build/arm_pkg/build install --prefix /home/erik/armnode_ws/install/arm_pkg --record /home/erik/armnode_ws/build/arm_pkg/install.log --single-version-externally-managed
[0.834s] Level 1:colcon.colcon_core.environment:checking '/home/erik/armnode_ws/install/arm_pkg' for CMake module files
[0.835s] Level 1:colcon.colcon_core.environment:checking '/home/erik/armnode_ws/install/arm_pkg' for CMake config files
[0.835s] Level 1:colcon.colcon_core.environment:checking '/home/erik/armnode_ws/install/arm_pkg/lib'
[0.835s] Level 1:colcon.colcon_core.environment:checking '/home/erik/armnode_ws/install/arm_pkg/bin'
[0.835s] Level 1:colcon.colcon_core.environment:checking '/home/erik/armnode_ws/install/arm_pkg/lib/pkgconfig/arm_pkg.pc'
[0.835s] Level 1:colcon.colcon_core.environment:checking '/home/erik/armnode_ws/install/arm_pkg/lib/python3.8/site-packages'
[0.835s] Level 1:colcon.colcon_core.shell:create_environment_hook('arm_pkg', 'pythonpath')
[0.836s] INFO:colcon.colcon_core.shell:Creating environment hook '/home/erik/armnode_ws/install/arm_pkg/share/arm_pkg/hook/pythonpath.ps1'
[0.837s] INFO:colcon.colcon_core.shell:Creating environment descriptor '/home/erik/armnode_ws/install/arm_pkg/share/arm_pkg/hook/pythonpath.dsv'
[0.837s] INFO:colcon.colcon_core.shell:Creating environment hook '/home/erik/armnode_ws/install/arm_pkg/share/arm_pkg/hook/pythonpath.sh'
[0.837s] Level 1:colcon.colcon_core.environment:checking '/home/erik/armnode_ws/install/arm_pkg/bin'
[0.837s] Level 1:colcon.colcon_core.environment:create_environment_scripts_only(arm_pkg)
[0.838s] INFO:colcon.colcon_core.shell:Creating package script '/home/erik/armnode_ws/install/arm_pkg/share/arm_pkg/package.ps1'
[0.838s] INFO:colcon.colcon_core.shell:Creating package descriptor '/home/erik/armnode_ws/install/arm_pkg/share/arm_pkg/package.dsv'
[0.839s] INFO:colcon.colcon_core.shell:Creating package script '/home/erik/armnode_ws/install/arm_pkg/share/arm_pkg/package.sh'
[0.839s] INFO:colcon.colcon_core.shell:Creating package script '/home/erik/armnode_ws/install/arm_pkg/share/arm_pkg/package.bash'
[0.840s] INFO:colcon.colcon_core.shell:Creating package script '/home/erik/armnode_ws/install/arm_pkg/share/arm_pkg/package.zsh'
[0.840s] Level 1:colcon.colcon_core.environment:create_file_with_runtime_dependencies(/home/erik/armnode_ws/install/arm_pkg/share/colcon-core/packages/arm_pkg)
[0.840s] DEBUG:colcon.colcon_parallel_executor.executor.parallel:closing loop
[0.840s] DEBUG:colcon.colcon_parallel_executor.executor.parallel:loop closed
[0.840s] DEBUG:colcon.colcon_parallel_executor.executor.parallel:run_until_complete finished with '0'
[0.841s] DEBUG:colcon.colcon_core.event_reactor:joining thread
[0.844s] INFO:colcon.colcon_core.plugin_system:Skipping extension 'colcon_notification.desktop_notification.terminal_notifier': Not used on non-Darwin systems
[0.844s] INFO:colcon.colcon_core.plugin_system:Skipping extension 'colcon_notification.desktop_notification.win32': Not used on non-Windows systems
[0.844s] INFO:colcon.colcon_notification.desktop_notification:Sending desktop notification using 'notify2'
[0.855s] DEBUG:colcon.colcon_core.event_reactor:joined thread
[0.856s] INFO:colcon.colcon_core.shell:Creating prefix script '/home/erik/armnode_ws/install/local_setup.ps1'
[0.857s] INFO:colcon.colcon_core.shell:Creating prefix util module '/home/erik/armnode_ws/install/_local_setup_util_ps1.py'
[0.858s] INFO:colcon.colcon_core.shell:Creating prefix chain script '/home/erik/armnode_ws/install/setup.ps1'
[0.859s] INFO:colcon.colcon_core.shell:Creating prefix script '/home/erik/armnode_ws/install/local_setup.sh'
[0.860s] INFO:colcon.colcon_core.shell:Creating prefix util module '/home/erik/armnode_ws/install/_local_setup_util_sh.py'
[0.860s] INFO:colcon.colcon_core.shell:Creating prefix chain script '/home/erik/armnode_ws/install/setup.sh'
[0.861s] INFO:colcon.colcon_core.shell:Creating prefix script '/home/erik/armnode_ws/install/local_setup.bash'
[0.861s] INFO:colcon.colcon_core.shell:Creating prefix chain script '/home/erik/armnode_ws/install/setup.bash'
[0.862s] INFO:colcon.colcon_core.shell:Creating prefix script '/home/erik/armnode_ws/install/local_setup.zsh'
[0.862s] INFO:colcon.colcon_core.shell:Creating prefix chain script '/home/erik/armnode_ws/install/setup.zsh'
