[0.087s] DEBUG:colcon:Command line arguments: ['/usr/bin/colcon', 'build']
[0.087s] DEBUG:colcon:Parsed command line arguments: Namespace(allow_overriding=[], ament_cmake_args=None, base_paths=['.'], build_base='build', catkin_cmake_args=None, catkin_skip_building_tests=False, cmake_args=None, cmake_clean_cache=False, cmake_clean_first=False, cmake_force_configure=False, cmake_target=None, cmake_target_skip_unavailable=False, continue_on_error=False, event_handlers=None, executor='parallel', ignore_user_meta=False, install_base='install', log_base=None, log_level=None, main=<bound method BuildVerb.main of <colcon_core.verb.build.BuildVerb object at 0x7f75dfc1ba30>>, merge_install=False, metas=['./colcon.meta'], packages_above=None, packages_above_and_dependencies=None, packages_above_depth=None, packages_end=None, packages_ignore=None, packages_ignore_regex=None, packages_select=None, packages_select_build_failed=False, packages_select_by_dep=None, packages_select_regex=None, packages_select_test_failures=False, packages_skip=None, packages_skip_build_finished=False, packages_skip_by_dep=None, packages_skip_regex=None, packages_skip_test_passed=False, packages_skip_up_to=None, packages_start=None, packages_up_to=None, packages_up_to_regex=None, parallel_workers=8, paths=None, symlink_install=False, test_result_base=None, verb_extension=<colcon_core.verb.build.BuildVerb object at 0x7f75dfc1ba30>, verb_name='build', verb_parser=<colcon_defaults.argument_parser.defaults.DefaultArgumentsDecorator object at 0x7f75dfc1bfa0>)
[0.102s] Level 1:colcon.colcon_core.package_discovery:discover_packages(colcon_meta) check parameters
[0.102s] Level 1:colcon.colcon_core.package_discovery:discover_packages(recursive) check parameters
[0.102s] Level 1:colcon.colcon_core.package_discovery:discover_packages(ignore) check parameters
[0.102s] Level 1:colcon.colcon_core.package_discovery:discover_packages(path) check parameters
[0.102s] Level 1:colcon.colcon_core.package_discovery:discover_packages(colcon_meta) discover
[0.102s] Level 1:colcon.colcon_core.package_discovery:discover_packages(recursive) discover
[0.102s] INFO:colcon.colcon_core.package_discovery:Crawling recursively for packages in '/home/erik/armnode_ws/src/arm_interfaces'
[0.102s] Level 1:colcon.colcon_core.package_identification:_identify(.) by extensions ['ignore', 'ignore_ament_install']
[0.102s] Level 1:colcon.colcon_core.package_identification:_identify(.) by extension 'ignore'
[0.102s] Level 1:colcon.colcon_core.package_identification:_identify(.) by extension 'ignore_ament_install'
[0.102s] Level 1:colcon.colcon_core.package_identification:_identify(.) by extensions ['colcon_pkg']
[0.102s] Level 1:colcon.colcon_core.package_identification:_identify(.) by extension 'colcon_pkg'
[0.102s] Level 1:colcon.colcon_core.package_identification:_identify(.) by extensions ['colcon_meta']
[0.102s] Level 1:colcon.colcon_core.package_identification:_identify(.) by extension 'colcon_meta'
[0.102s] Level 1:colcon.colcon_core.package_identification:_identify(.) by extensions ['ros']
[0.102s] Level 1:colcon.colcon_core.package_identification:_identify(.) by extension 'ros'
[0.116s] DEBUG:colcon.colcon_core.package_identification:Package '.' with type 'ros.ament_cmake' and name 'arm_interfaces'
[0.116s] Level 1:colcon.colcon_core.package_discovery:discover_packages(recursive) using defaults
[0.116s] Level 1:colcon.colcon_core.package_discovery:discover_packages(ignore) discover
[0.116s] Level 1:colcon.colcon_core.package_discovery:discover_packages(ignore) using defaults
[0.116s] Level 1:colcon.colcon_core.package_discovery:discover_packages(path) discover
[0.116s] Level 1:colcon.colcon_core.package_discovery:discover_packages(path) using defaults
[0.128s] Level 1:colcon.colcon_core.package_discovery:discover_packages(prefix_path) check parameters
[0.128s] Level 1:colcon.colcon_core.package_discovery:discover_packages(prefix_path) discover
[0.130s] DEBUG:colcon.colcon_installed_package_information.package_discovery:Found 256 installed packages in /opt/ros/foxy
[0.131s] Level 1:colcon.colcon_core.package_discovery:discover_packages(prefix_path) using defaults
[0.167s] Level 5:colcon.colcon_core.verb:set package 'arm_interfaces' build argument 'cmake_args' from command line to 'None'
[0.167s] Level 5:colcon.colcon_core.verb:set package 'arm_interfaces' build argument 'cmake_target' from command line to 'None'
[0.167s] Level 5:colcon.colcon_core.verb:set package 'arm_interfaces' build argument 'cmake_target_skip_unavailable' from command line to 'False'
[0.167s] Level 5:colcon.colcon_core.verb:set package 'arm_interfaces' build argument 'cmake_clean_cache' from command line to 'False'
[0.167s] Level 5:colcon.colcon_core.verb:set package 'arm_interfaces' build argument 'cmake_clean_first' from command line to 'False'
[0.167s] Level 5:colcon.colcon_core.verb:set package 'arm_interfaces' build argument 'cmake_force_configure' from command line to 'False'
[0.167s] Level 5:colcon.colcon_core.verb:set package 'arm_interfaces' build argument 'ament_cmake_args' from command line to 'None'
[0.167s] Level 5:colcon.colcon_core.verb:set package 'arm_interfaces' build argument 'catkin_cmake_args' from command line to 'None'
[0.167s] Level 5:colcon.colcon_core.verb:set package 'arm_interfaces' build argument 'catkin_skip_building_tests' from command line to 'False'
[0.167s] DEBUG:colcon.colcon_core.verb:Building package 'arm_interfaces' with the following arguments: {'ament_cmake_args': None, 'build_base': '/home/erik/armnode_ws/src/arm_interfaces/build/arm_interfaces', 'catkin_cmake_args': None, 'catkin_skip_building_tests': False, 'cmake_args': None, 'cmake_clean_cache': False, 'cmake_clean_first': False, 'cmake_force_configure': False, 'cmake_target': None, 'cmake_target_skip_unavailable': False, 'install_base': '/home/erik/armnode_ws/src/arm_interfaces/install/arm_interfaces', 'merge_install': False, 'path': '/home/erik/armnode_ws/src/arm_interfaces', 'symlink_install': False, 'test_result_base': None}
[0.168s] INFO:colcon.colcon_core.executor:Executing jobs using 'parallel' executor
[0.171s] DEBUG:colcon.colcon_parallel_executor.executor.parallel:run_until_complete
[0.171s] INFO:colcon.colcon_ros.task.ament_cmake.build:Building ROS package in '/home/erik/armnode_ws/src/arm_interfaces' with build type 'ament_cmake'
[0.171s] INFO:colcon.colcon_cmake.task.cmake.build:Building CMake package in '/home/erik/armnode_ws/src/arm_interfaces'
[0.173s] INFO:colcon.colcon_core.plugin_system:Skipping extension 'colcon_core.shell.bat': Not used on non-Windows systems
[0.173s] INFO:colcon.colcon_core.shell:Skip shell extension 'powershell' for command environment: Not usable outside of PowerShell
[0.173s] DEBUG:colcon.colcon_core.shell:Skip shell extension 'dsv' for command environment
[0.175s] DEBUG:colcon.colcon_core.shell:Ignoring prefix path '/opt/ros/noetic'
[0.182s] DEBUG:colcon.colcon_core.event_handler.log_command:Invoking command in '/home/erik/armnode_ws/src/arm_interfaces/build/arm_interfaces': CMAKE_PREFIX_PATH=/opt/ros/foxy:${CMAKE_PREFIX_PATH} /usr/bin/cmake --build /home/erik/armnode_ws/src/arm_interfaces/build/arm_interfaces -- -j8 -l8
[3.548s] DEBUG:colcon.colcon_core.event_handler.log_command:Invoked command in '/home/erik/armnode_ws/src/arm_interfaces/build/arm_interfaces' returned '0': CMAKE_PREFIX_PATH=/opt/ros/foxy:${CMAKE_PREFIX_PATH} /usr/bin/cmake --build /home/erik/armnode_ws/src/arm_interfaces/build/arm_interfaces -- -j8 -l8
[3.599s] DEBUG:colcon.colcon_core.event_handler.log_command:Invoking command in '/home/erik/armnode_ws/src/arm_interfaces/build/arm_interfaces': CMAKE_PREFIX_PATH=/opt/ros/foxy:${CMAKE_PREFIX_PATH} /usr/bin/cmake --install /home/erik/armnode_ws/src/arm_interfaces/build/arm_interfaces
[3.644s] Level 1:colcon.colcon_core.environment:create_environment_scripts_only(arm_interfaces)
[3.645s] DEBUG:colcon.colcon_core.event_handler.log_command:Invoked command in '/home/erik/armnode_ws/src/arm_interfaces/build/arm_interfaces' returned '0': CMAKE_PREFIX_PATH=/opt/ros/foxy:${CMAKE_PREFIX_PATH} /usr/bin/cmake --install /home/erik/armnode_ws/src/arm_interfaces/build/arm_interfaces
[3.650s] Level 1:colcon.colcon_core.environment:checking '/home/erik/armnode_ws/src/arm_interfaces/install/arm_interfaces' for CMake module files
[3.650s] Level 1:colcon.colcon_core.environment:checking '/home/erik/armnode_ws/src/arm_interfaces/install/arm_interfaces' for CMake config files
[3.651s] Level 1:colcon.colcon_core.shell:create_environment_hook('arm_interfaces', 'cmake_prefix_path')
[3.652s] INFO:colcon.colcon_core.shell:Creating environment hook '/home/erik/armnode_ws/src/arm_interfaces/install/arm_interfaces/share/arm_interfaces/hook/cmake_prefix_path.ps1'
[3.653s] INFO:colcon.colcon_core.shell:Creating environment descriptor '/home/erik/armnode_ws/src/arm_interfaces/install/arm_interfaces/share/arm_interfaces/hook/cmake_prefix_path.dsv'
[3.653s] INFO:colcon.colcon_core.shell:Creating environment hook '/home/erik/armnode_ws/src/arm_interfaces/install/arm_interfaces/share/arm_interfaces/hook/cmake_prefix_path.sh'
[3.654s] Level 1:colcon.colcon_core.environment:checking '/home/erik/armnode_ws/src/arm_interfaces/install/arm_interfaces/lib'
[3.654s] Level 1:colcon.colcon_core.shell:create_environment_hook('arm_interfaces', 'ld_library_path_lib')
[3.656s] INFO:colcon.colcon_core.shell:Creating environment hook '/home/erik/armnode_ws/src/arm_interfaces/install/arm_interfaces/share/arm_interfaces/hook/ld_library_path_lib.ps1'
[3.656s] INFO:colcon.colcon_core.shell:Creating environment descriptor '/home/erik/armnode_ws/src/arm_interfaces/install/arm_interfaces/share/arm_interfaces/hook/ld_library_path_lib.dsv'
[3.657s] INFO:colcon.colcon_core.shell:Creating environment hook '/home/erik/armnode_ws/src/arm_interfaces/install/arm_interfaces/share/arm_interfaces/hook/ld_library_path_lib.sh'
[3.657s] Level 1:colcon.colcon_core.environment:checking '/home/erik/armnode_ws/src/arm_interfaces/install/arm_interfaces/bin'
[3.657s] Level 1:colcon.colcon_core.environment:checking '/home/erik/armnode_ws/src/arm_interfaces/install/arm_interfaces/lib/pkgconfig/arm_interfaces.pc'
[3.657s] Level 1:colcon.colcon_core.environment:checking '/home/erik/armnode_ws/src/arm_interfaces/install/arm_interfaces/lib/python3.8/site-packages'
[3.657s] Level 1:colcon.colcon_core.shell:create_environment_hook('arm_interfaces', 'pythonpath')
[3.659s] INFO:colcon.colcon_core.shell:Creating environment hook '/home/erik/armnode_ws/src/arm_interfaces/install/arm_interfaces/share/arm_interfaces/hook/pythonpath.ps1'
[3.659s] INFO:colcon.colcon_core.shell:Creating environment descriptor '/home/erik/armnode_ws/src/arm_interfaces/install/arm_interfaces/share/arm_interfaces/hook/pythonpath.dsv'
[3.660s] INFO:colcon.colcon_core.shell:Creating environment hook '/home/erik/armnode_ws/src/arm_interfaces/install/arm_interfaces/share/arm_interfaces/hook/pythonpath.sh'
[3.660s] Level 1:colcon.colcon_core.environment:checking '/home/erik/armnode_ws/src/arm_interfaces/install/arm_interfaces/bin'
[3.662s] INFO:colcon.colcon_core.shell:Creating package script '/home/erik/armnode_ws/src/arm_interfaces/install/arm_interfaces/share/arm_interfaces/package.ps1'
[3.663s] INFO:colcon.colcon_core.shell:Creating package descriptor '/home/erik/armnode_ws/src/arm_interfaces/install/arm_interfaces/share/arm_interfaces/package.dsv'
[3.663s] INFO:colcon.colcon_core.shell:Creating package script '/home/erik/armnode_ws/src/arm_interfaces/install/arm_interfaces/share/arm_interfaces/package.sh'
[3.664s] INFO:colcon.colcon_core.shell:Creating package script '/home/erik/armnode_ws/src/arm_interfaces/install/arm_interfaces/share/arm_interfaces/package.bash'
[3.665s] INFO:colcon.colcon_core.shell:Creating package script '/home/erik/armnode_ws/src/arm_interfaces/install/arm_interfaces/share/arm_interfaces/package.zsh'
[3.665s] Level 1:colcon.colcon_core.environment:create_file_with_runtime_dependencies(/home/erik/armnode_ws/src/arm_interfaces/install/arm_interfaces/share/colcon-core/packages/arm_interfaces)
[3.708s] Level 1:colcon.colcon_core.environment:create_environment_scripts_only(arm_interfaces)
[3.710s] Level 1:colcon.colcon_core.environment:checking '/home/erik/armnode_ws/src/arm_interfaces/install/arm_interfaces' for CMake module files
[3.710s] Level 1:colcon.colcon_core.environment:checking '/home/erik/armnode_ws/src/arm_interfaces/install/arm_interfaces' for CMake config files
[3.710s] Level 1:colcon.colcon_core.shell:create_environment_hook('arm_interfaces', 'cmake_prefix_path')
[3.711s] INFO:colcon.colcon_core.shell:Creating environment hook '/home/erik/armnode_ws/src/arm_interfaces/install/arm_interfaces/share/arm_interfaces/hook/cmake_prefix_path.ps1'
[3.712s] INFO:colcon.colcon_core.shell:Creating environment descriptor '/home/erik/armnode_ws/src/arm_interfaces/install/arm_interfaces/share/arm_interfaces/hook/cmake_prefix_path.dsv'
[3.712s] INFO:colcon.colcon_core.shell:Creating environment hook '/home/erik/armnode_ws/src/arm_interfaces/install/arm_interfaces/share/arm_interfaces/hook/cmake_prefix_path.sh'
[3.713s] Level 1:colcon.colcon_core.environment:checking '/home/erik/armnode_ws/src/arm_interfaces/install/arm_interfaces/lib'
[3.713s] Level 1:colcon.colcon_core.shell:create_environment_hook('arm_interfaces', 'ld_library_path_lib')
[3.714s] INFO:colcon.colcon_core.shell:Creating environment hook '/home/erik/armnode_ws/src/arm_interfaces/install/arm_interfaces/share/arm_interfaces/hook/ld_library_path_lib.ps1'
[3.714s] INFO:colcon.colcon_core.shell:Creating environment descriptor '/home/erik/armnode_ws/src/arm_interfaces/install/arm_interfaces/share/arm_interfaces/hook/ld_library_path_lib.dsv'
[3.714s] INFO:colcon.colcon_core.shell:Creating environment hook '/home/erik/armnode_ws/src/arm_interfaces/install/arm_interfaces/share/arm_interfaces/hook/ld_library_path_lib.sh'
[3.714s] Level 1:colcon.colcon_core.environment:checking '/home/erik/armnode_ws/src/arm_interfaces/install/arm_interfaces/bin'
[3.714s] Level 1:colcon.colcon_core.environment:checking '/home/erik/armnode_ws/src/arm_interfaces/install/arm_interfaces/lib/pkgconfig/arm_interfaces.pc'
[3.714s] Level 1:colcon.colcon_core.environment:checking '/home/erik/armnode_ws/src/arm_interfaces/install/arm_interfaces/lib/python3.8/site-packages'
[3.714s] Level 1:colcon.colcon_core.shell:create_environment_hook('arm_interfaces', 'pythonpath')
[3.715s] INFO:colcon.colcon_core.shell:Creating environment hook '/home/erik/armnode_ws/src/arm_interfaces/install/arm_interfaces/share/arm_interfaces/hook/pythonpath.ps1'
[3.716s] INFO:colcon.colcon_core.shell:Creating environment descriptor '/home/erik/armnode_ws/src/arm_interfaces/install/arm_interfaces/share/arm_interfaces/hook/pythonpath.dsv'
[3.716s] INFO:colcon.colcon_core.shell:Creating environment hook '/home/erik/armnode_ws/src/arm_interfaces/install/arm_interfaces/share/arm_interfaces/hook/pythonpath.sh'
[3.716s] Level 1:colcon.colcon_core.environment:checking '/home/erik/armnode_ws/src/arm_interfaces/install/arm_interfaces/bin'
[3.717s] INFO:colcon.colcon_core.shell:Creating package script '/home/erik/armnode_ws/src/arm_interfaces/install/arm_interfaces/share/arm_interfaces/package.ps1'
[3.718s] INFO:colcon.colcon_core.shell:Creating package descriptor '/home/erik/armnode_ws/src/arm_interfaces/install/arm_interfaces/share/arm_interfaces/package.dsv'
[3.718s] INFO:colcon.colcon_core.shell:Creating package script '/home/erik/armnode_ws/src/arm_interfaces/install/arm_interfaces/share/arm_interfaces/package.sh'
[3.718s] INFO:colcon.colcon_core.shell:Creating package script '/home/erik/armnode_ws/src/arm_interfaces/install/arm_interfaces/share/arm_interfaces/package.bash'
[3.718s] INFO:colcon.colcon_core.shell:Creating package script '/home/erik/armnode_ws/src/arm_interfaces/install/arm_interfaces/share/arm_interfaces/package.zsh'
[3.719s] Level 1:colcon.colcon_core.environment:create_file_with_runtime_dependencies(/home/erik/armnode_ws/src/arm_interfaces/install/arm_interfaces/share/colcon-core/packages/arm_interfaces)
[3.719s] DEBUG:colcon.colcon_parallel_executor.executor.parallel:closing loop
[3.719s] DEBUG:colcon.colcon_parallel_executor.executor.parallel:loop closed
[3.719s] DEBUG:colcon.colcon_parallel_executor.executor.parallel:run_until_complete finished with '0'
[3.719s] DEBUG:colcon.colcon_core.event_reactor:joining thread
[3.725s] INFO:colcon.colcon_core.plugin_system:Skipping extension 'colcon_notification.desktop_notification.terminal_notifier': Not used on non-Darwin systems
[3.725s] INFO:colcon.colcon_core.plugin_system:Skipping extension 'colcon_notification.desktop_notification.win32': Not used on non-Windows systems
[3.725s] INFO:colcon.colcon_notification.desktop_notification:Sending desktop notification using 'notify2'
[3.736s] DEBUG:colcon.colcon_core.event_reactor:joined thread
[3.737s] INFO:colcon.colcon_core.shell:Creating prefix script '/home/erik/armnode_ws/src/arm_interfaces/install/local_setup.ps1'
[3.739s] INFO:colcon.colcon_core.shell:Creating prefix util module '/home/erik/armnode_ws/src/arm_interfaces/install/_local_setup_util_ps1.py'
[3.740s] INFO:colcon.colcon_core.shell:Creating prefix chain script '/home/erik/armnode_ws/src/arm_interfaces/install/setup.ps1'
[3.741s] INFO:colcon.colcon_core.shell:Creating prefix script '/home/erik/armnode_ws/src/arm_interfaces/install/local_setup.sh'
[3.742s] INFO:colcon.colcon_core.shell:Creating prefix util module '/home/erik/armnode_ws/src/arm_interfaces/install/_local_setup_util_sh.py'
[3.742s] INFO:colcon.colcon_core.shell:Creating prefix chain script '/home/erik/armnode_ws/src/arm_interfaces/install/setup.sh'
[3.743s] INFO:colcon.colcon_core.shell:Creating prefix script '/home/erik/armnode_ws/src/arm_interfaces/install/local_setup.bash'
[3.744s] INFO:colcon.colcon_core.shell:Creating prefix chain script '/home/erik/armnode_ws/src/arm_interfaces/install/setup.bash'
[3.745s] INFO:colcon.colcon_core.shell:Creating prefix script '/home/erik/armnode_ws/src/arm_interfaces/install/local_setup.zsh'
[3.745s] INFO:colcon.colcon_core.shell:Creating prefix chain script '/home/erik/armnode_ws/src/arm_interfaces/install/setup.zsh'
