[0.519s] Invoking command in '/home/erik/armnode_ws/src/arm_pkg': PYTHONPATH=/home/erik/armnode_ws/install/arm_pkg/lib/python3.8/site-packages:${PYTHONPATH} /usr/bin/python3 setup.py egg_info --egg-base ../../build/arm_pkg build --build-base /home/erik/armnode_ws/build/arm_pkg/build install --prefix /home/erik/armnode_ws/install/arm_pkg --record /home/erik/armnode_ws/build/arm_pkg/install.log --single-version-externally-managed
[0.673s] running egg_info
[0.674s] writing ../../build/arm_pkg/arm_pkg.egg-info/PKG-INFO
[0.674s] writing dependency_links to ../../build/arm_pkg/arm_pkg.egg-info/dependency_links.txt
[0.674s] writing entry points to ../../build/arm_pkg/arm_pkg.egg-info/entry_points.txt
[0.674s] writing requirements to ../../build/arm_pkg/arm_pkg.egg-info/requires.txt
[0.674s] writing top-level names to ../../build/arm_pkg/arm_pkg.egg-info/top_level.txt
[0.695s] reading manifest file '../../build/arm_pkg/arm_pkg.egg-info/SOURCES.txt'
[0.696s] writing manifest file '../../build/arm_pkg/arm_pkg.egg-info/SOURCES.txt'
[0.696s] running build
[0.696s] running build_py
[0.696s] copying arm_pkg/arm_node.py -> /home/erik/armnode_ws/build/arm_pkg/build/lib/arm_pkg
[0.696s] running install
[0.697s] running install_lib
[0.698s] copying /home/erik/armnode_ws/build/arm_pkg/build/lib/arm_pkg/arm_node.py -> /home/erik/armnode_ws/install/arm_pkg/lib/python3.8/site-packages/arm_pkg
[0.698s] byte-compiling /home/erik/armnode_ws/install/arm_pkg/lib/python3.8/site-packages/arm_pkg/arm_node.py to arm_node.cpython-38.pyc
[0.701s] running install_data
[0.701s] copying launch/arm.launch.py -> /home/erik/armnode_ws/install/arm_pkg/share/arm_pkg/launch
[0.701s] running install_egg_info
[0.702s] removing '/home/erik/armnode_ws/install/arm_pkg/lib/python3.8/site-packages/arm_pkg-0.0.0-py3.8.egg-info' (and everything under it)
[0.702s] Copying ../../build/arm_pkg/arm_pkg.egg-info to /home/erik/armnode_ws/install/arm_pkg/lib/python3.8/site-packages/arm_pkg-0.0.0-py3.8.egg-info
[0.703s] running install_scripts
[0.714s] Installing arm_node script to /home/erik/armnode_ws/install/arm_pkg/lib/arm_pkg
[0.714s] writing list of installed files to '/home/erik/armnode_ws/build/arm_pkg/install.log'
[0.730s] Invoked command in '/home/erik/armnode_ws/src/arm_pkg' returned '0': PYTHONPATH=/home/erik/armnode_ws/install/arm_pkg/lib/python3.8/site-packages:${PYTHONPATH} /usr/bin/python3 setup.py egg_info --egg-base ../../build/arm_pkg build --build-base /home/erik/armnode_ws/build/arm_pkg/build install --prefix /home/erik/armnode_ws/install/arm_pkg --record /home/erik/armnode_ws/build/arm_pkg/install.log --single-version-externally-managed
