[0.010s] Invoking command in '/home/erik/armnode_ws/src/arm_interfaces/build/arm_interfaces': CMAKE_PREFIX_PATH=/opt/ros/foxy:${CMAKE_PREFIX_PATH} /usr/bin/cmake /home/erik/armnode_ws/src/arm_interfaces -DCMAKE_INSTALL_PREFIX=/home/erik/armnode_ws/src/arm_interfaces/install/arm_interfaces
[0.111s] -- The C compiler identification is GNU 9.4.0
[0.172s] -- The CXX compiler identification is GNU 9.4.0
[0.178s] -- Check for working C compiler: /usr/bin/cc
[0.232s] -- Check for working C compiler: /usr/bin/cc -- works
[0.234s] -- Detecting C compiler ABI info
[0.288s] -- Detecting C compiler ABI info - done
[0.299s] -- Detecting C compile features
[0.299s] -- Detecting C compile features - done
[0.301s] -- Check for working CXX compiler: /usr/bin/c++
[0.362s] -- Check for working CXX compiler: /usr/bin/c++ -- works
[0.364s] -- Detecting CXX compiler ABI info
[0.437s] -- Detecting CXX compiler ABI info - done
[0.448s] -- Detecting CXX compile features
[0.448s] -- Detecting CXX compile features - done
[0.453s] -- Found ament_cmake: 0.9.9 (/opt/ros/foxy/share/ament_cmake/cmake)
[0.477s] -- Found PythonInterp: /usr/bin/python3 (found suitable version "3.8.10", minimum required is "3") 
[0.477s] -- Using PYTHON_EXECUTABLE: /usr/bin/python3
[0.712s] -- Found rosidl_default_generators: 1.0.1 (/opt/ros/foxy/share/rosidl_default_generators/cmake)
[0.715s] -- Using all available rosidl_typesupport_c: rosidl_typesupport_fastrtps_c;rosidl_typesupport_introspection_c
[0.722s] -- Found rosidl_adapter: 1.2.1 (/opt/ros/foxy/share/rosidl_adapter/cmake)
[0.817s] -- Found OpenSSL: /usr/lib/x86_64-linux-gnu/libcrypto.so (found version "1.1.1f")  
[0.844s] -- Found FastRTPS: /opt/ros/foxy/include  
[0.924s] -- Using all available rosidl_typesupport_cpp: rosidl_typesupport_fastrtps_cpp;rosidl_typesupport_introspection_cpp
[0.973s] -- Found PythonInterp: /usr/bin/python3 (found version "3.8.10") 
[1.083s] CMake Error at /opt/ros/foxy/share/ament_cmake_core/cmake/core/ament_package_xml.cmake:53 (message):
[1.083s]   ament_package_xml() package name 'arm_interfaces' in '/package.xml' does
[1.083s]   not match current PROJECT_NAME 'my_robot_interfaces'.  You must call
[1.083s]   project() with the same package name before.
[1.083s] Call Stack (most recent call first):
[1.083s]   /opt/ros/foxy/share/rosidl_cmake/cmake/rosidl_generate_interfaces.cmake:226 (ament_package_xml)
[1.083s]   CMakeLists.txt:16 (rosidl_generate_interfaces)
[1.083s] 
[1.084s] 
[1.084s] -- Configuring incomplete, errors occurred!
[1.084s] See also "/home/erik/armnode_ws/src/arm_interfaces/build/arm_interfaces/CMakeFiles/CMakeOutput.log".
[1.091s] Invoked command in '/home/erik/armnode_ws/src/arm_interfaces/build/arm_interfaces' returned '1': CMAKE_PREFIX_PATH=/opt/ros/foxy:${CMAKE_PREFIX_PATH} /usr/bin/cmake /home/erik/armnode_ws/src/arm_interfaces -DCMAKE_INSTALL_PREFIX=/home/erik/armnode_ws/src/arm_interfaces/install/arm_interfaces
