running egg_info
creating ../../build/arm_pkg/arm_pkg.egg-info
writing ../../build/arm_pkg/arm_pkg.egg-info/PKG-INFO
writing dependency_links to ../../build/arm_pkg/arm_pkg.egg-info/dependency_links.txt
writing entry points to ../../build/arm_pkg/arm_pkg.egg-info/entry_points.txt
writing requirements to ../../build/arm_pkg/arm_pkg.egg-info/requires.txt
writing top-level names to ../../build/arm_pkg/arm_pkg.egg-info/top_level.txt
writing manifest file '../../build/arm_pkg/arm_pkg.egg-info/SOURCES.txt'
reading manifest file '../../build/arm_pkg/arm_pkg.egg-info/SOURCES.txt'
writing manifest file '../../build/arm_pkg/arm_pkg.egg-info/SOURCES.txt'
running build
running build_py
creating /home/erik/armnode_ws/build/arm_pkg/build
creating /home/erik/armnode_ws/build/arm_pkg/build/lib
creating /home/erik/armnode_ws/build/arm_pkg/build/lib/arm_pkg
copying arm_pkg/__init__.py -> /home/erik/armnode_ws/build/arm_pkg/build/lib/arm_pkg
running install
running install_lib
creating /home/erik/armnode_ws/install/arm_pkg/lib/python3.8/site-packages/arm_pkg
copying /home/erik/armnode_ws/build/arm_pkg/build/lib/arm_pkg/__init__.py -> /home/erik/armnode_ws/install/arm_pkg/lib/python3.8/site-packages/arm_pkg
byte-compiling /home/erik/armnode_ws/install/arm_pkg/lib/python3.8/site-packages/arm_pkg/__init__.py to __init__.cpython-38.pyc
running install_data
creating /home/erik/armnode_ws/install/arm_pkg/share/ament_index
creating /home/erik/armnode_ws/install/arm_pkg/share/ament_index/resource_index
creating /home/erik/armnode_ws/install/arm_pkg/share/ament_index/resource_index/packages
copying resource/arm_pkg -> /home/erik/armnode_ws/install/arm_pkg/share/ament_index/resource_index/packages
copying package.xml -> /home/erik/armnode_ws/install/arm_pkg/share/arm_pkg
running install_egg_info
Copying ../../build/arm_pkg/arm_pkg.egg-info to /home/erik/armnode_ws/install/arm_pkg/lib/python3.8/site-packages/arm_pkg-0.0.0-py3.8.egg-info
running install_scripts
writing list of installed files to '/home/erik/armnode_ws/build/arm_pkg/install.log'
