[0.430s] Invoking command in '/home/erik/armnode_ws/src/arm_pkg': PYTHONPATH=/home/erik/armnode_ws/install/arm_pkg/lib/python3.8/site-packages:${PYTHONPATH} /usr/bin/python3 setup.py egg_info --egg-base ../../build/arm_pkg build --build-base /home/erik/armnode_ws/build/arm_pkg/build install --prefix /home/erik/armnode_ws/install/arm_pkg --record /home/erik/armnode_ws/build/arm_pkg/install.log --single-version-externally-managed
[0.580s] running egg_info
[0.581s] creating ../../build/arm_pkg/arm_pkg.egg-info
[0.581s] writing ../../build/arm_pkg/arm_pkg.egg-info/PKG-INFO
[0.581s] writing dependency_links to ../../build/arm_pkg/arm_pkg.egg-info/dependency_links.txt
[0.581s] writing entry points to ../../build/arm_pkg/arm_pkg.egg-info/entry_points.txt
[0.581s] writing requirements to ../../build/arm_pkg/arm_pkg.egg-info/requires.txt
[0.581s] writing top-level names to ../../build/arm_pkg/arm_pkg.egg-info/top_level.txt
[0.582s] writing manifest file '../../build/arm_pkg/arm_pkg.egg-info/SOURCES.txt'
[0.605s] reading manifest file '../../build/arm_pkg/arm_pkg.egg-info/SOURCES.txt'
[0.605s] writing manifest file '../../build/arm_pkg/arm_pkg.egg-info/SOURCES.txt'
[0.605s] running build
[0.606s] running build_py
[0.606s] creating /home/erik/armnode_ws/build/arm_pkg/build
[0.606s] creating /home/erik/armnode_ws/build/arm_pkg/build/lib
[0.606s] creating /home/erik/armnode_ws/build/arm_pkg/build/lib/arm_pkg
[0.606s] copying arm_pkg/__init__.py -> /home/erik/armnode_ws/build/arm_pkg/build/lib/arm_pkg
[0.606s] running install
[0.606s] running install_lib
[0.607s] creating /home/erik/armnode_ws/install/arm_pkg/lib/python3.8/site-packages/arm_pkg
[0.607s] copying /home/erik/armnode_ws/build/arm_pkg/build/lib/arm_pkg/__init__.py -> /home/erik/armnode_ws/install/arm_pkg/lib/python3.8/site-packages/arm_pkg
[0.607s] byte-compiling /home/erik/armnode_ws/install/arm_pkg/lib/python3.8/site-packages/arm_pkg/__init__.py to __init__.cpython-38.pyc
[0.608s] running install_data
[0.608s] creating /home/erik/armnode_ws/install/arm_pkg/share/ament_index
[0.608s] creating /home/erik/armnode_ws/install/arm_pkg/share/ament_index/resource_index
[0.608s] creating /home/erik/armnode_ws/install/arm_pkg/share/ament_index/resource_index/packages
[0.608s] copying resource/arm_pkg -> /home/erik/armnode_ws/install/arm_pkg/share/ament_index/resource_index/packages
[0.608s] copying package.xml -> /home/erik/armnode_ws/install/arm_pkg/share/arm_pkg
[0.608s] running install_egg_info
[0.610s] Copying ../../build/arm_pkg/arm_pkg.egg-info to /home/erik/armnode_ws/install/arm_pkg/lib/python3.8/site-packages/arm_pkg-0.0.0-py3.8.egg-info
[0.610s] running install_scripts
[0.622s] writing list of installed files to '/home/erik/armnode_ws/build/arm_pkg/install.log'
[0.636s] Invoked command in '/home/erik/armnode_ws/src/arm_pkg' returned '0': PYTHONPATH=/home/erik/armnode_ws/install/arm_pkg/lib/python3.8/site-packages:${PYTHONPATH} /usr/bin/python3 setup.py egg_info --egg-base ../../build/arm_pkg build --build-base /home/erik/armnode_ws/build/arm_pkg/build install --prefix /home/erik/armnode_ws/install/arm_pkg --record /home/erik/armnode_ws/build/arm_pkg/install.log --single-version-externally-managed
