[0.009s] Invoking command in '/home/erik/armnode_ws/src/arm_interfaces/build/arm_interfaces': CMAKE_PREFIX_PATH=/opt/ros/foxy:${CMAKE_PREFIX_PATH} /usr/bin/cmake /home/erik/armnode_ws/src/arm_interfaces -DCMAKE_INSTALL_PREFIX=/home/erik/armnode_ws/src/arm_interfaces/install/arm_interfaces
[0.018s] -- Found ament_cmake: 0.9.9 (/opt/ros/foxy/share/ament_cmake/cmake)
[0.032s] -- Found PythonInterp: /usr/bin/python3 (found suitable version "3.8.10", minimum required is "3") 
[0.032s] -- Using PYTHON_EXECUTABLE: /usr/bin/python3
[0.152s] -- Found rosidl_default_generators: 1.0.1 (/opt/ros/foxy/share/rosidl_default_generators/cmake)
[0.153s] -- Using all available rosidl_typesupport_c: rosidl_typesupport_fastrtps_c;rosidl_typesupport_introspection_c
[0.155s] -- Found rosidl_adapter: 1.2.1 (/opt/ros/foxy/share/rosidl_adapter/cmake)
[0.237s] -- Using all available rosidl_typesupport_cpp: rosidl_typesupport_fastrtps_cpp;rosidl_typesupport_introspection_cpp
[0.263s] -- Found PythonInterp: /usr/bin/python3 (found version "3.8.10") 
[0.334s] -- Found ament_cmake_ros: 0.9.2 (/opt/ros/foxy/share/ament_cmake_ros/cmake)
[0.414s] -- Using all available rosidl_typesupport_c: rosidl_typesupport_fastrtps_c;rosidl_typesupport_introspection_c
[0.420s] -- Using all available rosidl_typesupport_cpp: rosidl_typesupport_fastrtps_cpp;rosidl_typesupport_introspection_cpp
[0.438s] -- Found PythonInterp: /usr/bin/python3 (found suitable version "3.8.10", minimum required is "3.5") 
[0.440s] -- Found python_cmake_module: 0.8.1 (/opt/ros/foxy/share/python_cmake_module/cmake)
[0.461s] -- Found PythonLibs: /usr/lib/x86_64-linux-gnu/libpython3.8.so (found suitable version "3.8.10", minimum required is "3.5") 
[0.462s] -- Using PYTHON_EXECUTABLE: /usr/bin/python3
[0.462s] -- Using PYTHON_INCLUDE_DIRS: /usr/include/python3.8
[0.462s] -- Using PYTHON_LIBRARIES: /usr/lib/x86_64-linux-gnu/libpython3.8.so
[0.478s] -- Found PythonExtra: .so  
[0.533s] -- Configuring done
[0.571s] -- Generating done
[0.574s] -- Build files have been written to: /home/erik/armnode_ws/src/arm_interfaces/build/arm_interfaces
[0.581s] Invoked command in '/home/erik/armnode_ws/src/arm_interfaces/build/arm_interfaces' returned '0': CMAKE_PREFIX_PATH=/opt/ros/foxy:${CMAKE_PREFIX_PATH} /usr/bin/cmake /home/erik/armnode_ws/src/arm_interfaces -DCMAKE_INSTALL_PREFIX=/home/erik/armnode_ws/src/arm_interfaces/install/arm_interfaces
[0.583s] Invoking command in '/home/erik/armnode_ws/src/arm_interfaces/build/arm_interfaces': CMAKE_PREFIX_PATH=/opt/ros/foxy:${CMAKE_PREFIX_PATH} /usr/bin/cmake --build /home/erik/armnode_ws/src/arm_interfaces/build/arm_interfaces -- -j8 -l8
[0.620s] [35m[1mScanning dependencies of target arm_interfaces__cpp[0m
[0.623s] [  3%] [34m[1mGenerating C code for ROS interfaces[0m
[0.633s] [  6%] [34m[1mGenerating C++ code for ROS interfaces[0m
[0.961s] [  6%] Built target arm_interfaces__cpp
[0.974s] [  9%] [34m[1mGenerating C++ type support dispatch for ROS interfaces[0m
[0.974s] [ 12%] [34m[1mGenerating C++ introspection for ROS interfaces[0m
[0.977s] [ 16%] [34m[1mGenerating C++ type support for eProsima Fast-RTPS[0m
[0.981s] [35m[1mScanning dependencies of target arm_interfaces__rosidl_generator_c[0m
[0.995s] [ 19%] [32mBuilding C object CMakeFiles/arm_interfaces__rosidl_generator_c.dir/rosidl_generator_c/arm_interfaces/msg/detail/arm_voltages__functions.c.o[0m
[1.054s] [ 22%] [32m[1mLinking C shared library libarm_interfaces__rosidl_generator_c.so[0m
[1.103s] [ 22%] Built target arm_interfaces__rosidl_generator_c
[1.119s] [ 25%] [34m[1mGenerating C introspection for ROS interfaces[0m
[1.120s] [ 29%] [34m[1mGenerating C type support dispatch for ROS interfaces[0m
[1.254s] [35m[1mScanning dependencies of target arm_interfaces__rosidl_typesupport_fastrtps_cpp[0m
[1.258s] [35m[1mScanning dependencies of target arm_interfaces__rosidl_typesupport_cpp[0m
[1.275s] [ 32%] [32mBuilding CXX object CMakeFiles/arm_interfaces__rosidl_typesupport_cpp.dir/rosidl_typesupport_cpp/arm_interfaces/msg/arm_voltages__type_support.cpp.o[0m
[1.277s] [ 35%] [32mBuilding CXX object CMakeFiles/arm_interfaces__rosidl_typesupport_fastrtps_cpp.dir/rosidl_typesupport_fastrtps_cpp/arm_interfaces/msg/detail/dds_fastrtps/arm_voltages__type_support.cpp.o[0m
[1.327s] [35m[1mScanning dependencies of target arm_interfaces__rosidl_typesupport_introspection_cpp[0m
[1.343s] [ 38%] [32mBuilding CXX object CMakeFiles/arm_interfaces__rosidl_typesupport_introspection_cpp.dir/rosidl_typesupport_introspection_cpp/arm_interfaces/msg/detail/arm_voltages__type_support.cpp.o[0m
[1.426s] [35m[1mScanning dependencies of target arm_interfaces__rosidl_typesupport_c[0m
[1.438s] [ 41%] [32mBuilding CXX object CMakeFiles/arm_interfaces__rosidl_typesupport_c.dir/rosidl_typesupport_c/arm_interfaces/msg/arm_voltages__type_support.cpp.o[0m
[1.476s] [ 45%] [32m[1mLinking CXX shared library libarm_interfaces__rosidl_typesupport_c.so[0m
[1.481s] [35m[1mScanning dependencies of target arm_interfaces__rosidl_typesupport_introspection_c[0m
[1.500s] [ 48%] [32mBuilding C object CMakeFiles/arm_interfaces__rosidl_typesupport_introspection_c.dir/rosidl_typesupport_introspection_c/arm_interfaces/msg/detail/arm_voltages__type_support.c.o[0m
[1.535s] [ 48%] Built target arm_interfaces__rosidl_typesupport_c
[1.554s] [ 51%] [32m[1mLinking C shared library libarm_interfaces__rosidl_typesupport_introspection_c.so[0m
[1.596s] [ 51%] Built target arm_interfaces__rosidl_typesupport_introspection_c
[1.646s] [ 54%] [32m[1mLinking CXX shared library libarm_interfaces__rosidl_typesupport_cpp.so[0m
[1.685s] [ 54%] Built target arm_interfaces__rosidl_typesupport_cpp
[1.730s] [ 58%] [32m[1mLinking CXX shared library libarm_interfaces__rosidl_typesupport_introspection_cpp.so[0m
[1.765s] [ 58%] Built target arm_interfaces__rosidl_typesupport_introspection_cpp
[1.792s] [ 61%] [32m[1mLinking CXX shared library libarm_interfaces__rosidl_typesupport_fastrtps_cpp.so[0m
[1.867s] [ 61%] Built target arm_interfaces__rosidl_typesupport_fastrtps_cpp
[1.875s] [ 64%] [34m[1mGenerating C type support for eProsima Fast-RTPS[0m
[2.080s] [35m[1mScanning dependencies of target arm_interfaces__rosidl_typesupport_fastrtps_c[0m
[2.094s] [ 67%] [32mBuilding CXX object CMakeFiles/arm_interfaces__rosidl_typesupport_fastrtps_c.dir/rosidl_typesupport_fastrtps_c/arm_interfaces/msg/detail/arm_voltages__type_support_c.cpp.o[0m
[2.427s] [ 70%] [32m[1mLinking CXX shared library libarm_interfaces__rosidl_typesupport_fastrtps_c.so[0m
[2.508s] [ 70%] Built target arm_interfaces__rosidl_typesupport_fastrtps_c
[2.518s] [35m[1mScanning dependencies of target arm_interfaces[0m
[2.532s] [ 70%] Built target arm_interfaces
[2.545s] [35m[1mScanning dependencies of target arm_interfaces__py[0m
[2.558s] [ 74%] [34m[1mGenerating Python code for ROS interfaces[0m
[2.892s] [ 74%] Built target arm_interfaces__py
[2.899s] [35m[1mScanning dependencies of target arm_interfaces__python[0m
[2.922s] [ 77%] [32mBuilding C object CMakeFiles/arm_interfaces__python.dir/rosidl_generator_py/arm_interfaces/msg/_arm_voltages_s.c.o[0m
[2.992s] [ 80%] [32m[1mLinking C shared library rosidl_generator_py/arm_interfaces/libarm_interfaces__python.so[0m
[3.021s] [ 80%] Built target arm_interfaces__python
[3.029s] [35m[1mScanning dependencies of target arm_interfaces__rosidl_typesupport_introspection_c__pyext[0m
[3.030s] [35m[1mScanning dependencies of target arm_interfaces__rosidl_typesupport_c__pyext[0m
[3.030s] [35m[1mScanning dependencies of target arm_interfaces__rosidl_typesupport_fastrtps_c__pyext[0m
[3.048s] [ 83%] [32mBuilding C object CMakeFiles/arm_interfaces__rosidl_typesupport_fastrtps_c__pyext.dir/rosidl_generator_py/arm_interfaces/_arm_interfaces_s.ep.rosidl_typesupport_fastrtps_c.c.o[0m
[3.048s] [ 87%] [32mBuilding C object CMakeFiles/arm_interfaces__rosidl_typesupport_c__pyext.dir/rosidl_generator_py/arm_interfaces/_arm_interfaces_s.ep.rosidl_typesupport_c.c.o[0m
[3.048s] [ 90%] [32mBuilding C object CMakeFiles/arm_interfaces__rosidl_typesupport_introspection_c__pyext.dir/rosidl_generator_py/arm_interfaces/_arm_interfaces_s.ep.rosidl_typesupport_introspection_c.c.o[0m
[3.118s] [ 93%] [32m[1mLinking C shared library rosidl_generator_py/arm_interfaces/arm_interfaces_s__rosidl_typesupport_c.cpython-38-x86_64-linux-gnu.so[0m
[3.120s] [100%] [32m[1mLinking C shared library rosidl_generator_py/arm_interfaces/arm_interfaces_s__rosidl_typesupport_introspection_c.cpython-38-x86_64-linux-gnu.so[0m
[3.120s] [100%] [32m[1mLinking CXX shared library rosidl_generator_py/arm_interfaces/arm_interfaces_s__rosidl_typesupport_fastrtps_c.cpython-38-x86_64-linux-gnu.so[0m
[3.147s] [100%] Built target arm_interfaces__rosidl_typesupport_c__pyext
[3.148s] [100%] Built target arm_interfaces__rosidl_typesupport_introspection_c__pyext
[3.170s] [100%] Built target arm_interfaces__rosidl_typesupport_fastrtps_c__pyext
[3.178s] Invoked command in '/home/erik/armnode_ws/src/arm_interfaces/build/arm_interfaces' returned '0': CMAKE_PREFIX_PATH=/opt/ros/foxy:${CMAKE_PREFIX_PATH} /usr/bin/cmake --build /home/erik/armnode_ws/src/arm_interfaces/build/arm_interfaces -- -j8 -l8
[3.220s] Invoking command in '/home/erik/armnode_ws/src/arm_interfaces/build/arm_interfaces': CMAKE_PREFIX_PATH=/opt/ros/foxy:${CMAKE_PREFIX_PATH} /usr/bin/cmake --install /home/erik/armnode_ws/src/arm_interfaces/build/arm_interfaces
[3.226s] -- Install configuration: ""
[3.226s] -- Installing: /home/erik/armnode_ws/src/arm_interfaces/install/arm_interfaces/share/ament_index/resource_index/rosidl_interfaces/arm_interfaces
[3.226s] -- Installing: /home/erik/armnode_ws/src/arm_interfaces/install/arm_interfaces/include/arm_interfaces
[3.227s] -- Installing: /home/erik/armnode_ws/src/arm_interfaces/install/arm_interfaces/include/arm_interfaces/msg
[3.227s] -- Installing: /home/erik/armnode_ws/src/arm_interfaces/install/arm_interfaces/include/arm_interfaces/msg/detail
[3.227s] -- Installing: /home/erik/armnode_ws/src/arm_interfaces/install/arm_interfaces/include/arm_interfaces/msg/detail/arm_voltages__type_support.h
[3.227s] -- Installing: /home/erik/armnode_ws/src/arm_interfaces/install/arm_interfaces/include/arm_interfaces/msg/detail/arm_voltages__functions.h
[3.227s] -- Installing: /home/erik/armnode_ws/src/arm_interfaces/install/arm_interfaces/include/arm_interfaces/msg/detail/arm_voltages__functions.c
[3.227s] -- Installing: /home/erik/armnode_ws/src/arm_interfaces/install/arm_interfaces/include/arm_interfaces/msg/detail/arm_voltages__struct.h
[3.227s] -- Installing: /home/erik/armnode_ws/src/arm_interfaces/install/arm_interfaces/include/arm_interfaces/msg/arm_voltages.h
[3.227s] -- Installing: /home/erik/armnode_ws/src/arm_interfaces/install/arm_interfaces/include/arm_interfaces/msg/rosidl_generator_c__visibility_control.h
[3.227s] -- Installing: /home/erik/armnode_ws/src/arm_interfaces/install/arm_interfaces/share/arm_interfaces/environment/library_path.sh
[3.228s] -- Installing: /home/erik/armnode_ws/src/arm_interfaces/install/arm_interfaces/share/arm_interfaces/environment/library_path.dsv
[3.228s] -- Installing: /home/erik/armnode_ws/src/arm_interfaces/install/arm_interfaces/lib/libarm_interfaces__rosidl_generator_c.so
[3.228s] -- Set runtime path of "/home/erik/armnode_ws/src/arm_interfaces/install/arm_interfaces/lib/libarm_interfaces__rosidl_generator_c.so" to ""
[3.228s] -- Up-to-date: /home/erik/armnode_ws/src/arm_interfaces/install/arm_interfaces/include/arm_interfaces
[3.228s] -- Up-to-date: /home/erik/armnode_ws/src/arm_interfaces/install/arm_interfaces/include/arm_interfaces/msg
[3.228s] -- Up-to-date: /home/erik/armnode_ws/src/arm_interfaces/install/arm_interfaces/include/arm_interfaces/msg/detail
[3.228s] -- Installing: /home/erik/armnode_ws/src/arm_interfaces/install/arm_interfaces/include/arm_interfaces/msg/detail/arm_voltages__rosidl_typesupport_fastrtps_c.h
[3.229s] -- Installing: /home/erik/armnode_ws/src/arm_interfaces/install/arm_interfaces/include/arm_interfaces/msg/rosidl_typesupport_fastrtps_c__visibility_control.h
[3.229s] -- Installing: /home/erik/armnode_ws/src/arm_interfaces/install/arm_interfaces/lib/libarm_interfaces__rosidl_typesupport_fastrtps_c.so
[3.229s] -- Set runtime path of "/home/erik/armnode_ws/src/arm_interfaces/install/arm_interfaces/lib/libarm_interfaces__rosidl_typesupport_fastrtps_c.so" to ""
[3.229s] -- Up-to-date: /home/erik/armnode_ws/src/arm_interfaces/install/arm_interfaces/include/arm_interfaces
[3.229s] -- Up-to-date: /home/erik/armnode_ws/src/arm_interfaces/install/arm_interfaces/include/arm_interfaces/msg
[3.229s] -- Up-to-date: /home/erik/armnode_ws/src/arm_interfaces/install/arm_interfaces/include/arm_interfaces/msg/detail
[3.229s] -- Installing: /home/erik/armnode_ws/src/arm_interfaces/install/arm_interfaces/include/arm_interfaces/msg/detail/dds_fastrtps
[3.229s] -- Installing: /home/erik/armnode_ws/src/arm_interfaces/install/arm_interfaces/include/arm_interfaces/msg/detail/arm_voltages__rosidl_typesupport_fastrtps_cpp.hpp
[3.230s] -- Installing: /home/erik/armnode_ws/src/arm_interfaces/install/arm_interfaces/include/arm_interfaces/msg/rosidl_typesupport_fastrtps_cpp__visibility_control.h
[3.230s] -- Installing: /home/erik/armnode_ws/src/arm_interfaces/install/arm_interfaces/lib/libarm_interfaces__rosidl_typesupport_fastrtps_cpp.so
[3.230s] -- Set runtime path of "/home/erik/armnode_ws/src/arm_interfaces/install/arm_interfaces/lib/libarm_interfaces__rosidl_typesupport_fastrtps_cpp.so" to ""
[3.230s] -- Up-to-date: /home/erik/armnode_ws/src/arm_interfaces/install/arm_interfaces/include/arm_interfaces
[3.230s] -- Up-to-date: /home/erik/armnode_ws/src/arm_interfaces/install/arm_interfaces/include/arm_interfaces/msg
[3.230s] -- Up-to-date: /home/erik/armnode_ws/src/arm_interfaces/install/arm_interfaces/include/arm_interfaces/msg/detail
[3.230s] -- Installing: /home/erik/armnode_ws/src/arm_interfaces/install/arm_interfaces/include/arm_interfaces/msg/detail/arm_voltages__type_support.c
[3.230s] -- Installing: /home/erik/armnode_ws/src/arm_interfaces/install/arm_interfaces/include/arm_interfaces/msg/detail/arm_voltages__rosidl_typesupport_introspection_c.h
[3.230s] -- Installing: /home/erik/armnode_ws/src/arm_interfaces/install/arm_interfaces/include/arm_interfaces/msg/rosidl_typesupport_introspection_c__visibility_control.h
[3.230s] -- Installing: /home/erik/armnode_ws/src/arm_interfaces/install/arm_interfaces/lib/libarm_interfaces__rosidl_typesupport_introspection_c.so
[3.230s] -- Set runtime path of "/home/erik/armnode_ws/src/arm_interfaces/install/arm_interfaces/lib/libarm_interfaces__rosidl_typesupport_introspection_c.so" to ""
[3.231s] -- Installing: /home/erik/armnode_ws/src/arm_interfaces/install/arm_interfaces/lib/libarm_interfaces__rosidl_typesupport_c.so
[3.231s] -- Set runtime path of "/home/erik/armnode_ws/src/arm_interfaces/install/arm_interfaces/lib/libarm_interfaces__rosidl_typesupport_c.so" to ""
[3.231s] -- Up-to-date: /home/erik/armnode_ws/src/arm_interfaces/install/arm_interfaces/include/arm_interfaces
[3.231s] -- Up-to-date: /home/erik/armnode_ws/src/arm_interfaces/install/arm_interfaces/include/arm_interfaces/msg
[3.231s] -- Up-to-date: /home/erik/armnode_ws/src/arm_interfaces/install/arm_interfaces/include/arm_interfaces/msg/detail
[3.231s] -- Installing: /home/erik/armnode_ws/src/arm_interfaces/install/arm_interfaces/include/arm_interfaces/msg/detail/arm_voltages__struct.hpp
[3.231s] -- Installing: /home/erik/armnode_ws/src/arm_interfaces/install/arm_interfaces/include/arm_interfaces/msg/detail/arm_voltages__traits.hpp
[3.231s] -- Installing: /home/erik/armnode_ws/src/arm_interfaces/install/arm_interfaces/include/arm_interfaces/msg/detail/arm_voltages__builder.hpp
[3.231s] -- Installing: /home/erik/armnode_ws/src/arm_interfaces/install/arm_interfaces/include/arm_interfaces/msg/arm_voltages.hpp
[3.232s] -- Up-to-date: /home/erik/armnode_ws/src/arm_interfaces/install/arm_interfaces/include/arm_interfaces
[3.232s] -- Up-to-date: /home/erik/armnode_ws/src/arm_interfaces/install/arm_interfaces/include/arm_interfaces/msg
[3.232s] -- Up-to-date: /home/erik/armnode_ws/src/arm_interfaces/install/arm_interfaces/include/arm_interfaces/msg/detail
[3.232s] -- Installing: /home/erik/armnode_ws/src/arm_interfaces/install/arm_interfaces/include/arm_interfaces/msg/detail/arm_voltages__type_support.cpp
[3.232s] -- Installing: /home/erik/armnode_ws/src/arm_interfaces/install/arm_interfaces/include/arm_interfaces/msg/detail/arm_voltages__rosidl_typesupport_introspection_cpp.hpp
[3.232s] -- Installing: /home/erik/armnode_ws/src/arm_interfaces/install/arm_interfaces/lib/libarm_interfaces__rosidl_typesupport_introspection_cpp.so
[3.232s] -- Set runtime path of "/home/erik/armnode_ws/src/arm_interfaces/install/arm_interfaces/lib/libarm_interfaces__rosidl_typesupport_introspection_cpp.so" to ""
[3.232s] -- Installing: /home/erik/armnode_ws/src/arm_interfaces/install/arm_interfaces/lib/libarm_interfaces__rosidl_typesupport_cpp.so
[3.232s] -- Set runtime path of "/home/erik/armnode_ws/src/arm_interfaces/install/arm_interfaces/lib/libarm_interfaces__rosidl_typesupport_cpp.so" to ""
[3.232s] -- Installing: /home/erik/armnode_ws/src/arm_interfaces/install/arm_interfaces/share/arm_interfaces/environment/pythonpath.sh
[3.233s] -- Installing: /home/erik/armnode_ws/src/arm_interfaces/install/arm_interfaces/share/arm_interfaces/environment/pythonpath.dsv
[3.233s] -- Installing: /home/erik/armnode_ws/src/arm_interfaces/install/arm_interfaces/lib/python3.8/site-packages/arm_interfaces/__init__.py
[3.255s] Compiling '/home/erik/armnode_ws/src/arm_interfaces/install/arm_interfaces/lib/python3.8/site-packages/arm_interfaces/__init__.py'...
[3.257s] -- Installing: /home/erik/armnode_ws/src/arm_interfaces/install/arm_interfaces/lib/python3.8/site-packages/arm_interfaces/msg
[3.258s] -- Installing: /home/erik/armnode_ws/src/arm_interfaces/install/arm_interfaces/lib/python3.8/site-packages/arm_interfaces/msg/_arm_voltages.py
[3.258s] -- Installing: /home/erik/armnode_ws/src/arm_interfaces/install/arm_interfaces/lib/python3.8/site-packages/arm_interfaces/msg/__init__.py
[3.258s] -- Installing: /home/erik/armnode_ws/src/arm_interfaces/install/arm_interfaces/lib/python3.8/site-packages/arm_interfaces/msg/_arm_voltages_s.c
[3.258s] -- Installing: /home/erik/armnode_ws/src/arm_interfaces/install/arm_interfaces/lib/python3.8/site-packages/arm_interfaces/arm_interfaces_s__rosidl_typesupport_fastrtps_c.cpython-38-x86_64-linux-gnu.so
[3.258s] -- Set runtime path of "/home/erik/armnode_ws/src/arm_interfaces/install/arm_interfaces/lib/python3.8/site-packages/arm_interfaces/arm_interfaces_s__rosidl_typesupport_fastrtps_c.cpython-38-x86_64-linux-gnu.so" to ""
[3.258s] -- Installing: /home/erik/armnode_ws/src/arm_interfaces/install/arm_interfaces/lib/python3.8/site-packages/arm_interfaces/arm_interfaces_s__rosidl_typesupport_introspection_c.cpython-38-x86_64-linux-gnu.so
[3.259s] -- Set runtime path of "/home/erik/armnode_ws/src/arm_interfaces/install/arm_interfaces/lib/python3.8/site-packages/arm_interfaces/arm_interfaces_s__rosidl_typesupport_introspection_c.cpython-38-x86_64-linux-gnu.so" to ""
[3.259s] -- Installing: /home/erik/armnode_ws/src/arm_interfaces/install/arm_interfaces/lib/python3.8/site-packages/arm_interfaces/arm_interfaces_s__rosidl_typesupport_c.cpython-38-x86_64-linux-gnu.so
[3.259s] -- Set runtime path of "/home/erik/armnode_ws/src/arm_interfaces/install/arm_interfaces/lib/python3.8/site-packages/arm_interfaces/arm_interfaces_s__rosidl_typesupport_c.cpython-38-x86_64-linux-gnu.so" to ""
[3.259s] -- Installing: /home/erik/armnode_ws/src/arm_interfaces/install/arm_interfaces/lib/libarm_interfaces__python.so
[3.260s] -- Set runtime path of "/home/erik/armnode_ws/src/arm_interfaces/install/arm_interfaces/lib/libarm_interfaces__python.so" to ""
[3.260s] -- Installing: /home/erik/armnode_ws/src/arm_interfaces/install/arm_interfaces/share/arm_interfaces/msg/ArmVoltages.idl
[3.260s] -- Installing: /home/erik/armnode_ws/src/arm_interfaces/install/arm_interfaces/share/arm_interfaces/msg/ArmVoltages.msg
[3.260s] -- Installing: /home/erik/armnode_ws/src/arm_interfaces/install/arm_interfaces/share/ament_index/resource_index/package_run_dependencies/arm_interfaces
[3.260s] -- Installing: /home/erik/armnode_ws/src/arm_interfaces/install/arm_interfaces/share/ament_index/resource_index/parent_prefix_path/arm_interfaces
[3.260s] -- Installing: /home/erik/armnode_ws/src/arm_interfaces/install/arm_interfaces/share/arm_interfaces/environment/ament_prefix_path.sh
[3.260s] -- Installing: /home/erik/armnode_ws/src/arm_interfaces/install/arm_interfaces/share/arm_interfaces/environment/ament_prefix_path.dsv
[3.260s] -- Installing: /home/erik/armnode_ws/src/arm_interfaces/install/arm_interfaces/share/arm_interfaces/environment/path.sh
[3.260s] -- Installing: /home/erik/armnode_ws/src/arm_interfaces/install/arm_interfaces/share/arm_interfaces/environment/path.dsv
[3.261s] -- Installing: /home/erik/armnode_ws/src/arm_interfaces/install/arm_interfaces/share/arm_interfaces/local_setup.bash
[3.261s] -- Installing: /home/erik/armnode_ws/src/arm_interfaces/install/arm_interfaces/share/arm_interfaces/local_setup.sh
[3.261s] -- Installing: /home/erik/armnode_ws/src/arm_interfaces/install/arm_interfaces/share/arm_interfaces/local_setup.zsh
[3.261s] -- Installing: /home/erik/armnode_ws/src/arm_interfaces/install/arm_interfaces/share/arm_interfaces/local_setup.dsv
[3.261s] -- Installing: /home/erik/armnode_ws/src/arm_interfaces/install/arm_interfaces/share/arm_interfaces/package.dsv
[3.261s] -- Installing: /home/erik/armnode_ws/src/arm_interfaces/install/arm_interfaces/share/ament_index/resource_index/packages/arm_interfaces
[3.261s] -- Installing: /home/erik/armnode_ws/src/arm_interfaces/install/arm_interfaces/share/arm_interfaces/cmake/arm_interfaces__rosidl_generator_cExport.cmake
[3.261s] -- Installing: /home/erik/armnode_ws/src/arm_interfaces/install/arm_interfaces/share/arm_interfaces/cmake/arm_interfaces__rosidl_generator_cExport-noconfig.cmake
[3.261s] -- Installing: /home/erik/armnode_ws/src/arm_interfaces/install/arm_interfaces/share/arm_interfaces/cmake/arm_interfaces__rosidl_typesupport_introspection_cExport.cmake
[3.262s] -- Installing: /home/erik/armnode_ws/src/arm_interfaces/install/arm_interfaces/share/arm_interfaces/cmake/arm_interfaces__rosidl_typesupport_introspection_cExport-noconfig.cmake
[3.262s] -- Installing: /home/erik/armnode_ws/src/arm_interfaces/install/arm_interfaces/share/arm_interfaces/cmake/arm_interfaces__rosidl_typesupport_cExport.cmake
[3.262s] -- Installing: /home/erik/armnode_ws/src/arm_interfaces/install/arm_interfaces/share/arm_interfaces/cmake/arm_interfaces__rosidl_typesupport_cExport-noconfig.cmake
[3.262s] -- Installing: /home/erik/armnode_ws/src/arm_interfaces/install/arm_interfaces/share/arm_interfaces/cmake/arm_interfaces__rosidl_generator_cppExport.cmake
[3.262s] -- Installing: /home/erik/armnode_ws/src/arm_interfaces/install/arm_interfaces/share/arm_interfaces/cmake/arm_interfaces__rosidl_typesupport_introspection_cppExport.cmake
[3.262s] -- Installing: /home/erik/armnode_ws/src/arm_interfaces/install/arm_interfaces/share/arm_interfaces/cmake/arm_interfaces__rosidl_typesupport_introspection_cppExport-noconfig.cmake
[3.262s] -- Installing: /home/erik/armnode_ws/src/arm_interfaces/install/arm_interfaces/share/arm_interfaces/cmake/arm_interfaces__rosidl_typesupport_cppExport.cmake
[3.262s] -- Installing: /home/erik/armnode_ws/src/arm_interfaces/install/arm_interfaces/share/arm_interfaces/cmake/arm_interfaces__rosidl_typesupport_cppExport-noconfig.cmake
[3.262s] -- Installing: /home/erik/armnode_ws/src/arm_interfaces/install/arm_interfaces/share/arm_interfaces/cmake/rosidl_cmake-extras.cmake
[3.263s] -- Installing: /home/erik/armnode_ws/src/arm_interfaces/install/arm_interfaces/share/arm_interfaces/cmake/ament_cmake_export_dependencies-extras.cmake
[3.263s] -- Installing: /home/erik/armnode_ws/src/arm_interfaces/install/arm_interfaces/share/arm_interfaces/cmake/ament_cmake_export_libraries-extras.cmake
[3.263s] -- Installing: /home/erik/armnode_ws/src/arm_interfaces/install/arm_interfaces/share/arm_interfaces/cmake/ament_cmake_export_targets-extras.cmake
[3.263s] -- Installing: /home/erik/armnode_ws/src/arm_interfaces/install/arm_interfaces/share/arm_interfaces/cmake/ament_cmake_export_include_directories-extras.cmake
[3.263s] -- Installing: /home/erik/armnode_ws/src/arm_interfaces/install/arm_interfaces/share/arm_interfaces/cmake/rosidl_cmake_export_typesupport_libraries-extras.cmake
[3.263s] -- Installing: /home/erik/armnode_ws/src/arm_interfaces/install/arm_interfaces/share/arm_interfaces/cmake/rosidl_cmake_export_typesupport_targets-extras.cmake
[3.263s] -- Installing: /home/erik/armnode_ws/src/arm_interfaces/install/arm_interfaces/share/arm_interfaces/cmake/arm_interfacesConfig.cmake
[3.263s] -- Installing: /home/erik/armnode_ws/src/arm_interfaces/install/arm_interfaces/share/arm_interfaces/cmake/arm_interfacesConfig-version.cmake
[3.263s] -- Installing: /home/erik/armnode_ws/src/arm_interfaces/install/arm_interfaces/share/arm_interfaces/package.xml
[3.265s] Invoked command in '/home/erik/armnode_ws/src/arm_interfaces/build/arm_interfaces' returned '0': CMAKE_PREFIX_PATH=/opt/ros/foxy:${CMAKE_PREFIX_PATH} /usr/bin/cmake --install /home/erik/armnode_ws/src/arm_interfaces/build/arm_interfaces
